{"/home/lorenzo/Documents/42-matcha/Back-End/src/server.ts": {"path":"/home/lorenzo/Documents/42-matcha/Back-End/src/server.ts","statementMap":{"0":{"start":{"line":1,"column":0},"end":{"line":1,"column":41}},"1":{"start":{"line":2,"column":0},"end":{"line":2,"column":29}},"2":{"start":{"line":3,"column":0},"end":{"line":3,"column":35}},"3":{"start":{"line":4,"column":0},"end":{"line":4,"column":34}},"4":{"start":{"line":6,"column":0},"end":{"line":6,"column":59}},"5":{"start":{"line":7,"column":0},"end":{"line":7,"column":45}},"6":{"start":{"line":8,"column":0},"end":{"line":8,"column":45}},"7":{"start":{"line":9,"column":0},"end":{"line":9,"column":51}},"8":{"start":{"line":10,"column":0},"end":{"line":10,"column":61}},"9":{"start":{"line":11,"column":0},"end":{"line":11,"column":47}},"10":{"start":{"line":12,"column":0},"end":{"line":12,"column":45}},"11":{"start":{"line":13,"column":0},"end":{"line":13,"column":24}},"12":{"start":{"line":14,"column":0},"end":{"line":14,"column":48}},"13":{"start":{"line":15,"column":0},"end":{"line":15,"column":43}},"14":{"start":{"line":16,"column":0},"end":{"line":16,"column":28}},"15":{"start":{"line":17,"column":0},"end":{"line":17,"column":28}},"16":{"start":{"line":18,"column":0},"end":{"line":18,"column":41}},"17":{"start":{"line":19,"column":0},"end":{"line":19,"column":43}},"18":{"start":{"line":20,"column":0},"end":{"line":20,"column":34}},"19":{"start":{"line":22,"column":15},"end":{"line":30,"column":2}},"20":{"start":{"line":185,"column":14},"end":{"line":185,"column":20}},"21":{"start":{"line":32,"column":21},"end":{"line":32,"column":30}},"22":{"start":{"line":185,"column":9},"end":{"line":185,"column":12}},"23":{"start":{"line":34,"column":15},"end":{"line":34,"column":32}},"24":{"start":{"line":185,"column":22},"end":{"line":185,"column":28}},"25":{"start":{"line":43,"column":0},"end":{"line":43,"column":29}},"26":{"start":{"line":46,"column":0},"end":{"line":46,"column":24}},"27":{"start":{"line":47,"column":0},"end":{"line":47,"column":48}},"28":{"start":{"line":48,"column":0},"end":{"line":53,"column":2}},"29":{"start":{"line":54,"column":0},"end":{"line":54,"column":18}},"30":{"start":{"line":57,"column":22},"end":{"line":69,"column":2}},"31":{"start":{"line":65,"column":2},"end":{"line":68,"column":33}},"32":{"start":{"line":71,"column":20},"end":{"line":81,"column":2}},"33":{"start":{"line":84,"column":0},"end":{"line":84,"column":23}},"34":{"start":{"line":86,"column":0},"end":{"line":119,"column":1}},"35":{"start":{"line":87,"column":1},"end":{"line":116,"column":4}},"36":{"start":{"line":88,"column":2},"end":{"line":115,"column":3}},"37":{"start":{"line":89,"column":3},"end":{"line":89,"column":54}},"38":{"start":{"line":90,"column":3},"end":{"line":90,"column":19}},"39":{"start":{"line":92,"column":3},"end":{"line":92,"column":50}},"40":{"start":{"line":93,"column":3},"end":{"line":113,"column":6}},"41":{"start":{"line":94,"column":4},"end":{"line":112,"column":5}},"42":{"start":{"line":95,"column":5},"end":{"line":95,"column":55}},"43":{"start":{"line":97,"column":5},"end":{"line":97,"column":69}},"44":{"start":{"line":98,"column":5},"end":{"line":111,"column":6}},"45":{"start":{"line":99,"column":6},"end":{"line":99,"column":75}},"46":{"start":{"line":100,"column":6},"end":{"line":110,"column":28}},"47":{"start":{"line":100,"column":6},"end":{"line":100,"column":null}},"48":{"start":{"line":102,"column":8},"end":{"line":108,"column":12}},"49":{"start":{"line":104,"column":10},"end":{"line":104,"column":88}},"50":{"start":{"line":107,"column":10},"end":{"line":107,"column":56}},"51":{"start":{"line":114,"column":3},"end":{"line":114,"column":13}},"52":{"start":{"line":118,"column":1},"end":{"line":118,"column":86}},"53":{"start":{"line":122,"column":23},"end":{"line":147,"column":2}},"54":{"start":{"line":149,"column":20},"end":{"line":149,"column":48}},"55":{"start":{"line":152,"column":0},"end":{"line":152,"column":68}},"56":{"start":{"line":155,"column":0},"end":{"line":160,"column":3}},"57":{"start":{"line":156,"column":1},"end":{"line":159,"column":4}},"58":{"start":{"line":163,"column":0},"end":{"line":169,"column":3}},"59":{"start":{"line":164,"column":1},"end":{"line":168,"column":4}},"60":{"start":{"line":171,"column":0},"end":{"line":171,"column":23}},"61":{"start":{"line":175,"column":0},"end":{"line":175,"column":73}},"62":{"start":{"line":178,"column":0},"end":{"line":178,"column":44}},"63":{"start":{"line":179,"column":0},"end":{"line":179,"column":32}},"64":{"start":{"line":180,"column":0},"end":{"line":180,"column":34}},"65":{"start":{"line":181,"column":0},"end":{"line":181,"column":38}},"66":{"start":{"line":182,"column":0},"end":{"line":182,"column":31}},"67":{"start":{"line":183,"column":0},"end":{"line":183,"column":48}}},"fnMap":{"0":{"name":"(anonymous_10)","decl":{"start":{"line":64,"column":7},"end":{"line":64,"column":8}},"loc":{"start":{"line":65,"column":2},"end":{"line":68,"column":33}}},"1":{"name":"(anonymous_11)","decl":{"start":{"line":87,"column":14},"end":{"line":87,"column":15}},"loc":{"start":{"line":87,"column":40},"end":{"line":116,"column":2}}},"2":{"name":"(anonymous_12)","decl":{"start":{"line":93,"column":44},"end":{"line":93,"column":45}},"loc":{"start":{"line":93,"column":60},"end":{"line":113,"column":4}}},"3":{"name":"(anonymous_13)","decl":{"start":{"line":100,"column":6},"end":{"line":100,"column":13}},"loc":{"start":{"line":100,"column":6},"end":{"line":100,"column":null}}},"4":{"name":"(anonymous_14)","decl":{"start":{"line":101,"column":13},"end":{"line":101,"column":14}},"loc":{"start":{"line":101,"column":31},"end":{"line":109,"column":8}}},"5":{"name":"(anonymous_15)","decl":{"start":{"line":103,"column":15},"end":{"line":103,"column":16}},"loc":{"start":{"line":103,"column":26},"end":{"line":105,"column":10}}},"6":{"name":"(anonymous_16)","decl":{"start":{"line":106,"column":16},"end":{"line":106,"column":17}},"loc":{"start":{"line":106,"column":26},"end":{"line":108,"column":10}}},"7":{"name":"(anonymous_17)","decl":{"start":{"line":155,"column":19},"end":{"line":155,"column":20}},"loc":{"start":{"line":155,"column":33},"end":{"line":160,"column":1}}},"8":{"name":"(anonymous_18)","decl":{"start":{"line":163,"column":13},"end":{"line":163,"column":14}},"loc":{"start":{"line":163,"column":27},"end":{"line":169,"column":1}}}},"branchMap":{"0":{"loc":{"start":{"line":65,"column":2},"end":{"line":68,"column":33}},"type":"binary-expr","locations":[{"start":{"line":65,"column":2},"end":{"line":65,"column":26}},{"start":{"line":66,"column":2},"end":{"line":66,"column":24}},{"start":{"line":67,"column":2},"end":{"line":67,"column":34}},{"start":{"line":68,"column":2},"end":{"line":68,"column":33}}]},"1":{"loc":{"start":{"line":86,"column":0},"end":{"line":119,"column":1}},"type":"if","locations":[{"start":{"line":86,"column":0},"end":{"line":119,"column":1}},{"start":{"line":117,"column":7},"end":{"line":119,"column":1}}]},"2":{"loc":{"start":{"line":88,"column":2},"end":{"line":115,"column":3}},"type":"if","locations":[{"start":{"line":88,"column":2},"end":{"line":115,"column":3}},{"start":{"line":91,"column":9},"end":{"line":115,"column":3}}]},"3":{"loc":{"start":{"line":94,"column":4},"end":{"line":112,"column":5}},"type":"if","locations":[{"start":{"line":94,"column":4},"end":{"line":112,"column":5}},{"start":{"line":96,"column":11},"end":{"line":112,"column":5}}]},"4":{"loc":{"start":{"line":98,"column":5},"end":{"line":111,"column":6}},"type":"if","locations":[{"start":{"line":98,"column":5},"end":{"line":111,"column":6}},{"start":{},"end":{}}]}},"s":{"0":11,"1":11,"2":11,"3":11,"4":11,"5":11,"6":11,"7":11,"8":11,"9":11,"10":11,"11":11,"12":11,"13":11,"14":11,"15":11,"16":11,"17":11,"18":11,"19":11,"20":11,"21":11,"22":11,"23":11,"24":11,"25":11,"26":11,"27":11,"28":11,"29":11,"30":11,"31":116,"32":11,"33":11,"34":11,"35":0,"36":0,"37":0,"38":0,"39":0,"40":0,"41":0,"42":0,"43":0,"44":0,"45":0,"46":0,"47":0,"48":0,"49":0,"50":0,"51":0,"52":11,"53":11,"54":11,"55":11,"56":11,"57":2,"58":11,"59":2,"60":11,"61":11,"62":11,"63":11,"64":11,"65":11,"66":11,"67":11},"f":{"0":116,"1":0,"2":0,"3":0,"4":0,"5":0,"6":0,"7":2,"8":2},"b":{"0":[116,116,114,113],"1":[0,11],"2":[0,0],"3":[0,0],"4":[0,0]}}
,"/home/lorenzo/Documents/42-matcha/Back-End/src/config/env.ts": {"path":"/home/lorenzo/Documents/42-matcha/Back-End/src/config/env.ts","statementMap":{"0":{"start":{"line":1,"column":0},"end":{"line":1,"column":35}},"1":{"start":{"line":2,"column":0},"end":{"line":2,"column":32}},"2":{"start":{"line":5,"column":0},"end":{"line":5,"column":9}},"3":{"start":{"line":7,"column":13},"end":{"line":26,"column":11}}},"fnMap":{},"branchMap":{"0":{"loc":{"start":{"line":8,"column":11},"end":{"line":8,"column":48}},"type":"binary-expr","locations":[{"start":{"line":8,"column":11},"end":{"line":8,"column":31}},{"start":{"line":8,"column":35},"end":{"line":8,"column":48}}]},"1":{"loc":{"start":{"line":9,"column":7},"end":{"line":9,"column":39}},"type":"binary-expr","locations":[{"start":{"line":9,"column":7},"end":{"line":9,"column":31}},{"start":{"line":9,"column":35},"end":{"line":9,"column":39}}]},"2":{"loc":{"start":{"line":10,"column":7},"end":{"line":10,"column":38}},"type":"binary-expr","locations":[{"start":{"line":10,"column":7},"end":{"line":10,"column":23}},{"start":{"line":10,"column":27},"end":{"line":10,"column":38}}]},"3":{"loc":{"start":{"line":13,"column":15},"end":{"line":13,"column":45}},"type":"binary-expr","locations":[{"start":{"line":13,"column":15},"end":{"line":13,"column":39}},{"start":{"line":13,"column":43},"end":{"line":13,"column":45}}]},"4":{"loc":{"start":{"line":16,"column":13},"end":{"line":16,"column":41}},"type":"binary-expr","locations":[{"start":{"line":16,"column":13},"end":{"line":16,"column":35}},{"start":{"line":16,"column":39},"end":{"line":16,"column":41}}]},"5":{"loc":{"start":{"line":19,"column":14},"end":{"line":19,"column":64}},"type":"binary-expr","locations":[{"start":{"line":19,"column":14},"end":{"line":19,"column":37}},{"start":{"line":19,"column":41},"end":{"line":19,"column":64}}]},"6":{"loc":{"start":{"line":22,"column":10},"end":{"line":22,"column":56}},"type":"binary-expr","locations":[{"start":{"line":22,"column":10},"end":{"line":22,"column":29}},{"start":{"line":22,"column":33},"end":{"line":22,"column":56}}]},"7":{"loc":{"start":{"line":25,"column":21},"end":{"line":25,"column":65}},"type":"binary-expr","locations":[{"start":{"line":25,"column":21},"end":{"line":25,"column":59}},{"start":{"line":25,"column":63},"end":{"line":25,"column":65}}]}},"s":{"0":11,"1":11,"2":11,"3":11},"f":{},"b":{"0":[11,0],"1":[11,0],"2":[11,0],"3":[11,0],"4":[11,0],"5":[11,0],"6":[11,0],"7":[11,0]}}
,"/home/lorenzo/Documents/42-matcha/Back-End/src/config/redis.ts": {"path":"/home/lorenzo/Documents/42-matcha/Back-End/src/config/redis.ts","statementMap":{"0":{"start":{"line":8,"column":0},"end":{"line":8,"column":16}},"1":{"start":{"line":22,"column":0},"end":{"line":22,"column":16}},"2":{"start":{"line":1,"column":0},"end":{"line":1,"column":65}},"3":{"start":{"line":3,"column":18},"end":{"line":3,"column":63}},"4":{"start":{"line":5,"column":27},"end":{"line":5,"column":31}},"5":{"start":{"line":6,"column":31},"end":{"line":6,"column":35}},"6":{"start":{"line":9,"column":1},"end":{"line":18,"column":2}},"7":{"start":{"line":10,"column":2},"end":{"line":17,"column":4}},"8":{"start":{"line":19,"column":1},"end":{"line":19,"column":15}},"9":{"start":{"line":23,"column":1},"end":{"line":25,"column":2}},"10":{"start":{"line":24,"column":2},"end":{"line":24,"column":48}},"11":{"start":{"line":26,"column":1},"end":{"line":26,"column":19}},"12":{"start":{"line":29,"column":13},"end":{"line":31,"column":2}},"13":{"start":{"line":30,"column":23},"end":{"line":30,"column":35}}},"fnMap":{"0":{"name":"getRedisClient","decl":{"start":{"line":8,"column":16},"end":{"line":8,"column":30}},"loc":{"start":{"line":8,"column":30},"end":{"line":20,"column":1}}},"1":{"name":"getRedisSubscriber","decl":{"start":{"line":22,"column":16},"end":{"line":22,"column":34}},"loc":{"start":{"line":22,"column":34},"end":{"line":27,"column":1}}},"2":{"name":"(anonymous_3)","decl":{"start":{"line":30,"column":7},"end":{"line":30,"column":8}},"loc":{"start":{"line":30,"column":23},"end":{"line":30,"column":35}}}},"branchMap":{"0":{"loc":{"start":{"line":3,"column":18},"end":{"line":3,"column":63}},"type":"binary-expr","locations":[{"start":{"line":3,"column":18},"end":{"line":3,"column":39}},{"start":{"line":3,"column":43},"end":{"line":3,"column":63}}]},"1":{"loc":{"start":{"line":9,"column":1},"end":{"line":18,"column":2}},"type":"if","locations":[{"start":{"line":9,"column":1},"end":{"line":18,"column":2}},{"start":{},"end":{}}]},"2":{"loc":{"start":{"line":23,"column":1},"end":{"line":25,"column":2}},"type":"if","locations":[{"start":{"line":23,"column":1},"end":{"line":25,"column":2}},{"start":{},"end":{}}]}},"s":{"0":0,"1":0,"2":0,"3":0,"4":0,"5":0,"6":0,"7":0,"8":0,"9":0,"10":0,"11":0,"12":0,"13":0},"f":{"0":0,"1":0,"2":0},"b":{"0":[0,0],"1":[0,0],"2":[0,0]}}
,"/home/lorenzo/Documents/42-matcha/Back-End/src/controllers/auth.controller.ts": {"path":"/home/lorenzo/Documents/42-matcha/Back-End/src/controllers/auth.controller.ts","statementMap":{"0":{"start":{"line":1,"column":0},"end":{"line":1,"column":34}},"1":{"start":{"line":4,"column":0},"end":{"line":4,"column":54}},"2":{"start":{"line":6,"column":0},"end":{"line":6,"column":35}},"3":{"start":{"line":21,"column":2},"end":{"line":21,"column":33}},"4":{"start":{"line":28,"column":2},"end":{"line":127,"column":3}},"5":{"start":{"line":29,"column":41},"end":{"line":29,"column":49}},"6":{"start":{"line":32,"column":3},"end":{"line":49,"column":4}},"7":{"start":{"line":42,"column":41},"end":{"line":46,"column":6}},"8":{"start":{"line":47,"column":4},"end":{"line":47,"column":40}},"9":{"start":{"line":48,"column":4},"end":{"line":48,"column":11}},"10":{"start":{"line":52,"column":3},"end":{"line":60,"column":4}},"11":{"start":{"line":53,"column":41},"end":{"line":57,"column":6}},"12":{"start":{"line":58,"column":4},"end":{"line":58,"column":40}},"13":{"start":{"line":59,"column":4},"end":{"line":59,"column":11}},"14":{"start":{"line":63,"column":3},"end":{"line":71,"column":4}},"15":{"start":{"line":64,"column":41},"end":{"line":68,"column":6}},"16":{"start":{"line":69,"column":4},"end":{"line":69,"column":40}},"17":{"start":{"line":70,"column":4},"end":{"line":70,"column":11}},"18":{"start":{"line":74,"column":3},"end":{"line":82,"column":4}},"19":{"start":{"line":75,"column":41},"end":{"line":79,"column":6}},"20":{"start":{"line":80,"column":4},"end":{"line":80,"column":40}},"21":{"start":{"line":81,"column":4},"end":{"line":81,"column":11}},"22":{"start":{"line":85,"column":20},"end":{"line":106,"column":5}},"23":{"start":{"line":109,"column":19},"end":{"line":109,"column":64}},"24":{"start":{"line":111,"column":45},"end":{"line":114,"column":5}},"25":{"start":{"line":116,"column":3},"end":{"line":116,"column":41}},"26":{"start":{"line":118,"column":3},"end":{"line":118,"column":48}},"27":{"start":{"line":120,"column":40},"end":{"line":124,"column":5}},"28":{"start":{"line":126,"column":3},"end":{"line":126,"column":39}},"29":{"start":{"line":134,"column":2},"end":{"line":198,"column":3}},"30":{"start":{"line":135,"column":35},"end":{"line":135,"column":43}},"31":{"start":{"line":137,"column":3},"end":{"line":145,"column":4}},"32":{"start":{"line":138,"column":41},"end":{"line":142,"column":6}},"33":{"start":{"line":143,"column":4},"end":{"line":143,"column":40}},"34":{"start":{"line":144,"column":4},"end":{"line":144,"column":11}},"35":{"start":{"line":147,"column":18},"end":{"line":149,"column":null}},"36":{"start":{"line":151,"column":14},"end":{"line":151,"column":29}},"37":{"start":{"line":155,"column":3},"end":{"line":163,"column":4}},"38":{"start":{"line":156,"column":41},"end":{"line":160,"column":6}},"39":{"start":{"line":161,"column":4},"end":{"line":161,"column":40}},"40":{"start":{"line":162,"column":4},"end":{"line":162,"column":11}},"41":{"start":{"line":165,"column":42},"end":{"line":169,"column":5}},"42":{"start":{"line":172,"column":3},"end":{"line":177,"column":6}},"43":{"start":{"line":180,"column":3},"end":{"line":185,"column":6}},"44":{"start":{"line":187,"column":3},"end":{"line":187,"column":41}},"45":{"start":{"line":189,"column":3},"end":{"line":189,"column":41}},"46":{"start":{"line":191,"column":40},"end":{"line":195,"column":5}},"47":{"start":{"line":197,"column":3},"end":{"line":197,"column":39}},"48":{"start":{"line":205,"column":2},"end":{"line":253,"column":3}},"49":{"start":{"line":207,"column":24},"end":{"line":207,"column":83}},"50":{"start":{"line":209,"column":3},"end":{"line":217,"column":4}},"51":{"start":{"line":210,"column":41},"end":{"line":214,"column":6}},"52":{"start":{"line":215,"column":4},"end":{"line":215,"column":40}},"53":{"start":{"line":216,"column":4},"end":{"line":216,"column":11}},"54":{"start":{"line":219,"column":18},"end":{"line":219,"column":77}},"55":{"start":{"line":221,"column":3},"end":{"line":229,"column":4}},"56":{"start":{"line":222,"column":41},"end":{"line":226,"column":6}},"57":{"start":{"line":227,"column":4},"end":{"line":227,"column":40}},"58":{"start":{"line":228,"column":4},"end":{"line":228,"column":11}},"59":{"start":{"line":232,"column":3},"end":{"line":237,"column":6}},"60":{"start":{"line":238,"column":27},"end":{"line":241,"column":5}},"61":{"start":{"line":242,"column":3},"end":{"line":242,"column":41}},"62":{"start":{"line":244,"column":3},"end":{"line":244,"column":49}},"63":{"start":{"line":246,"column":40},"end":{"line":250,"column":5}},"64":{"start":{"line":252,"column":3},"end":{"line":252,"column":39}},"65":{"start":{"line":260,"column":2},"end":{"line":280,"column":3}},"66":{"start":{"line":262,"column":3},"end":{"line":262,"column":35}},"67":{"start":{"line":263,"column":3},"end":{"line":263,"column":35}},"68":{"start":{"line":266,"column":43},"end":{"line":268,"column":5}},"69":{"start":{"line":269,"column":3},"end":{"line":269,"column":41}},"70":{"start":{"line":271,"column":3},"end":{"line":271,"column":42}},"71":{"start":{"line":273,"column":40},"end":{"line":277,"column":5}},"72":{"start":{"line":279,"column":3},"end":{"line":279,"column":39}},"73":{"start":{"line":287,"column":2},"end":{"line":326,"column":3}},"74":{"start":{"line":288,"column":21},"end":{"line":288,"column":30}},"75":{"start":{"line":290,"column":3},"end":{"line":298,"column":4}},"76":{"start":{"line":291,"column":41},"end":{"line":295,"column":6}},"77":{"start":{"line":296,"column":4},"end":{"line":296,"column":40}},"78":{"start":{"line":297,"column":4},"end":{"line":297,"column":11}},"79":{"start":{"line":300,"column":18},"end":{"line":300,"column":59}},"80":{"start":{"line":302,"column":3},"end":{"line":310,"column":4}},"81":{"start":{"line":303,"column":41},"end":{"line":307,"column":6}},"82":{"start":{"line":308,"column":4},"end":{"line":308,"column":40}},"83":{"start":{"line":309,"column":4},"end":{"line":309,"column":11}},"84":{"start":{"line":312,"column":48},"end":{"line":314,"column":5}},"85":{"start":{"line":315,"column":3},"end":{"line":315,"column":41}},"86":{"start":{"line":317,"column":3},"end":{"line":317,"column":54}},"87":{"start":{"line":319,"column":40},"end":{"line":323,"column":5}},"88":{"start":{"line":325,"column":3},"end":{"line":325,"column":39}},"89":{"start":{"line":333,"column":2},"end":{"line":362,"column":3}},"90":{"start":{"line":334,"column":21},"end":{"line":334,"column":29}},"91":{"start":{"line":336,"column":3},"end":{"line":344,"column":4}},"92":{"start":{"line":337,"column":41},"end":{"line":341,"column":6}},"93":{"start":{"line":342,"column":4},"end":{"line":342,"column":40}},"94":{"start":{"line":343,"column":4},"end":{"line":343,"column":11}},"95":{"start":{"line":346,"column":3},"end":{"line":346,"column":54}},"96":{"start":{"line":348,"column":50},"end":{"line":350,"column":5}},"97":{"start":{"line":351,"column":3},"end":{"line":351,"column":41}},"98":{"start":{"line":353,"column":3},"end":{"line":353,"column":50}},"99":{"start":{"line":355,"column":40},"end":{"line":359,"column":5}},"100":{"start":{"line":361,"column":3},"end":{"line":361,"column":39}},"101":{"start":{"line":369,"column":2},"end":{"line":420,"column":3}},"102":{"start":{"line":370,"column":21},"end":{"line":370,"column":30}},"103":{"start":{"line":372,"column":3},"end":{"line":380,"column":4}},"104":{"start":{"line":373,"column":41},"end":{"line":377,"column":6}},"105":{"start":{"line":378,"column":4},"end":{"line":378,"column":40}},"106":{"start":{"line":379,"column":4},"end":{"line":379,"column":11}},"107":{"start":{"line":382,"column":27},"end":{"line":382,"column":35}},"108":{"start":{"line":384,"column":3},"end":{"line":392,"column":4}},"109":{"start":{"line":385,"column":41},"end":{"line":389,"column":6}},"110":{"start":{"line":390,"column":4},"end":{"line":390,"column":40}},"111":{"start":{"line":391,"column":4},"end":{"line":391,"column":11}},"112":{"start":{"line":394,"column":18},"end":{"line":394,"column":74}},"113":{"start":{"line":396,"column":3},"end":{"line":404,"column":4}},"114":{"start":{"line":397,"column":41},"end":{"line":401,"column":6}},"115":{"start":{"line":402,"column":4},"end":{"line":402,"column":40}},"116":{"start":{"line":403,"column":4},"end":{"line":403,"column":11}},"117":{"start":{"line":406,"column":50},"end":{"line":408,"column":5}},"118":{"start":{"line":409,"column":3},"end":{"line":409,"column":41}},"119":{"start":{"line":411,"column":3},"end":{"line":411,"column":50}},"120":{"start":{"line":413,"column":40},"end":{"line":417,"column":5}},"121":{"start":{"line":419,"column":3},"end":{"line":419,"column":39}},"122":{"start":{"line":17,"column":0},"end":{"line":17,"column":13}}},"fnMap":{"0":{"name":"(anonymous_0)","decl":{"start":{"line":20,"column":1},"end":{"line":20,"column":13}},"loc":{"start":{"line":20,"column":37},"end":{"line":22,"column":2}}},"1":{"name":"(anonymous_1)","decl":{"start":{"line":27,"column":1},"end":{"line":27,"column":6}},"loc":{"start":{"line":27,"column":43},"end":{"line":128,"column":2}}},"2":{"name":"(anonymous_2)","decl":{"start":{"line":133,"column":1},"end":{"line":133,"column":6}},"loc":{"start":{"line":133,"column":40},"end":{"line":199,"column":2}}},"3":{"name":"(anonymous_3)","decl":{"start":{"line":204,"column":1},"end":{"line":204,"column":6}},"loc":{"start":{"line":204,"column":47},"end":{"line":254,"column":2}}},"4":{"name":"(anonymous_4)","decl":{"start":{"line":259,"column":1},"end":{"line":259,"column":6}},"loc":{"start":{"line":259,"column":42},"end":{"line":281,"column":2}}},"5":{"name":"(anonymous_5)","decl":{"start":{"line":286,"column":1},"end":{"line":286,"column":6}},"loc":{"start":{"line":286,"column":46},"end":{"line":327,"column":2}}},"6":{"name":"(anonymous_6)","decl":{"start":{"line":332,"column":1},"end":{"line":332,"column":6}},"loc":{"start":{"line":332,"column":48},"end":{"line":363,"column":2}}},"7":{"name":"(anonymous_7)","decl":{"start":{"line":368,"column":1},"end":{"line":368,"column":6}},"loc":{"start":{"line":368,"column":49},"end":{"line":421,"column":2}}}},"branchMap":{"0":{"loc":{"start":{"line":32,"column":3},"end":{"line":49,"column":4}},"type":"if","locations":[{"start":{"line":32,"column":3},"end":{"line":49,"column":4}},{"start":{},"end":{}}]},"1":{"loc":{"start":{"line":33,"column":4},"end":{"line":40,"column":36}},"type":"binary-expr","locations":[{"start":{"line":33,"column":4},"end":{"line":33,"column":26}},{"start":{"line":34,"column":4},"end":{"line":34,"column":23}},{"start":{"line":35,"column":4},"end":{"line":35,"column":26}},{"start":{"line":36,"column":4},"end":{"line":36,"column":28}},{"start":{"line":37,"column":4},"end":{"line":37,"column":27}},{"start":{"line":38,"column":4},"end":{"line":38,"column":28}},{"start":{"line":39,"column":4},"end":{"line":39,"column":24}},{"start":{"line":40,"column":4},"end":{"line":40,"column":36}}]},"2":{"loc":{"start":{"line":52,"column":3},"end":{"line":60,"column":4}},"type":"if","locations":[{"start":{"line":52,"column":3},"end":{"line":60,"column":4}},{"start":{},"end":{}}]},"3":{"loc":{"start":{"line":63,"column":3},"end":{"line":71,"column":4}},"type":"if","locations":[{"start":{"line":63,"column":3},"end":{"line":71,"column":4}},{"start":{},"end":{}}]},"4":{"loc":{"start":{"line":74,"column":3},"end":{"line":82,"column":4}},"type":"if","locations":[{"start":{"line":74,"column":3},"end":{"line":82,"column":4}},{"start":{},"end":{}}]},"5":{"loc":{"start":{"line":96,"column":5},"end":{"line":104,"column":17}},"type":"cond-expr","locations":[{"start":{"line":97,"column":8},"end":{"line":103,"column":null}},{"start":{"line":104,"column":8},"end":{"line":104,"column":17}}]},"6":{"loc":{"start":{"line":96,"column":5},"end":{"line":96,"column":61}},"type":"binary-expr","locations":[{"start":{"line":96,"column":5},"end":{"line":96,"column":31}},{"start":{"line":96,"column":35},"end":{"line":96,"column":61}}]},"7":{"loc":{"start":{"line":105,"column":21},"end":{"line":105,"column":58}},"type":"binary-expr","locations":[{"start":{"line":105,"column":21},"end":{"line":105,"column":49}},{"start":{"line":105,"column":53},"end":{"line":105,"column":58}}]},"8":{"loc":{"start":{"line":122,"column":13},"end":{"line":122,"column":75}},"type":"cond-expr","locations":[{"start":{"line":122,"column":38},"end":{"line":122,"column":51}},{"start":{"line":122,"column":54},"end":{"line":122,"column":75}}]},"9":{"loc":{"start":{"line":137,"column":3},"end":{"line":145,"column":4}},"type":"if","locations":[{"start":{"line":137,"column":3},"end":{"line":145,"column":4}},{"start":{},"end":{}}]},"10":{"loc":{"start":{"line":137,"column":7},"end":{"line":137,"column":58}},"type":"binary-expr","locations":[{"start":{"line":137,"column":7},"end":{"line":137,"column":35}},{"start":{"line":137,"column":39},"end":{"line":137,"column":58}}]},"11":{"loc":{"start":{"line":155,"column":3},"end":{"line":163,"column":4}},"type":"if","locations":[{"start":{"line":155,"column":3},"end":{"line":163,"column":4}},{"start":{},"end":{}}]},"12":{"loc":{"start":{"line":155,"column":7},"end":{"line":155,"column":21}},"type":"binary-expr","locations":[{"start":{"line":155,"column":7},"end":{"line":155,"column":14}},{"start":{"line":155,"column":18},"end":{"line":155,"column":21}}]},"13":{"loc":{"start":{"line":193,"column":13},"end":{"line":193,"column":68}},"type":"cond-expr","locations":[{"start":{"line":193,"column":38},"end":{"line":193,"column":51}},{"start":{"line":193,"column":54},"end":{"line":193,"column":68}}]},"14":{"loc":{"start":{"line":207,"column":24},"end":{"line":207,"column":83}},"type":"binary-expr","locations":[{"start":{"line":207,"column":24},"end":{"line":207,"column":49}},{"start":{"line":207,"column":53},"end":{"line":207,"column":83}}]},"15":{"loc":{"start":{"line":209,"column":3},"end":{"line":217,"column":4}},"type":"if","locations":[{"start":{"line":209,"column":3},"end":{"line":217,"column":4}},{"start":{},"end":{}}]},"16":{"loc":{"start":{"line":221,"column":3},"end":{"line":229,"column":4}},"type":"if","locations":[{"start":{"line":221,"column":3},"end":{"line":229,"column":4}},{"start":{},"end":{}}]},"17":{"loc":{"start":{"line":290,"column":3},"end":{"line":298,"column":4}},"type":"if","locations":[{"start":{"line":290,"column":3},"end":{"line":298,"column":4}},{"start":{},"end":{}}]},"18":{"loc":{"start":{"line":290,"column":7},"end":{"line":290,"column":42}},"type":"binary-expr","locations":[{"start":{"line":290,"column":7},"end":{"line":290,"column":13}},{"start":{"line":290,"column":17},"end":{"line":290,"column":42}}]},"19":{"loc":{"start":{"line":302,"column":3},"end":{"line":310,"column":4}},"type":"if","locations":[{"start":{"line":302,"column":3},"end":{"line":310,"column":4}},{"start":{},"end":{}}]},"20":{"loc":{"start":{"line":336,"column":3},"end":{"line":344,"column":4}},"type":"if","locations":[{"start":{"line":336,"column":3},"end":{"line":344,"column":4}},{"start":{},"end":{}}]},"21":{"loc":{"start":{"line":372,"column":3},"end":{"line":380,"column":4}},"type":"if","locations":[{"start":{"line":372,"column":3},"end":{"line":380,"column":4}},{"start":{},"end":{}}]},"22":{"loc":{"start":{"line":372,"column":7},"end":{"line":372,"column":42}},"type":"binary-expr","locations":[{"start":{"line":372,"column":7},"end":{"line":372,"column":13}},{"start":{"line":372,"column":17},"end":{"line":372,"column":42}}]},"23":{"loc":{"start":{"line":384,"column":3},"end":{"line":392,"column":4}},"type":"if","locations":[{"start":{"line":384,"column":3},"end":{"line":392,"column":4}},{"start":{},"end":{}}]},"24":{"loc":{"start":{"line":396,"column":3},"end":{"line":404,"column":4}},"type":"if","locations":[{"start":{"line":396,"column":3},"end":{"line":404,"column":4}},{"start":{},"end":{}}]}},"s":{"0":11,"1":11,"2":11,"3":11,"4":5,"5":5,"6":5,"7":0,"8":0,"9":0,"10":5,"11":1,"12":1,"13":1,"14":4,"15":1,"16":1,"17":1,"18":3,"19":0,"20":0,"21":0,"22":3,"23":3,"24":2,"25":2,"26":1,"27":1,"28":1,"29":6,"30":6,"31":6,"32":0,"33":0,"34":0,"35":6,"36":6,"37":6,"38":2,"39":2,"40":2,"41":4,"42":4,"43":4,"44":4,"45":0,"46":0,"47":0,"48":2,"49":2,"50":2,"51":0,"52":0,"53":0,"54":2,"55":2,"56":1,"57":1,"58":1,"59":1,"60":1,"61":1,"62":0,"63":0,"64":0,"65":0,"66":0,"67":0,"68":0,"69":0,"70":0,"71":0,"72":0,"73":0,"74":0,"75":0,"76":0,"77":0,"78":0,"79":0,"80":0,"81":0,"82":0,"83":0,"84":0,"85":0,"86":0,"87":0,"88":0,"89":0,"90":0,"91":0,"92":0,"93":0,"94":0,"95":0,"96":0,"97":0,"98":0,"99":0,"100":0,"101":0,"102":0,"103":0,"104":0,"105":0,"106":0,"107":0,"108":0,"109":0,"110":0,"111":0,"112":0,"113":0,"114":0,"115":0,"116":0,"117":0,"118":0,"119":0,"120":0,"121":0,"122":11},"f":{"0":11,"1":5,"2":6,"3":2,"4":0,"5":0,"6":0,"7":0},"b":{"0":[0,5],"1":[5,5,5,5,5,5,5,5],"2":[1,4],"3":[1,3],"4":[0,3],"5":[0,3],"6":[3,0],"7":[3,3],"8":[1,0],"9":[0,6],"10":[6,6],"11":[2,4],"12":[6,4],"13":[0,0],"14":[2,2],"15":[0,2],"16":[1,1],"17":[0,0],"18":[0,0],"19":[0,0],"20":[0,0],"21":[0,0],"22":[0,0],"23":[0,0],"24":[0,0]}}
,"/home/lorenzo/Documents/42-matcha/Back-End/src/controllers/chat.controller.ts": {"path":"/home/lorenzo/Documents/42-matcha/Back-End/src/controllers/chat.controller.ts","statementMap":{"0":{"start":{"line":4,"column":0},"end":{"line":4,"column":35}},"1":{"start":{"line":5,"column":0},"end":{"line":5,"column":75}},"2":{"start":{"line":15,"column":2},"end":{"line":15,"column":33}},"3":{"start":{"line":22,"column":17},"end":{"line":22,"column":36}},"4":{"start":{"line":24,"column":2},"end":{"line":30,"column":3}},"5":{"start":{"line":25,"column":3},"end":{"line":28,"column":23}},"6":{"start":{"line":29,"column":3},"end":{"line":29,"column":10}},"7":{"start":{"line":32,"column":2},"end":{"line":41,"column":3}},"8":{"start":{"line":33,"column":21},"end":{"line":33,"column":68}},"9":{"start":{"line":34,"column":3},"end":{"line":34,"column":37}},"10":{"start":{"line":36,"column":3},"end":{"line":36,"column":55}},"11":{"start":{"line":37,"column":3},"end":{"line":40,"column":23}},"12":{"start":{"line":48,"column":29},"end":{"line":48,"column":39}},"13":{"start":{"line":49,"column":17},"end":{"line":49,"column":36}},"14":{"start":{"line":51,"column":2},"end":{"line":57,"column":3}},"15":{"start":{"line":52,"column":3},"end":{"line":55,"column":23}},"16":{"start":{"line":56,"column":3},"end":{"line":56,"column":10}},"17":{"start":{"line":59,"column":2},"end":{"line":78,"column":3}},"18":{"start":{"line":60,"column":20},"end":{"line":60,"column":78}},"19":{"start":{"line":62,"column":3},"end":{"line":69,"column":4}},"20":{"start":{"line":63,"column":4},"end":{"line":67,"column":24}},"21":{"start":{"line":68,"column":4},"end":{"line":68,"column":11}},"22":{"start":{"line":71,"column":3},"end":{"line":71,"column":22}},"23":{"start":{"line":73,"column":3},"end":{"line":73,"column":54}},"24":{"start":{"line":74,"column":3},"end":{"line":77,"column":23}},"25":{"start":{"line":85,"column":29},"end":{"line":85,"column":39}},"26":{"start":{"line":86,"column":17},"end":{"line":86,"column":36}},"27":{"start":{"line":88,"column":2},"end":{"line":95,"column":3}},"28":{"start":{"line":89,"column":3},"end":{"line":93,"column":23}},"29":{"start":{"line":94,"column":3},"end":{"line":94,"column":10}},"30":{"start":{"line":97,"column":2},"end":{"line":133,"column":3}},"31":{"start":{"line":99,"column":22},"end":{"line":99,"column":49}},"32":{"start":{"line":100,"column":19},"end":{"line":100,"column":36}},"33":{"start":{"line":102,"column":20},"end":{"line":106,"column":null}},"34":{"start":{"line":109,"column":3},"end":{"line":109,"column":22}},"35":{"start":{"line":111,"column":3},"end":{"line":118,"column":4}},"36":{"start":{"line":112,"column":4},"end":{"line":116,"column":24}},"37":{"start":{"line":117,"column":4},"end":{"line":117,"column":11}},"38":{"start":{"line":120,"column":3},"end":{"line":126,"column":4}},"39":{"start":{"line":121,"column":4},"end":{"line":124,"column":24}},"40":{"start":{"line":125,"column":4},"end":{"line":125,"column":11}},"41":{"start":{"line":128,"column":3},"end":{"line":128,"column":58}},"42":{"start":{"line":129,"column":3},"end":{"line":132,"column":23}},"43":{"start":{"line":140,"column":29},"end":{"line":140,"column":39}},"44":{"start":{"line":141,"column":17},"end":{"line":141,"column":36}},"45":{"start":{"line":143,"column":2},"end":{"line":149,"column":3}},"46":{"start":{"line":144,"column":3},"end":{"line":147,"column":23}},"47":{"start":{"line":148,"column":3},"end":{"line":148,"column":10}},"48":{"start":{"line":151,"column":2},"end":{"line":171,"column":3}},"49":{"start":{"line":152,"column":19},"end":{"line":152,"column":76}},"50":{"start":{"line":154,"column":3},"end":{"line":160,"column":4}},"51":{"start":{"line":155,"column":4},"end":{"line":158,"column":24}},"52":{"start":{"line":159,"column":4},"end":{"line":159,"column":11}},"53":{"start":{"line":162,"column":3},"end":{"line":164,"column":25}},"54":{"start":{"line":166,"column":3},"end":{"line":166,"column":54}},"55":{"start":{"line":167,"column":3},"end":{"line":170,"column":23}},"56":{"start":{"line":11,"column":0},"end":{"line":11,"column":13}}},"fnMap":{"0":{"name":"(anonymous_0)","decl":{"start":{"line":14,"column":1},"end":{"line":14,"column":13}},"loc":{"start":{"line":14,"column":37},"end":{"line":16,"column":2}}},"1":{"name":"(anonymous_1)","decl":{"start":{"line":21,"column":8},"end":{"line":21,"column":13}},"loc":{"start":{"line":21,"column":55},"end":{"line":42,"column":2}}},"2":{"name":"(anonymous_2)","decl":{"start":{"line":47,"column":8},"end":{"line":47,"column":13}},"loc":{"start":{"line":47,"column":53},"end":{"line":79,"column":2}}},"3":{"name":"(anonymous_3)","decl":{"start":{"line":84,"column":8},"end":{"line":84,"column":13}},"loc":{"start":{"line":84,"column":57},"end":{"line":134,"column":2}}},"4":{"name":"(anonymous_4)","decl":{"start":{"line":139,"column":8},"end":{"line":139,"column":13}},"loc":{"start":{"line":139,"column":56},"end":{"line":172,"column":2}}}},"branchMap":{"0":{"loc":{"start":{"line":24,"column":2},"end":{"line":30,"column":3}},"type":"if","locations":[{"start":{"line":24,"column":2},"end":{"line":30,"column":3}},{"start":{},"end":{}}]},"1":{"loc":{"start":{"line":51,"column":2},"end":{"line":57,"column":3}},"type":"if","locations":[{"start":{"line":51,"column":2},"end":{"line":57,"column":3}},{"start":{},"end":{}}]},"2":{"loc":{"start":{"line":62,"column":3},"end":{"line":69,"column":4}},"type":"if","locations":[{"start":{"line":62,"column":3},"end":{"line":69,"column":4}},{"start":{},"end":{}}]},"3":{"loc":{"start":{"line":88,"column":2},"end":{"line":95,"column":3}},"type":"if","locations":[{"start":{"line":88,"column":2},"end":{"line":95,"column":3}},{"start":{},"end":{}}]},"4":{"loc":{"start":{"line":111,"column":3},"end":{"line":118,"column":4}},"type":"if","locations":[{"start":{"line":111,"column":3},"end":{"line":118,"column":4}},{"start":{},"end":{}}]},"5":{"loc":{"start":{"line":111,"column":7},"end":{"line":111,"column":72}},"type":"binary-expr","locations":[{"start":{"line":111,"column":7},"end":{"line":111,"column":29}},{"start":{"line":111,"column":33},"end":{"line":111,"column":72}}]},"6":{"loc":{"start":{"line":120,"column":3},"end":{"line":126,"column":4}},"type":"if","locations":[{"start":{"line":120,"column":3},"end":{"line":126,"column":4}},{"start":{},"end":{}}]},"7":{"loc":{"start":{"line":120,"column":7},"end":{"line":120,"column":66}},"type":"binary-expr","locations":[{"start":{"line":120,"column":7},"end":{"line":120,"column":29}},{"start":{"line":120,"column":33},"end":{"line":120,"column":66}}]},"8":{"loc":{"start":{"line":143,"column":2},"end":{"line":149,"column":3}},"type":"if","locations":[{"start":{"line":143,"column":2},"end":{"line":149,"column":3}},{"start":{},"end":{}}]},"9":{"loc":{"start":{"line":154,"column":3},"end":{"line":160,"column":4}},"type":"if","locations":[{"start":{"line":154,"column":3},"end":{"line":160,"column":4}},{"start":{},"end":{}}]}},"s":{"0":11,"1":11,"2":11,"3":1,"4":1,"5":0,"6":0,"7":1,"8":1,"9":1,"10":0,"11":0,"12":2,"13":2,"14":2,"15":0,"16":0,"17":2,"18":2,"19":2,"20":1,"21":1,"22":1,"23":0,"24":0,"25":4,"26":4,"27":4,"28":0,"29":0,"30":4,"31":4,"32":4,"33":4,"34":3,"35":1,"36":0,"37":0,"38":1,"39":1,"40":1,"41":0,"42":0,"43":2,"44":2,"45":2,"46":0,"47":0,"48":2,"49":2,"50":2,"51":1,"52":1,"53":1,"54":0,"55":0,"56":11},"f":{"0":11,"1":1,"2":2,"3":4,"4":2},"b":{"0":[0,1],"1":[0,2],"2":[1,1],"3":[0,4],"4":[0,1],"5":[1,1],"6":[1,0],"7":[1,1],"8":[0,2],"9":[1,1]}}
,"/home/lorenzo/Documents/42-matcha/Back-End/src/controllers/hashtag.controller.ts": {"path":"/home/lorenzo/Documents/42-matcha/Back-End/src/controllers/hashtag.controller.ts","statementMap":{"0":{"start":{"line":4,"column":0},"end":{"line":4,"column":35}},"1":{"start":{"line":5,"column":0},"end":{"line":5,"column":75}},"2":{"start":{"line":14,"column":2},"end":{"line":14,"column":39}},"3":{"start":{"line":21,"column":18},"end":{"line":21,"column":69}},"4":{"start":{"line":24,"column":21},"end":{"line":24,"column":48}},"5":{"start":{"line":25,"column":18},"end":{"line":25,"column":35}},"6":{"start":{"line":27,"column":2},"end":{"line":50,"column":3}},"7":{"start":{"line":30,"column":3},"end":{"line":40,"column":4}},"8":{"start":{"line":32,"column":4},"end":{"line":36,"column":6}},"9":{"start":{"line":39,"column":4},"end":{"line":39,"column":75}},"10":{"start":{"line":42,"column":3},"end":{"line":46,"column":4}},"11":{"start":{"line":43,"column":4},"end":{"line":43,"column":40}},"12":{"start":{"line":45,"column":4},"end":{"line":45,"column":66}},"13":{"start":{"line":48,"column":3},"end":{"line":48,"column":65}},"14":{"start":{"line":49,"column":3},"end":{"line":49,"column":69}},"15":{"start":{"line":60,"column":17},"end":{"line":60,"column":27}},"16":{"start":{"line":61,"column":17},"end":{"line":61,"column":36}},"17":{"start":{"line":62,"column":20},"end":{"line":62,"column":30}},"18":{"start":{"line":63,"column":2},"end":{"line":65,"column":3}},"19":{"start":{"line":64,"column":3},"end":{"line":64,"column":60}},"20":{"start":{"line":67,"column":2},"end":{"line":83,"column":3}},"21":{"start":{"line":68,"column":18},"end":{"line":68,"column":79}},"22":{"start":{"line":69,"column":3},"end":{"line":75,"column":4}},"23":{"start":{"line":70,"column":4},"end":{"line":72,"column":90}},"24":{"start":{"line":74,"column":4},"end":{"line":74,"column":81}},"25":{"start":{"line":78,"column":3},"end":{"line":80,"column":4}},"26":{"start":{"line":79,"column":4},"end":{"line":79,"column":81}},"27":{"start":{"line":81,"column":3},"end":{"line":81,"column":58}},"28":{"start":{"line":82,"column":3},"end":{"line":82,"column":86}},"29":{"start":{"line":93,"column":17},"end":{"line":93,"column":27}},"30":{"start":{"line":94,"column":17},"end":{"line":94,"column":36}},"31":{"start":{"line":95,"column":20},"end":{"line":95,"column":30}},"32":{"start":{"line":96,"column":2},"end":{"line":98,"column":3}},"33":{"start":{"line":97,"column":3},"end":{"line":97,"column":60}},"34":{"start":{"line":100,"column":2},"end":{"line":110,"column":3}},"35":{"start":{"line":101,"column":18},"end":{"line":101,"column":84}},"36":{"start":{"line":102,"column":3},"end":{"line":106,"column":4}},"37":{"start":{"line":103,"column":4},"end":{"line":103,"column":96}},"38":{"start":{"line":105,"column":4},"end":{"line":105,"column":81}},"39":{"start":{"line":108,"column":3},"end":{"line":108,"column":62}},"40":{"start":{"line":109,"column":3},"end":{"line":109,"column":86}},"41":{"start":{"line":10,"column":0},"end":{"line":10,"column":13}}},"fnMap":{"0":{"name":"(anonymous_0)","decl":{"start":{"line":13,"column":1},"end":{"line":13,"column":13}},"loc":{"start":{"line":13,"column":43},"end":{"line":15,"column":2}}},"1":{"name":"(anonymous_1)","decl":{"start":{"line":20,"column":8},"end":{"line":20,"column":13}},"loc":{"start":{"line":20,"column":65},"end":{"line":51,"column":2}}},"2":{"name":"(anonymous_2)","decl":{"start":{"line":56,"column":8},"end":{"line":56,"column":13}},"loc":{"start":{"line":58,"column":15},"end":{"line":84,"column":2}}},"3":{"name":"(anonymous_3)","decl":{"start":{"line":89,"column":8},"end":{"line":89,"column":13}},"loc":{"start":{"line":91,"column":15},"end":{"line":111,"column":2}}}},"branchMap":{"0":{"loc":{"start":{"line":21,"column":18},"end":{"line":21,"column":69}},"type":"binary-expr","locations":[{"start":{"line":21,"column":18},"end":{"line":21,"column":29}},{"start":{"line":21,"column":33},"end":{"line":21,"column":50}},{"start":{"line":21,"column":54},"end":{"line":21,"column":69}}]},"1":{"loc":{"start":{"line":30,"column":3},"end":{"line":40,"column":4}},"type":"if","locations":[{"start":{"line":30,"column":3},"end":{"line":40,"column":4}},{"start":{"line":37,"column":10},"end":{"line":40,"column":4}}]},"2":{"loc":{"start":{"line":42,"column":3},"end":{"line":46,"column":4}},"type":"if","locations":[{"start":{"line":42,"column":3},"end":{"line":46,"column":4}},{"start":{"line":44,"column":10},"end":{"line":46,"column":4}}]},"3":{"loc":{"start":{"line":63,"column":2},"end":{"line":65,"column":3}},"type":"if","locations":[{"start":{"line":63,"column":2},"end":{"line":65,"column":3}},{"start":{},"end":{}}]},"4":{"loc":{"start":{"line":69,"column":3},"end":{"line":75,"column":4}},"type":"if","locations":[{"start":{"line":69,"column":3},"end":{"line":75,"column":4}},{"start":{"line":73,"column":10},"end":{"line":75,"column":4}}]},"5":{"loc":{"start":{"line":78,"column":3},"end":{"line":80,"column":4}},"type":"if","locations":[{"start":{"line":78,"column":3},"end":{"line":80,"column":4}},{"start":{},"end":{}}]},"6":{"loc":{"start":{"line":78,"column":7},"end":{"line":78,"column":70}},"type":"binary-expr","locations":[{"start":{"line":78,"column":7},"end":{"line":78,"column":29}},{"start":{"line":78,"column":33},"end":{"line":78,"column":70}}]},"7":{"loc":{"start":{"line":96,"column":2},"end":{"line":98,"column":3}},"type":"if","locations":[{"start":{"line":96,"column":2},"end":{"line":98,"column":3}},{"start":{},"end":{}}]},"8":{"loc":{"start":{"line":102,"column":3},"end":{"line":106,"column":4}},"type":"if","locations":[{"start":{"line":102,"column":3},"end":{"line":106,"column":4}},{"start":{"line":104,"column":10},"end":{"line":106,"column":4}}]}},"s":{"0":11,"1":11,"2":11,"3":5,"4":5,"5":5,"6":5,"7":5,"8":4,"9":1,"10":5,"11":5,"12":0,"13":0,"14":0,"15":3,"16":3,"17":3,"18":3,"19":0,"20":3,"21":3,"22":2,"23":2,"24":0,"25":1,"26":1,"27":0,"28":0,"29":2,"30":2,"31":2,"32":2,"33":0,"34":2,"35":2,"36":2,"37":1,"38":1,"39":0,"40":0,"41":11},"f":{"0":11,"1":5,"2":3,"3":2},"b":{"0":[5,1,1],"1":[4,1],"2":[5,0],"3":[0,3],"4":[2,0],"5":[1,0],"6":[1,1],"7":[0,2],"8":[1,1]}}
,"/home/lorenzo/Documents/42-matcha/Back-End/src/controllers/notification.controller.ts": {"path":"/home/lorenzo/Documents/42-matcha/Back-End/src/controllers/notification.controller.ts","statementMap":{"0":{"start":{"line":1,"column":0},"end":{"line":1,"column":69}},"1":{"start":{"line":2,"column":0},"end":{"line":2,"column":59}},"2":{"start":{"line":4,"column":0},"end":{"line":4,"column":35}},"3":{"start":{"line":5,"column":0},"end":{"line":5,"column":97}},"4":{"start":{"line":8,"column":21},"end":{"line":8,"column":52}},"5":{"start":{"line":10,"column":8},"end":{"line":29,"column":2}},"6":{"start":{"line":11,"column":17},"end":{"line":11,"column":37}},"7":{"start":{"line":12,"column":2},"end":{"line":12,"column":70}},"8":{"start":{"line":12,"column":15},"end":{"line":12,"column":70}},"9":{"start":{"line":13,"column":2},"end":{"line":28,"column":3}},"10":{"start":{"line":14,"column":22},"end":{"line":14,"column":49}},"11":{"start":{"line":15,"column":16},"end":{"line":15,"column":36}},"12":{"start":{"line":16,"column":17},"end":{"line":16,"column":39}},"13":{"start":{"line":17,"column":18},"end":{"line":22,"column":null}},"14":{"start":{"line":24,"column":3},"end":{"line":24,"column":20}},"15":{"start":{"line":26,"column":3},"end":{"line":26,"column":51}},"16":{"start":{"line":27,"column":3},"end":{"line":27,"column":92}},"17":{"start":{"line":31,"column":14},"end":{"line":46,"column":2}},"18":{"start":{"line":32,"column":17},"end":{"line":32,"column":37}},"19":{"start":{"line":33,"column":2},"end":{"line":33,"column":70}},"20":{"start":{"line":33,"column":15},"end":{"line":33,"column":70}},"21":{"start":{"line":34,"column":2},"end":{"line":45,"column":3}},"22":{"start":{"line":35,"column":22},"end":{"line":35,"column":49}},"23":{"start":{"line":36,"column":16},"end":{"line":36,"column":36}},"24":{"start":{"line":37,"column":17},"end":{"line":37,"column":39}},"25":{"start":{"line":38,"column":18},"end":{"line":38,"column":68}},"26":{"start":{"line":39,"column":3},"end":{"line":39,"column":20}},"27":{"start":{"line":41,"column":3},"end":{"line":41,"column":58}},"28":{"start":{"line":42,"column":3},"end":{"line":44,"column":85}},"29":{"start":{"line":48,"column":15},"end":{"line":58,"column":2}},"30":{"start":{"line":49,"column":17},"end":{"line":49,"column":37}},"31":{"start":{"line":50,"column":2},"end":{"line":50,"column":70}},"32":{"start":{"line":50,"column":15},"end":{"line":50,"column":70}},"33":{"start":{"line":51,"column":2},"end":{"line":57,"column":3}},"34":{"start":{"line":52,"column":16},"end":{"line":52,"column":54}},"35":{"start":{"line":53,"column":3},"end":{"line":53,"column":18}},"36":{"start":{"line":55,"column":3},"end":{"line":55,"column":49}},"37":{"start":{"line":56,"column":3},"end":{"line":56,"column":90}},"38":{"start":{"line":60,"column":12},"end":{"line":77,"column":2}},"39":{"start":{"line":61,"column":17},"end":{"line":61,"column":37}},"40":{"start":{"line":62,"column":2},"end":{"line":62,"column":70}},"41":{"start":{"line":62,"column":15},"end":{"line":62,"column":70}},"42":{"start":{"line":63,"column":17},"end":{"line":63,"column":27}},"43":{"start":{"line":64,"column":2},"end":{"line":76,"column":3}},"44":{"start":{"line":65,"column":15},"end":{"line":65,"column":54}},"45":{"start":{"line":66,"column":3},"end":{"line":67,"column":91}},"46":{"start":{"line":67,"column":4},"end":{"line":67,"column":91}},"47":{"start":{"line":70,"column":3},"end":{"line":70,"column":36}},"48":{"start":{"line":72,"column":3},"end":{"line":72,"column":17}},"49":{"start":{"line":74,"column":3},"end":{"line":74,"column":55}},"50":{"start":{"line":75,"column":3},"end":{"line":75,"column":96}},"51":{"start":{"line":79,"column":15},"end":{"line":95,"column":2}},"52":{"start":{"line":80,"column":17},"end":{"line":80,"column":37}},"53":{"start":{"line":81,"column":2},"end":{"line":81,"column":70}},"54":{"start":{"line":81,"column":15},"end":{"line":81,"column":70}},"55":{"start":{"line":82,"column":2},"end":{"line":94,"column":3}},"56":{"start":{"line":83,"column":18},"end":{"line":83,"column":56}},"57":{"start":{"line":86,"column":3},"end":{"line":86,"column":36}},"58":{"start":{"line":88,"column":3},"end":{"line":88,"column":20}},"59":{"start":{"line":90,"column":3},"end":{"line":90,"column":60}},"60":{"start":{"line":91,"column":3},"end":{"line":93,"column":87}},"61":{"start":{"line":7,"column":0},"end":{"line":7,"column":13}}},"fnMap":{"0":{"name":"(anonymous_0)","decl":{"start":{"line":8,"column":1},"end":{"line":8,"column":21}},"loc":{"start":{"line":8,"column":77},"end":{"line":8,"column":81}}},"1":{"name":"(anonymous_1)","decl":{"start":{"line":10,"column":8},"end":{"line":10,"column":13}},"loc":{"start":{"line":10,"column":46},"end":{"line":29,"column":2}}},"2":{"name":"(anonymous_2)","decl":{"start":{"line":31,"column":14},"end":{"line":31,"column":19}},"loc":{"start":{"line":31,"column":52},"end":{"line":46,"column":2}}},"3":{"name":"(anonymous_3)","decl":{"start":{"line":48,"column":15},"end":{"line":48,"column":20}},"loc":{"start":{"line":48,"column":54},"end":{"line":58,"column":2}}},"4":{"name":"(anonymous_4)","decl":{"start":{"line":60,"column":12},"end":{"line":60,"column":17}},"loc":{"start":{"line":60,"column":50},"end":{"line":77,"column":2}}},"5":{"name":"(anonymous_5)","decl":{"start":{"line":79,"column":15},"end":{"line":79,"column":20}},"loc":{"start":{"line":79,"column":54},"end":{"line":95,"column":2}}}},"branchMap":{"0":{"loc":{"start":{"line":8,"column":21},"end":{"line":8,"column":77}},"type":"default-arg","locations":[{"start":{"line":8,"column":52},"end":{"line":8,"column":77}}]},"1":{"loc":{"start":{"line":12,"column":2},"end":{"line":12,"column":70}},"type":"if","locations":[{"start":{"line":12,"column":2},"end":{"line":12,"column":70}},{"start":{},"end":{}}]},"2":{"loc":{"start":{"line":15,"column":16},"end":{"line":15,"column":36}},"type":"binary-expr","locations":[{"start":{"line":15,"column":16},"end":{"line":15,"column":31}},{"start":{"line":15,"column":35},"end":{"line":15,"column":36}}]},"3":{"loc":{"start":{"line":16,"column":17},"end":{"line":16,"column":39}},"type":"binary-expr","locations":[{"start":{"line":16,"column":17},"end":{"line":16,"column":33}},{"start":{"line":16,"column":37},"end":{"line":16,"column":39}}]},"4":{"loc":{"start":{"line":33,"column":2},"end":{"line":33,"column":70}},"type":"if","locations":[{"start":{"line":33,"column":2},"end":{"line":33,"column":70}},{"start":{},"end":{}}]},"5":{"loc":{"start":{"line":36,"column":16},"end":{"line":36,"column":36}},"type":"binary-expr","locations":[{"start":{"line":36,"column":16},"end":{"line":36,"column":31}},{"start":{"line":36,"column":35},"end":{"line":36,"column":36}}]},"6":{"loc":{"start":{"line":37,"column":17},"end":{"line":37,"column":39}},"type":"binary-expr","locations":[{"start":{"line":37,"column":17},"end":{"line":37,"column":33}},{"start":{"line":37,"column":37},"end":{"line":37,"column":39}}]},"7":{"loc":{"start":{"line":50,"column":2},"end":{"line":50,"column":70}},"type":"if","locations":[{"start":{"line":50,"column":2},"end":{"line":50,"column":70}},{"start":{},"end":{}}]},"8":{"loc":{"start":{"line":62,"column":2},"end":{"line":62,"column":70}},"type":"if","locations":[{"start":{"line":62,"column":2},"end":{"line":62,"column":70}},{"start":{},"end":{}}]},"9":{"loc":{"start":{"line":66,"column":3},"end":{"line":67,"column":91}},"type":"if","locations":[{"start":{"line":66,"column":3},"end":{"line":67,"column":91}},{"start":{},"end":{}}]},"10":{"loc":{"start":{"line":81,"column":2},"end":{"line":81,"column":70}},"type":"if","locations":[{"start":{"line":81,"column":2},"end":{"line":81,"column":70}},{"start":{},"end":{}}]}},"s":{"0":11,"1":11,"2":11,"3":11,"4":11,"5":11,"6":1,"7":1,"8":0,"9":1,"10":1,"11":1,"12":1,"13":1,"14":1,"15":0,"16":0,"17":11,"18":0,"19":0,"20":0,"21":0,"22":0,"23":0,"24":0,"25":0,"26":0,"27":0,"28":0,"29":11,"30":1,"31":1,"32":0,"33":1,"34":1,"35":1,"36":0,"37":0,"38":11,"39":1,"40":1,"41":0,"42":1,"43":1,"44":1,"45":1,"46":0,"47":1,"48":1,"49":0,"50":0,"51":11,"52":1,"53":1,"54":0,"55":1,"56":1,"57":1,"58":1,"59":0,"60":0,"61":11},"f":{"0":11,"1":1,"2":0,"3":1,"4":1,"5":1},"b":{"0":[11],"1":[0,1],"2":[1,0],"3":[1,0],"4":[0,0],"5":[0,0],"6":[0,0],"7":[0,1],"8":[0,1],"9":[0,1],"10":[0,1]}}
,"/home/lorenzo/Documents/42-matcha/Back-End/src/controllers/photo.controller.ts": {"path":"/home/lorenzo/Documents/42-matcha/Back-End/src/controllers/photo.controller.ts","statementMap":{"0":{"start":{"line":4,"column":0},"end":{"line":4,"column":35}},"1":{"start":{"line":14,"column":2},"end":{"line":14,"column":35}},"2":{"start":{"line":21,"column":2},"end":{"line":48,"column":3}},"3":{"start":{"line":22,"column":18},"end":{"line":22,"column":37}},"4":{"start":{"line":23,"column":3},"end":{"line":31,"column":4}},"5":{"start":{"line":24,"column":41},"end":{"line":28,"column":6}},"6":{"start":{"line":29,"column":4},"end":{"line":29,"column":40}},"7":{"start":{"line":30,"column":4},"end":{"line":30,"column":11}},"8":{"start":{"line":33,"column":18},"end":{"line":33,"column":63}},"9":{"start":{"line":34,"column":39},"end":{"line":37,"column":5}},"10":{"start":{"line":39,"column":3},"end":{"line":39,"column":34}},"11":{"start":{"line":41,"column":3},"end":{"line":41,"column":60}},"12":{"start":{"line":42,"column":40},"end":{"line":46,"column":5}},"13":{"start":{"line":47,"column":3},"end":{"line":47,"column":39}},"14":{"start":{"line":55,"column":2},"end":{"line":92,"column":3}},"15":{"start":{"line":56,"column":18},"end":{"line":56,"column":37}},"16":{"start":{"line":57,"column":3},"end":{"line":65,"column":4}},"17":{"start":{"line":58,"column":41},"end":{"line":62,"column":6}},"18":{"start":{"line":63,"column":4},"end":{"line":63,"column":40}},"19":{"start":{"line":64,"column":4},"end":{"line":64,"column":11}},"20":{"start":{"line":67,"column":3},"end":{"line":75,"column":4}},"21":{"start":{"line":68,"column":41},"end":{"line":72,"column":6}},"22":{"start":{"line":73,"column":4},"end":{"line":73,"column":40}},"23":{"start":{"line":74,"column":4},"end":{"line":74,"column":11}},"24":{"start":{"line":77,"column":25},"end":{"line":77,"column":78}},"25":{"start":{"line":78,"column":35},"end":{"line":81,"column":5}},"26":{"start":{"line":83,"column":3},"end":{"line":83,"column":34}},"27":{"start":{"line":85,"column":3},"end":{"line":85,"column":52}},"28":{"start":{"line":86,"column":40},"end":{"line":90,"column":5}},"29":{"start":{"line":91,"column":3},"end":{"line":91,"column":39}},"30":{"start":{"line":99,"column":2},"end":{"line":132,"column":3}},"31":{"start":{"line":100,"column":23},"end":{"line":100,"column":33}},"32":{"start":{"line":101,"column":18},"end":{"line":101,"column":37}},"33":{"start":{"line":103,"column":3},"end":{"line":111,"column":4}},"34":{"start":{"line":104,"column":41},"end":{"line":108,"column":6}},"35":{"start":{"line":109,"column":4},"end":{"line":109,"column":40}},"36":{"start":{"line":110,"column":4},"end":{"line":110,"column":11}},"37":{"start":{"line":113,"column":17},"end":{"line":113,"column":70}},"38":{"start":{"line":114,"column":3},"end":{"line":122,"column":4}},"39":{"start":{"line":115,"column":41},"end":{"line":119,"column":6}},"40":{"start":{"line":120,"column":4},"end":{"line":120,"column":40}},"41":{"start":{"line":121,"column":4},"end":{"line":121,"column":11}},"42":{"start":{"line":124,"column":3},"end":{"line":124,"column":31}},"43":{"start":{"line":126,"column":40},"end":{"line":130,"column":5}},"44":{"start":{"line":131,"column":3},"end":{"line":131,"column":39}},"45":{"start":{"line":139,"column":2},"end":{"line":172,"column":3}},"46":{"start":{"line":140,"column":23},"end":{"line":140,"column":33}},"47":{"start":{"line":141,"column":18},"end":{"line":141,"column":37}},"48":{"start":{"line":143,"column":3},"end":{"line":151,"column":4}},"49":{"start":{"line":144,"column":41},"end":{"line":148,"column":6}},"50":{"start":{"line":149,"column":4},"end":{"line":149,"column":40}},"51":{"start":{"line":150,"column":4},"end":{"line":150,"column":11}},"52":{"start":{"line":153,"column":19},"end":{"line":153,"column":71}},"53":{"start":{"line":154,"column":3},"end":{"line":162,"column":4}},"54":{"start":{"line":155,"column":41},"end":{"line":159,"column":6}},"55":{"start":{"line":160,"column":4},"end":{"line":160,"column":40}},"56":{"start":{"line":161,"column":4},"end":{"line":161,"column":11}},"57":{"start":{"line":164,"column":3},"end":{"line":164,"column":26}},"58":{"start":{"line":166,"column":40},"end":{"line":170,"column":5}},"59":{"start":{"line":171,"column":3},"end":{"line":171,"column":39}},"60":{"start":{"line":179,"column":2},"end":{"line":230,"column":3}},"61":{"start":{"line":180,"column":23},"end":{"line":180,"column":33}},"62":{"start":{"line":181,"column":18},"end":{"line":181,"column":37}},"63":{"start":{"line":183,"column":3},"end":{"line":191,"column":4}},"64":{"start":{"line":184,"column":41},"end":{"line":188,"column":6}},"65":{"start":{"line":189,"column":4},"end":{"line":189,"column":40}},"66":{"start":{"line":190,"column":4},"end":{"line":190,"column":11}},"67":{"start":{"line":193,"column":19},"end":{"line":193,"column":72}},"68":{"start":{"line":194,"column":3},"end":{"line":202,"column":4}},"69":{"start":{"line":195,"column":41},"end":{"line":199,"column":6}},"70":{"start":{"line":200,"column":4},"end":{"line":200,"column":40}},"71":{"start":{"line":201,"column":4},"end":{"line":201,"column":11}},"72":{"start":{"line":205,"column":24},"end":{"line":205,"column":77}},"73":{"start":{"line":206,"column":3},"end":{"line":215,"column":4}},"74":{"start":{"line":208,"column":41},"end":{"line":212,"column":6}},"75":{"start":{"line":213,"column":4},"end":{"line":213,"column":40}},"76":{"start":{"line":214,"column":4},"end":{"line":214,"column":11}},"77":{"start":{"line":217,"column":35},"end":{"line":220,"column":5}},"78":{"start":{"line":222,"column":3},"end":{"line":222,"column":34}},"79":{"start":{"line":224,"column":40},"end":{"line":228,"column":5}},"80":{"start":{"line":229,"column":3},"end":{"line":229,"column":39}},"81":{"start":{"line":10,"column":0},"end":{"line":10,"column":13}}},"fnMap":{"0":{"name":"(anonymous_0)","decl":{"start":{"line":13,"column":1},"end":{"line":13,"column":13}},"loc":{"start":{"line":13,"column":39},"end":{"line":15,"column":2}}},"1":{"name":"(anonymous_1)","decl":{"start":{"line":20,"column":8},"end":{"line":20,"column":13}},"loc":{"start":{"line":20,"column":56},"end":{"line":49,"column":2}}},"2":{"name":"(anonymous_2)","decl":{"start":{"line":54,"column":8},"end":{"line":54,"column":13}},"loc":{"start":{"line":54,"column":53},"end":{"line":93,"column":2}}},"3":{"name":"(anonymous_3)","decl":{"start":{"line":98,"column":8},"end":{"line":98,"column":13}},"loc":{"start":{"line":98,"column":54},"end":{"line":133,"column":2}}},"4":{"name":"(anonymous_4)","decl":{"start":{"line":138,"column":8},"end":{"line":138,"column":13}},"loc":{"start":{"line":138,"column":53},"end":{"line":173,"column":2}}},"5":{"name":"(anonymous_5)","decl":{"start":{"line":178,"column":8},"end":{"line":178,"column":13}},"loc":{"start":{"line":178,"column":54},"end":{"line":231,"column":2}}}},"branchMap":{"0":{"loc":{"start":{"line":23,"column":3},"end":{"line":31,"column":4}},"type":"if","locations":[{"start":{"line":23,"column":3},"end":{"line":31,"column":4}},{"start":{},"end":{}}]},"1":{"loc":{"start":{"line":57,"column":3},"end":{"line":65,"column":4}},"type":"if","locations":[{"start":{"line":57,"column":3},"end":{"line":65,"column":4}},{"start":{},"end":{}}]},"2":{"loc":{"start":{"line":67,"column":3},"end":{"line":75,"column":4}},"type":"if","locations":[{"start":{"line":67,"column":3},"end":{"line":75,"column":4}},{"start":{},"end":{}}]},"3":{"loc":{"start":{"line":103,"column":3},"end":{"line":111,"column":4}},"type":"if","locations":[{"start":{"line":103,"column":3},"end":{"line":111,"column":4}},{"start":{},"end":{}}]},"4":{"loc":{"start":{"line":114,"column":3},"end":{"line":122,"column":4}},"type":"if","locations":[{"start":{"line":114,"column":3},"end":{"line":122,"column":4}},{"start":{},"end":{}}]},"5":{"loc":{"start":{"line":143,"column":3},"end":{"line":151,"column":4}},"type":"if","locations":[{"start":{"line":143,"column":3},"end":{"line":151,"column":4}},{"start":{},"end":{}}]},"6":{"loc":{"start":{"line":154,"column":3},"end":{"line":162,"column":4}},"type":"if","locations":[{"start":{"line":154,"column":3},"end":{"line":162,"column":4}},{"start":{},"end":{}}]},"7":{"loc":{"start":{"line":183,"column":3},"end":{"line":191,"column":4}},"type":"if","locations":[{"start":{"line":183,"column":3},"end":{"line":191,"column":4}},{"start":{},"end":{}}]},"8":{"loc":{"start":{"line":194,"column":3},"end":{"line":202,"column":4}},"type":"if","locations":[{"start":{"line":194,"column":3},"end":{"line":202,"column":4}},{"start":{},"end":{}}]},"9":{"loc":{"start":{"line":206,"column":3},"end":{"line":215,"column":4}},"type":"if","locations":[{"start":{"line":206,"column":3},"end":{"line":215,"column":4}},{"start":{},"end":{}}]}},"s":{"0":11,"1":11,"2":1,"3":1,"4":1,"5":0,"6":0,"7":0,"8":1,"9":1,"10":1,"11":0,"12":0,"13":0,"14":20,"15":20,"16":20,"17":0,"18":0,"19":0,"20":20,"21":1,"22":1,"23":1,"24":19,"25":17,"26":17,"27":2,"28":2,"29":2,"30":2,"31":2,"32":2,"33":2,"34":0,"35":0,"36":0,"37":2,"38":1,"39":0,"40":0,"41":0,"42":1,"43":1,"44":1,"45":2,"46":2,"47":2,"48":2,"49":0,"50":0,"51":0,"52":2,"53":1,"54":0,"55":0,"56":0,"57":1,"58":1,"59":1,"60":2,"61":2,"62":2,"63":2,"64":0,"65":0,"66":0,"67":2,"68":1,"69":0,"70":0,"71":0,"72":1,"73":1,"74":0,"75":0,"76":0,"77":1,"78":1,"79":1,"80":1,"81":11},"f":{"0":11,"1":1,"2":20,"3":2,"4":2,"5":2},"b":{"0":[0,1],"1":[0,20],"2":[1,19],"3":[0,2],"4":[0,1],"5":[0,2],"6":[0,1],"7":[0,2],"8":[0,1],"9":[0,1]}}
,"/home/lorenzo/Documents/42-matcha/Back-End/src/controllers/user.controller.ts": {"path":"/home/lorenzo/Documents/42-matcha/Back-End/src/controllers/user.controller.ts","statementMap":{"0":{"start":{"line":2,"column":0},"end":{"line":2,"column":72}},"1":{"start":{"line":4,"column":0},"end":{"line":4,"column":59}},"2":{"start":{"line":5,"column":0},"end":{"line":5,"column":82}},"3":{"start":{"line":7,"column":0},"end":{"line":7,"column":35}},"4":{"start":{"line":17,"column":2},"end":{"line":17,"column":33}},"5":{"start":{"line":21,"column":17},"end":{"line":21,"column":37}},"6":{"start":{"line":23,"column":2},"end":{"line":30,"column":3}},"7":{"start":{"line":24,"column":40},"end":{"line":28,"column":5}},"8":{"start":{"line":29,"column":3},"end":{"line":29,"column":46}},"9":{"start":{"line":32,"column":2},"end":{"line":54,"column":3}},"10":{"start":{"line":33,"column":16},"end":{"line":33,"column":58}},"11":{"start":{"line":35,"column":3},"end":{"line":42,"column":4}},"12":{"start":{"line":36,"column":41},"end":{"line":40,"column":6}},"13":{"start":{"line":41,"column":4},"end":{"line":41,"column":47}},"14":{"start":{"line":43,"column":19},"end":{"line":43,"column":40}},"15":{"start":{"line":45,"column":3},"end":{"line":45,"column":38}},"16":{"start":{"line":47,"column":3},"end":{"line":47,"column":71}},"17":{"start":{"line":48,"column":40},"end":{"line":52,"column":5}},"18":{"start":{"line":53,"column":3},"end":{"line":53,"column":46}},"19":{"start":{"line":61,"column":17},"end":{"line":61,"column":27}},"20":{"start":{"line":62,"column":21},"end":{"line":62,"column":41}},"21":{"start":{"line":64,"column":2},"end":{"line":87,"column":3}},"22":{"start":{"line":65,"column":16},"end":{"line":65,"column":66}},"23":{"start":{"line":67,"column":3},"end":{"line":75,"column":4}},"24":{"start":{"line":68,"column":41},"end":{"line":72,"column":6}},"25":{"start":{"line":73,"column":4},"end":{"line":73,"column":40}},"26":{"start":{"line":74,"column":4},"end":{"line":74,"column":11}},"27":{"start":{"line":76,"column":19},"end":{"line":76,"column":40}},"28":{"start":{"line":78,"column":3},"end":{"line":78,"column":31}},"29":{"start":{"line":80,"column":3},"end":{"line":80,"column":68}},"30":{"start":{"line":81,"column":40},"end":{"line":85,"column":5}},"31":{"start":{"line":86,"column":3},"end":{"line":86,"column":39}},"32":{"start":{"line":94,"column":17},"end":{"line":94,"column":37}},"33":{"start":{"line":95,"column":2},"end":{"line":95,"column":96}},"34":{"start":{"line":96,"column":2},"end":{"line":104,"column":3}},"35":{"start":{"line":97,"column":40},"end":{"line":101,"column":5}},"36":{"start":{"line":102,"column":3},"end":{"line":102,"column":39}},"37":{"start":{"line":103,"column":3},"end":{"line":103,"column":10}},"38":{"start":{"line":107,"column":21},"end":{"line":107,"column":51}},"39":{"start":{"line":109,"column":2},"end":{"line":118,"column":3}},"40":{"start":{"line":110,"column":40},"end":{"line":115,"column":5}},"41":{"start":{"line":116,"column":3},"end":{"line":116,"column":39}},"42":{"start":{"line":117,"column":3},"end":{"line":117,"column":10}},"43":{"start":{"line":121,"column":2},"end":{"line":129,"column":3}},"44":{"start":{"line":122,"column":40},"end":{"line":126,"column":5}},"45":{"start":{"line":127,"column":3},"end":{"line":127,"column":39}},"46":{"start":{"line":128,"column":3},"end":{"line":128,"column":10}},"47":{"start":{"line":131,"column":2},"end":{"line":160,"column":3}},"48":{"start":{"line":132,"column":3},"end":{"line":134,"column":5}},"49":{"start":{"line":135,"column":23},"end":{"line":137,"column":null}},"50":{"start":{"line":140,"column":3},"end":{"line":148,"column":4}},"51":{"start":{"line":141,"column":41},"end":{"line":145,"column":6}},"52":{"start":{"line":146,"column":4},"end":{"line":146,"column":40}},"53":{"start":{"line":147,"column":4},"end":{"line":147,"column":11}},"54":{"start":{"line":151,"column":3},"end":{"line":151,"column":54}},"55":{"start":{"line":153,"column":3},"end":{"line":153,"column":76}},"56":{"start":{"line":154,"column":40},"end":{"line":158,"column":5}},"57":{"start":{"line":159,"column":3},"end":{"line":159,"column":39}},"58":{"start":{"line":167,"column":17},"end":{"line":167,"column":37}},"59":{"start":{"line":169,"column":2},"end":{"line":177,"column":3}},"60":{"start":{"line":170,"column":40},"end":{"line":174,"column":5}},"61":{"start":{"line":175,"column":3},"end":{"line":175,"column":39}},"62":{"start":{"line":176,"column":3},"end":{"line":176,"column":10}},"63":{"start":{"line":180,"column":21},"end":{"line":180,"column":49}},"64":{"start":{"line":182,"column":2},"end":{"line":191,"column":3}},"65":{"start":{"line":183,"column":40},"end":{"line":188,"column":5}},"66":{"start":{"line":189,"column":3},"end":{"line":189,"column":39}},"67":{"start":{"line":190,"column":3},"end":{"line":190,"column":10}},"68":{"start":{"line":193,"column":2},"end":{"line":219,"column":3}},"69":{"start":{"line":194,"column":23},"end":{"line":196,"column":null}},"70":{"start":{"line":199,"column":3},"end":{"line":207,"column":4}},"71":{"start":{"line":200,"column":41},"end":{"line":204,"column":6}},"72":{"start":{"line":205,"column":4},"end":{"line":205,"column":40}},"73":{"start":{"line":206,"column":4},"end":{"line":206,"column":11}},"74":{"start":{"line":210,"column":3},"end":{"line":210,"column":54}},"75":{"start":{"line":212,"column":3},"end":{"line":212,"column":74}},"76":{"start":{"line":213,"column":40},"end":{"line":217,"column":5}},"77":{"start":{"line":218,"column":3},"end":{"line":218,"column":39}},"78":{"start":{"line":226,"column":17},"end":{"line":226,"column":37}},"79":{"start":{"line":227,"column":23},"end":{"line":227,"column":36}},"80":{"start":{"line":229,"column":2},"end":{"line":237,"column":3}},"81":{"start":{"line":230,"column":40},"end":{"line":234,"column":5}},"82":{"start":{"line":235,"column":3},"end":{"line":235,"column":39}},"83":{"start":{"line":236,"column":3},"end":{"line":236,"column":10}},"84":{"start":{"line":239,"column":2},"end":{"line":247,"column":3}},"85":{"start":{"line":240,"column":40},"end":{"line":244,"column":5}},"86":{"start":{"line":245,"column":3},"end":{"line":245,"column":39}},"87":{"start":{"line":246,"column":3},"end":{"line":246,"column":10}},"88":{"start":{"line":249,"column":19},"end":{"line":249,"column":27}},"89":{"start":{"line":251,"column":2},"end":{"line":259,"column":3}},"90":{"start":{"line":252,"column":40},"end":{"line":256,"column":5}},"91":{"start":{"line":257,"column":3},"end":{"line":257,"column":39}},"92":{"start":{"line":258,"column":3},"end":{"line":258,"column":10}},"93":{"start":{"line":261,"column":2},"end":{"line":280,"column":3}},"94":{"start":{"line":262,"column":18},"end":{"line":262,"column":77}},"95":{"start":{"line":264,"column":51},"end":{"line":270,"column":5}},"96":{"start":{"line":271,"column":3},"end":{"line":271,"column":41}},"97":{"start":{"line":273,"column":3},"end":{"line":273,"column":94}},"98":{"start":{"line":274,"column":40},"end":{"line":278,"column":5}},"99":{"start":{"line":279,"column":3},"end":{"line":279,"column":39}},"100":{"start":{"line":287,"column":17},"end":{"line":287,"column":37}},"101":{"start":{"line":288,"column":23},"end":{"line":288,"column":36}},"102":{"start":{"line":290,"column":2},"end":{"line":298,"column":3}},"103":{"start":{"line":291,"column":40},"end":{"line":295,"column":5}},"104":{"start":{"line":296,"column":3},"end":{"line":296,"column":39}},"105":{"start":{"line":297,"column":3},"end":{"line":297,"column":10}},"106":{"start":{"line":300,"column":2},"end":{"line":321,"column":3}},"107":{"start":{"line":301,"column":19},"end":{"line":301,"column":74}},"108":{"start":{"line":303,"column":3},"end":{"line":312,"column":4}},"109":{"start":{"line":304,"column":4},"end":{"line":304,"column":27}},"110":{"start":{"line":306,"column":41},"end":{"line":310,"column":6}},"111":{"start":{"line":311,"column":4},"end":{"line":311,"column":40}},"112":{"start":{"line":314,"column":3},"end":{"line":314,"column":88}},"113":{"start":{"line":315,"column":40},"end":{"line":319,"column":5}},"114":{"start":{"line":320,"column":3},"end":{"line":320,"column":39}},"115":{"start":{"line":328,"column":17},"end":{"line":328,"column":30}},"116":{"start":{"line":329,"column":24},"end":{"line":329,"column":44}},"117":{"start":{"line":330,"column":15},"end":{"line":330,"column":58}},"118":{"start":{"line":331,"column":16},"end":{"line":331,"column":61}},"119":{"start":{"line":333,"column":2},"end":{"line":341,"column":3}},"120":{"start":{"line":334,"column":40},"end":{"line":338,"column":5}},"121":{"start":{"line":339,"column":3},"end":{"line":339,"column":39}},"122":{"start":{"line":340,"column":3},"end":{"line":340,"column":10}},"123":{"start":{"line":344,"column":2},"end":{"line":352,"column":3}},"124":{"start":{"line":345,"column":40},"end":{"line":349,"column":5}},"125":{"start":{"line":350,"column":3},"end":{"line":350,"column":39}},"126":{"start":{"line":351,"column":3},"end":{"line":351,"column":10}},"127":{"start":{"line":354,"column":2},"end":{"line":373,"column":3}},"128":{"start":{"line":355,"column":18},"end":{"line":355,"column":74}},"129":{"start":{"line":357,"column":44},"end":{"line":363,"column":5}},"130":{"start":{"line":364,"column":3},"end":{"line":364,"column":29}},"131":{"start":{"line":366,"column":3},"end":{"line":366,"column":72}},"132":{"start":{"line":367,"column":40},"end":{"line":371,"column":5}},"133":{"start":{"line":372,"column":3},"end":{"line":372,"column":39}},"134":{"start":{"line":380,"column":17},"end":{"line":380,"column":30}},"135":{"start":{"line":381,"column":24},"end":{"line":381,"column":44}},"136":{"start":{"line":382,"column":15},"end":{"line":382,"column":58}},"137":{"start":{"line":383,"column":16},"end":{"line":383,"column":61}},"138":{"start":{"line":385,"column":2},"end":{"line":393,"column":3}},"139":{"start":{"line":386,"column":40},"end":{"line":390,"column":5}},"140":{"start":{"line":391,"column":3},"end":{"line":391,"column":39}},"141":{"start":{"line":392,"column":3},"end":{"line":392,"column":10}},"142":{"start":{"line":396,"column":2},"end":{"line":404,"column":3}},"143":{"start":{"line":397,"column":40},"end":{"line":401,"column":5}},"144":{"start":{"line":402,"column":3},"end":{"line":402,"column":39}},"145":{"start":{"line":403,"column":3},"end":{"line":403,"column":10}},"146":{"start":{"line":406,"column":2},"end":{"line":425,"column":3}},"147":{"start":{"line":407,"column":18},"end":{"line":407,"column":77}},"148":{"start":{"line":409,"column":44},"end":{"line":415,"column":5}},"149":{"start":{"line":416,"column":3},"end":{"line":416,"column":29}},"150":{"start":{"line":418,"column":3},"end":{"line":418,"column":75}},"151":{"start":{"line":419,"column":40},"end":{"line":423,"column":5}},"152":{"start":{"line":424,"column":3},"end":{"line":424,"column":39}},"153":{"start":{"line":432,"column":24},"end":{"line":432,"column":44}},"154":{"start":{"line":433,"column":23},"end":{"line":433,"column":36}},"155":{"start":{"line":435,"column":2},"end":{"line":443,"column":3}},"156":{"start":{"line":436,"column":40},"end":{"line":440,"column":5}},"157":{"start":{"line":441,"column":3},"end":{"line":441,"column":39}},"158":{"start":{"line":442,"column":3},"end":{"line":442,"column":10}},"159":{"start":{"line":445,"column":2},"end":{"line":453,"column":3}},"160":{"start":{"line":446,"column":40},"end":{"line":450,"column":5}},"161":{"start":{"line":451,"column":3},"end":{"line":451,"column":39}},"162":{"start":{"line":452,"column":3},"end":{"line":452,"column":10}},"163":{"start":{"line":455,"column":2},"end":{"line":468,"column":3}},"164":{"start":{"line":456,"column":3},"end":{"line":456,"column":65}},"165":{"start":{"line":459,"column":3},"end":{"line":459,"column":26}},"166":{"start":{"line":461,"column":3},"end":{"line":461,"column":94}},"167":{"start":{"line":462,"column":40},"end":{"line":466,"column":5}},"168":{"start":{"line":467,"column":3},"end":{"line":467,"column":39}},"169":{"start":{"line":475,"column":24},"end":{"line":475,"column":44}},"170":{"start":{"line":476,"column":23},"end":{"line":476,"column":36}},"171":{"start":{"line":478,"column":2},"end":{"line":486,"column":3}},"172":{"start":{"line":479,"column":40},"end":{"line":483,"column":5}},"173":{"start":{"line":484,"column":3},"end":{"line":484,"column":39}},"174":{"start":{"line":485,"column":3},"end":{"line":485,"column":10}},"175":{"start":{"line":488,"column":2},"end":{"line":501,"column":3}},"176":{"start":{"line":489,"column":3},"end":{"line":489,"column":67}},"177":{"start":{"line":492,"column":3},"end":{"line":492,"column":26}},"178":{"start":{"line":494,"column":3},"end":{"line":494,"column":96}},"179":{"start":{"line":495,"column":40},"end":{"line":499,"column":5}},"180":{"start":{"line":500,"column":3},"end":{"line":500,"column":39}},"181":{"start":{"line":508,"column":17},"end":{"line":508,"column":30}},"182":{"start":{"line":509,"column":24},"end":{"line":509,"column":44}},"183":{"start":{"line":510,"column":15},"end":{"line":510,"column":58}},"184":{"start":{"line":511,"column":16},"end":{"line":511,"column":61}},"185":{"start":{"line":513,"column":2},"end":{"line":521,"column":3}},"186":{"start":{"line":514,"column":40},"end":{"line":518,"column":5}},"187":{"start":{"line":519,"column":3},"end":{"line":519,"column":39}},"188":{"start":{"line":520,"column":3},"end":{"line":520,"column":10}},"189":{"start":{"line":524,"column":2},"end":{"line":532,"column":3}},"190":{"start":{"line":525,"column":40},"end":{"line":529,"column":5}},"191":{"start":{"line":530,"column":3},"end":{"line":530,"column":39}},"192":{"start":{"line":531,"column":3},"end":{"line":531,"column":10}},"193":{"start":{"line":534,"column":2},"end":{"line":553,"column":3}},"194":{"start":{"line":535,"column":18},"end":{"line":535,"column":76}},"195":{"start":{"line":537,"column":44},"end":{"line":543,"column":5}},"196":{"start":{"line":544,"column":3},"end":{"line":544,"column":41}},"197":{"start":{"line":546,"column":3},"end":{"line":546,"column":74}},"198":{"start":{"line":547,"column":40},"end":{"line":551,"column":5}},"199":{"start":{"line":552,"column":3},"end":{"line":552,"column":39}},"200":{"start":{"line":560,"column":24},"end":{"line":560,"column":44}},"201":{"start":{"line":561,"column":16},"end":{"line":561,"column":80}},"202":{"start":{"line":562,"column":15},"end":{"line":562,"column":58}},"203":{"start":{"line":563,"column":16},"end":{"line":563,"column":61}},"204":{"start":{"line":565,"column":2},"end":{"line":573,"column":3}},"205":{"start":{"line":566,"column":40},"end":{"line":570,"column":5}},"206":{"start":{"line":571,"column":3},"end":{"line":571,"column":39}},"207":{"start":{"line":572,"column":3},"end":{"line":572,"column":10}},"208":{"start":{"line":576,"column":2},"end":{"line":584,"column":3}},"209":{"start":{"line":577,"column":40},"end":{"line":581,"column":5}},"210":{"start":{"line":582,"column":3},"end":{"line":582,"column":39}},"211":{"start":{"line":583,"column":3},"end":{"line":583,"column":10}},"212":{"start":{"line":586,"column":2},"end":{"line":608,"column":3}},"213":{"start":{"line":587,"column":18},"end":{"line":587,"column":94}},"214":{"start":{"line":589,"column":44},"end":{"line":598,"column":5}},"215":{"start":{"line":599,"column":3},"end":{"line":599,"column":41}},"216":{"start":{"line":601,"column":3},"end":{"line":601,"column":87}},"217":{"start":{"line":602,"column":40},"end":{"line":606,"column":5}},"218":{"start":{"line":607,"column":3},"end":{"line":607,"column":39}},"219":{"start":{"line":615,"column":24},"end":{"line":615,"column":44}},"220":{"start":{"line":616,"column":15},"end":{"line":616,"column":58}},"221":{"start":{"line":617,"column":16},"end":{"line":617,"column":61}},"222":{"start":{"line":619,"column":2},"end":{"line":627,"column":3}},"223":{"start":{"line":620,"column":40},"end":{"line":624,"column":5}},"224":{"start":{"line":625,"column":3},"end":{"line":625,"column":39}},"225":{"start":{"line":626,"column":3},"end":{"line":626,"column":10}},"226":{"start":{"line":629,"column":2},"end":{"line":650,"column":3}},"227":{"start":{"line":630,"column":18},"end":{"line":630,"column":89}},"228":{"start":{"line":632,"column":44},"end":{"line":640,"column":5}},"229":{"start":{"line":641,"column":3},"end":{"line":641,"column":41}},"230":{"start":{"line":643,"column":3},"end":{"line":643,"column":88}},"231":{"start":{"line":644,"column":40},"end":{"line":648,"column":5}},"232":{"start":{"line":649,"column":3},"end":{"line":649,"column":39}},"233":{"start":{"line":657,"column":24},"end":{"line":657,"column":44}},"234":{"start":{"line":658,"column":15},"end":{"line":658,"column":58}},"235":{"start":{"line":659,"column":16},"end":{"line":659,"column":61}},"236":{"start":{"line":661,"column":2},"end":{"line":669,"column":3}},"237":{"start":{"line":662,"column":40},"end":{"line":666,"column":5}},"238":{"start":{"line":667,"column":3},"end":{"line":667,"column":39}},"239":{"start":{"line":668,"column":3},"end":{"line":668,"column":10}},"240":{"start":{"line":671,"column":2},"end":{"line":692,"column":3}},"241":{"start":{"line":672,"column":18},"end":{"line":672,"column":83}},"242":{"start":{"line":674,"column":44},"end":{"line":682,"column":5}},"243":{"start":{"line":683,"column":3},"end":{"line":683,"column":41}},"244":{"start":{"line":685,"column":3},"end":{"line":685,"column":89}},"245":{"start":{"line":686,"column":40},"end":{"line":690,"column":5}},"246":{"start":{"line":691,"column":3},"end":{"line":691,"column":39}},"247":{"start":{"line":699,"column":24},"end":{"line":699,"column":44}},"248":{"start":{"line":701,"column":2},"end":{"line":709,"column":3}},"249":{"start":{"line":702,"column":40},"end":{"line":706,"column":5}},"250":{"start":{"line":707,"column":3},"end":{"line":707,"column":39}},"251":{"start":{"line":708,"column":3},"end":{"line":708,"column":10}},"252":{"start":{"line":711,"column":2},"end":{"line":799,"column":3}},"253":{"start":{"line":713,"column":17},"end":{"line":713,"column":42}},"254":{"start":{"line":714,"column":18},"end":{"line":714,"column":91}},"255":{"start":{"line":715,"column":18},"end":{"line":715,"column":91}},"256":{"start":{"line":716,"column":18},"end":{"line":716,"column":44}},"257":{"start":{"line":717,"column":20},"end":{"line":717,"column":48}},"258":{"start":{"line":718,"column":21},"end":{"line":718,"column":50}},"259":{"star
[...]
,"/home/lorenzo/Documents/42-matcha/Back-End/src/utils/user-validation.ts": {"path":"/home/lorenzo/Documents/42-matcha/Back-End/src/utils/user-validation.ts","statementMap":{"0":{"start":{"line":62,"column":0},"end":{"line":62,"column":16}},"1":{"start":{"line":98,"column":0},"end":{"line":98,"column":16}},"2":{"start":{"line":128,"column":0},"end":{"line":128,"column":16}},"3":{"start":{"line":213,"column":0},"end":{"line":213,"column":16}},"4":{"start":{"line":249,"column":0},"end":{"line":249,"column":16}},"5":{"start":{"line":5,"column":13},"end":{"line":18,"column":11}},"6":{"start":{"line":21,"column":13},"end":{"line":26,"column":11}},"7":{"start":{"line":29,"column":13},"end":{"line":36,"column":11}},"8":{"start":{"line":39,"column":13},"end":{"line":52,"column":11}},"9":{"start":{"line":67,"column":26},"end":{"line":67,"column":28}},"10":{"start":{"line":68,"column":33},"end":{"line":68,"column":35}},"11":{"start":{"line":70,"column":1},"end":{"line":86,"column":2}},"12":{"start":{"line":71,"column":27},"end":{"line":71,"column":80}},"13":{"start":{"line":72,"column":26},"end":{"line":72,"column":78}},"14":{"start":{"line":73,"column":29},"end":{"line":73,"column":84}},"15":{"start":{"line":75,"column":2},"end":{"line":85,"column":3}},"16":{"start":{"line":76,"column":3},"end":{"line":76,"column":29}},"17":{"start":{"line":77,"column":3},"end":{"line":81,"column":4}},"18":{"start":{"line":78,"column":4},"end":{"line":78,"column":71}},"19":{"start":{"line":80,"column":4},"end":{"line":80,"column":84}},"20":{"start":{"line":82,"column":9},"end":{"line":85,"column":3}},"21":{"start":{"line":83,"column":3},"end":{"line":83,"column":29}},"22":{"start":{"line":84,"column":3},"end":{"line":84,"column":61}},"23":{"start":{"line":88,"column":1},"end":{"line":92,"column":3}},"24":{"start":{"line":103,"column":26},"end":{"line":103,"column":28}},"25":{"start":{"line":104,"column":33},"end":{"line":104,"column":35}},"26":{"start":{"line":106,"column":1},"end":{"line":116,"column":2}},"27":{"start":{"line":107,"column":2},"end":{"line":115,"column":3}},"28":{"start":{"line":113,"column":3},"end":{"line":113,"column":29}},"29":{"start":{"line":114,"column":3},"end":{"line":114,"column":67}},"30":{"start":{"line":118,"column":1},"end":{"line":122,"column":3}},"31":{"start":{"line":132,"column":26},"end":{"line":132,"column":28}},"32":{"start":{"line":135,"column":1},"end":{"line":137,"column":2}},"33":{"start":{"line":136,"column":2},"end":{"line":136,"column":61}},"34":{"start":{"line":140,"column":1},"end":{"line":145,"column":2}},"35":{"start":{"line":144,"column":2},"end":{"line":144,"column":88}},"36":{"start":{"line":148,"column":1},"end":{"line":159,"column":2}},"37":{"start":{"line":149,"column":20},"end":{"line":149,"column":45}},"38":{"start":{"line":150,"column":16},"end":{"line":150,"column":26}},"39":{"start":{"line":151,"column":14},"end":{"line":151,"column":59}},"40":{"start":{"line":152,"column":20},"end":{"line":152,"column":59}},"41":{"start":{"line":154,"column":2},"end":{"line":158,"column":3}},"42":{"start":{"line":155,"column":3},"end":{"line":155,"column":53}},"43":{"start":{"line":156,"column":9},"end":{"line":158,"column":3}},"44":{"start":{"line":157,"column":3},"end":{"line":157,"column":53}},"45":{"start":{"line":162,"column":1},"end":{"line":164,"column":2}},"46":{"start":{"line":163,"column":2},"end":{"line":163,"column":53}},"47":{"start":{"line":167,"column":1},"end":{"line":185,"column":2}},"48":{"start":{"line":168,"column":2},"end":{"line":184,"column":3}},"49":{"start":{"line":175,"column":3},"end":{"line":175,"column":96}},"50":{"start":{"line":177,"column":45},"end":{"line":177,"column":58}},"51":{"start":{"line":178,"column":3},"end":{"line":180,"column":4}},"52":{"start":{"line":179,"column":4},"end":{"line":179,"column":58}},"53":{"start":{"line":181,"column":3},"end":{"line":183,"column":4}},"54":{"start":{"line":182,"column":4},"end":{"line":182,"column":55}},"55":{"start":{"line":188,"column":1},"end":{"line":190,"column":2}},"56":{"start":{"line":189,"column":2},"end":{"line":189,"column":58}},"57":{"start":{"line":192,"column":1},"end":{"line":194,"column":2}},"58":{"start":{"line":193,"column":2},"end":{"line":193,"column":64}},"59":{"start":{"line":196,"column":1},"end":{"line":198,"column":2}},"60":{"start":{"line":197,"column":2},"end":{"line":197,"column":63}},"61":{"start":{"line":200,"column":1},"end":{"line":202,"column":2}},"62":{"start":{"line":201,"column":2},"end":{"line":201,"column":52}},"63":{"start":{"line":204,"column":1},"end":{"line":207,"column":3}},"64":{"start":{"line":218,"column":30},"end":{"line":218,"column":60}},"65":{"start":{"line":219,"column":28},"end":{"line":219,"column":56}},"66":{"start":{"line":221,"column":1},"end":{"line":227,"column":2}},"67":{"start":{"line":222,"column":2},"end":{"line":226,"column":4}},"68":{"start":{"line":230,"column":46},"end":{"line":230,"column":48}},"69":{"start":{"line":231,"column":1},"end":{"line":235,"column":2}},"70":{"start":{"line":232,"column":2},"end":{"line":234,"column":3}},"71":{"start":{"line":233,"column":3},"end":{"line":233,"column":36}},"72":{"start":{"line":237,"column":25},"end":{"line":237,"column":84}},"73":{"start":{"line":239,"column":1},"end":{"line":243,"column":3}},"74":{"start":{"line":254,"column":30},"end":{"line":254,"column":60}},"75":{"start":{"line":256,"column":1},"end":{"line":262,"column":2}},"76":{"start":{"line":257,"column":2},"end":{"line":261,"column":4}},"77":{"start":{"line":265,"column":46},"end":{"line":265,"column":48}},"78":{"start":{"line":266,"column":1},"end":{"line":270,"column":2}},"79":{"start":{"line":267,"column":2},"end":{"line":269,"column":3}},"80":{"start":{"line":268,"column":3},"end":{"line":268,"column":36}},"81":{"start":{"line":272,"column":25},"end":{"line":272,"column":84}},"82":{"start":{"line":274,"column":1},"end":{"line":278,"column":3}}},"fnMap":{"0":{"name":"validateModifiableFields","decl":{"start":{"line":62,"column":16},"end":{"line":62,"column":40}},"loc":{"start":{"line":62,"column":70},"end":{"line":93,"column":1}}},"1":{"name":"validateRequiredFields","decl":{"start":{"line":98,"column":16},"end":{"line":98,"column":38}},"loc":{"start":{"line":98,"column":68},"end":{"line":123,"column":1}}},"2":{"name":"validateFieldValues","decl":{"start":{"line":128,"column":16},"end":{"line":128,"column":35}},"loc":{"start":{"line":128,"column":65},"end":{"line":208,"column":1}}},"3":{"name":"validatePutRequest","decl":{"start":{"line":213,"column":16},"end":{"line":213,"column":34}},"loc":{"start":{"line":213,"column":64},"end":{"line":244,"column":1}}},"4":{"name":"validatePatchRequest","decl":{"start":{"line":249,"column":16},"end":{"line":249,"column":36}},"loc":{"start":{"line":249,"column":66},"end":{"line":279,"column":1}}}},"branchMap":{"0":{"loc":{"start":{"line":75,"column":2},"end":{"line":85,"column":3}},"type":"if","locations":[{"start":{"line":75,"column":2},"end":{"line":85,"column":3}},{"start":{"line":82,"column":9},"end":{"line":85,"column":3}}]},"1":{"loc":{"start":{"line":75,"column":6},"end":{"line":75,"column":39}},"type":"binary-expr","locations":[{"start":{"line":75,"column":6},"end":{"line":75,"column":21}},{"start":{"line":75,"column":25},"end":{"line":75,"column":39}}]},"2":{"loc":{"start":{"line":77,"column":3},"end":{"line":81,"column":4}},"type":"if","locations":[{"start":{"line":77,"column":3},"end":{"line":81,"column":4}},{"start":{"line":79,"column":10},"end":{"line":81,"column":4}}]},"3":{"loc":{"start":{"line":82,"column":9},"end":{"line":85,"column":3}},"type":"if","locations":[{"start":{"line":82,"column":9},"end":{"line":85,"column":3}},{"start":{},"end":{}}]},"4":{"loc":{"start":{"line":107,"column":2},"end":{"line":115,"column":3}},"type":"if","locations":[{"start":{"line":107,"column":2},"end":{"line":115,"column":3}},{"start":{},"end":{}}]},"5":{"loc":{"start":{"line":108,"column":3},"end":{"line":111,"column":21}},"type":"binary-expr","locations":[{"start":{"line":108,"column":3},"end":{"line":108,"column":19}},{"start":{"line":109,"column":3},"end":{"line":109,"column":28}},{"start":{"line":110,"column":3},"end":{"line":110,"column":23}},{"start":{"line":111,"column":3},"end":{"line":111,"column":21}}]},"6":{"loc":{"start":{"line":135,"column":1},"end":{"line":137,"column":2}},"type":"if","locations":[{"start":{"line":135,"column":1},"end":{"line":137,"column":2}},{"start":{},"end":{}}]},"7":{"loc":{"start":{"line":135,"column":5},"end":{"line":135,"column":70}},"type":"binary-expr","locations":[{"start":{"line":135,"column":5},"end":{"line":135,"column":16}},{"start":{"line":135,"column":20},"end":{"line":135,"column":70}}]},"8":{"loc":{"start":{"line":140,"column":1},"end":{"line":145,"column":2}},"type":"if","locations":[{"start":{"line":140,"column":1},"end":{"line":145,"column":2}},{"start":{},"end":{}}]},"9":{"loc":{"start":{"line":141,"column":2},"end":{"line":142,"column":79}},"type":"binary-expr","locations":[{"start":{"line":141,"column":2},"end":{"line":141,"column":25}},{"start":{"line":142,"column":2},"end":{"line":142,"column":79}}]},"10":{"loc":{"start":{"line":148,"column":1},"end":{"line":159,"column":2}},"type":"if","locations":[{"start":{"line":148,"column":1},"end":{"line":159,"column":2}},{"start":{},"end":{}}]},"11":{"loc":{"start":{"line":154,"column":2},"end":{"line":158,"column":3}},"type":"if","locations":[{"start":{"line":154,"column":2},"end":{"line":158,"column":3}},{"start":{"line":156,"column":9},"end":{"line":158,"column":3}}]},"12":{"loc":{"start":{"line":156,"column":9},"end":{"line":158,"column":3}},"type":"if","locations":[{"start":{"line":156,"column":9},"end":{"line":158,"column":3}},{"start":{},"end":{}}]},"13":{"loc":{"start":{"line":156,"column":13},"end":{"line":156,"column":54}},"type":"binary-expr","locations":[{"start":{"line":156,"column":13},"end":{"line":156,"column":21}},{"start":{"line":156,"column":26},"end":{"line":156,"column":36}},{"start":{"line":156,"column":40},"end":{"line":156,"column":53}}]},"14":{"loc":{"start":{"line":162,"column":1},"end":{"line":164,"column":2}},"type":"if","locations":[{"start":{"line":162,"column":1},"end":{"line":164,"column":2}},{"start":{},"end":{}}]},"15":{"loc":{"start":{"line":162,"column":5},"end":{"line":162,"column":85}},"type":"binary-expr","locations":[{"start":{"line":162,"column":5},"end":{"line":162,"column":35}},{"start":{"line":162,"column":40},"end":{"line":162,"column":60}},{"start":{"line":162,"column":64},"end":{"line":162,"column":84}}]},"16":{"loc":{"start":{"line":167,"column":1},"end":{"line":185,"column":2}},"type":"if","locations":[{"start":{"line":167,"column":1},"end":{"line":185,"column":2}},{"start":{},"end":{}}]},"17":{"loc":{"start":{"line":168,"column":2},"end":{"line":184,"column":3}},"type":"if","locations":[{"start":{"line":168,"column":2},"end":{"line":184,"column":3}},{"start":{"line":176,"column":9},"end":{"line":184,"column":3}}]},"18":{"loc":{"start":{"line":169,"column":3},"end":{"line":173,"column":46}},"type":"binary-expr","locations":[{"start":{"line":169,"column":3},"end":{"line":169,"column":36}},{"start":{"line":170,"column":3},"end":{"line":170,"column":39}},{"start":{"line":171,"column":3},"end":{"line":171,"column":40}},{"start":{"line":172,"column":3},"end":{"line":172,"column":45}},{"start":{"line":173,"column":3},"end":{"line":173,"column":46}}]},"19":{"loc":{"start":{"line":178,"column":3},"end":{"line":180,"column":4}},"type":"if","locations":[{"start":{"line":178,"column":3},"end":{"line":180,"column":4}},{"start":{},"end":{}}]},"20":{"loc":{"start":{"line":178,"column":7},"end":{"line":178,"column":30}},"type":"binary-expr","locations":[{"start":{"line":178,"column":7},"end":{"line":178,"column":17}},{"start":{"line":178,"column":21},"end":{"line":178,"column":30}}]},"21":{"loc":{"start":{"line":181,"column":3},"end":{"line":183,"column":4}},"type":"if","locations":[{"start":{"line":181,"column":3},"end":{"line":183,"column":4}},{"start":{},"end":{}}]},"22":{"loc":{"start":{"line":181,"column":7},"end":{"line":181,"column":28}},"type":"binary-expr","locations":[{"start":{"line":181,"column":7},"end":{"line":181,"column":16}},{"start":{"line":181,"column":20},"end":{"line":181,"column":28}}]},"23":{"loc":{"start":{"line":188,"column":1},"end":{"line":190,"column":2}},"type":"if","locations":[{"start":{"line":188,"column":1},"end":{"line":190,"column":2}},{"start":{},"end":{}}]},"24":{"loc":{"start":{"line":188,"column":5},"end":{"line":188,"column":65}},"type":"binary-expr","locations":[{"start":{"line":188,"column":5},"end":{"line":188,"column":14}},{"start":{"line":188,"column":19},"end":{"line":188,"column":39}},{"start":{"line":188,"column":43},"end":{"line":188,"column":64}}]},"25":{"loc":{"start":{"line":192,"column":1},"end":{"line":194,"column":2}},"type":"if","locations":[{"start":{"line":192,"column":1},"end":{"line":194,"column":2}},{"start":{},"end":{}}]},"26":{"loc":{"start":{"line":192,"column":5},"end":{"line":192,"column":83}},"type":"binary-expr","locations":[{"start":{"line":192,"column":5},"end":{"line":192,"column":20}},{"start":{"line":192,"column":25},"end":{"line":192,"column":51}},{"start":{"line":192,"column":55},"end":{"line":192,"column":82}}]},"27":{"loc":{"start":{"line":196,"column":1},"end":{"line":198,"column":2}},"type":"if","locations":[{"start":{"line":196,"column":1},"end":{"line":198,"column":2}},{"start":{},"end":{}}]},"28":{"loc":{"start":{"line":196,"column":5},"end":{"line":196,"column":80}},"type":"binary-expr","locations":[{"start":{"line":196,"column":5},"end":{"line":196,"column":19}},{"start":{"line":196,"column":24},"end":{"line":196,"column":49}},{"start":{"line":196,"column":53},"end":{"line":196,"column":79}}]},"29":{"loc":{"start":{"line":200,"column":1},"end":{"line":202,"column":2}},"type":"if","locations":[{"start":{"line":200,"column":1},"end":{"line":202,"column":2}},{"start":{},"end":{}}]},"30":{"loc":{"start":{"line":200,"column":5},"end":{"line":200,"column":38}},"type":"binary-expr","locations":[{"start":{"line":200,"column":5},"end":{"line":200,"column":13}},{"start":{"line":200,"column":17},"end":{"line":200,"column":38}}]},"31":{"loc":{"start":{"line":221,"column":1},"end":{"line":227,"column":2}},"type":"if","locations":[{"start":{"line":221,"column":1},"end":{"line":227,"column":2}},{"start":{},"end":{}}]},"32":{"loc":{"start":{"line":221,"column":5},"end":{"line":221,"column":65}},"type":"binary-expr","locations":[{"start":{"line":221,"column":5},"end":{"line":221,"column":34}},{"start":{"line":221,"column":38},"end":{"line":221,"column":65}}]},"33":{"loc":{"start":{"line":232,"column":2},"end":{"line":234,"column":3}},"type":"if","locations":[{"start":{"line":232,"column":2},"end":{"line":234,"column":3}},{"start":{},"end":{}}]},"34":{"loc":{"start":{"line":242,"column":15},"end":{"line":242,"column":86}},"type":"cond-expr","locations":[{"start":{"line":242,"column":42},"end":{"line":242,"column":81}},{"start":{"line":242,"column":84},"end":{"line":242,"column":86}}]},"35":{"loc":{"start":{"line":256,"column":1},"end":{"line":262,"column":2}},"type":"if","locations":[{"start":{"line":256,"column":1},"end":{"line":262,"column":2}},{"start":{},"end":{}}]},"36":{"loc":{"start":{"line":267,"column":2},"end":{"line":269,"column":3}},"type":"if","locations":[{"start":{"line":267,"column":2},"end":{"line":269,"column":3}},{"start":{},"end":{}}]},"37":{"loc":{"start":{"line":277,"column":15},"end":{"line":277,"column":86}},"type":"cond-expr","locations":[{"start":{"line":277,"column":42},"end":{"line":277,"column":81}},{"start":{"line":277,"column":84},"end":{"line":277,"column":86}}]}},"s":{"0":11,"1":11,"2":11,"3":11,"4":11,"5":11,"6":11,"7":11,"8":11,"9":12,"10":12,"11":12,"12":51,"13":51,"14":51,"15":51,"16":0,"17":0,"18":0,"19":0,"20":51,"21":0,"22":0,"23":12,"24":5,"25":5,"26":5,"27":30,"28":7,"29":7,"30":5,"31":10,"32":10,"33":1,"34":10,"35":1,"36":10,"37":2,"38":2,"39":2,"40":2,"41":2,"42":0,"43":2,"44":0,"45":10,"46":0,"47":10,"48":5,"49":1,"50":4,"51":4,"52":0,"53":4,"54":0,"55":10,"56":0,"57":10,"58":0,"59":10,"60":0,"61":10,"62":0,"63":10,"64":5,"65":5,"66":5,"67":2,"68":3,"69":3,"70":36,"71":31,"72":3,"73":3,"74":7,"75":7,"76":0,"77":7,"78":7,"79":84,"80":10,"81":7,"82":7},"f":{"0":12,"1":5,"2":10,"3":5,"4":7},"b":{"0":[0,51],"1":[51,51],"2":[0,0],"3":[0,51],"4":[7,23],"5":[30,25,25,25],"6":[1,9],"7":[10,4],"8":[1,9],"9":[10,6],"10":[2,8],"11":[0,2],"12":[0,2],"13":[2,2,0],"14":[0,10],"15":[10,2,2],"16":[5,5],"17":[1,4],"18":[5,5,4,4,4],"19":[0,4],"20":[4,4],"21":[0,4],"22":[4,4],"23":[0,10],"24":[10,0,0],"25":[0,10],"26":[10,5,5],"27":[0,10],"28":[10,3,3],"29":[0,10],"30":[10,5],"31":[2,3],"32":[5,5],"33":[31,5],"34":[2,1],"35":[0,7],"36":[10,74],"37":[6,1]}}
,"/home/lorenzo/Documents/42-matcha/Back-End/src/utils/validation.ts": {"path":"/home/lorenzo/Documents/42-matcha/Back-End/src/utils/validation.ts","statementMap":{"0":{"start":{"line":4,"column":13},"end":{"line":30,"column":2}},"1":{"start":{"line":9,"column":3},"end":{"line":9,"column":115}},"2":{"start":{"line":12,"column":2},"end":{"line":14,"column":3}},"3":{"start":{"line":13,"column":3},"end":{"line":13,"column":16}},"4":{"start":{"line":16,"column":2},"end":{"line":16,"column":32}},"5":{"start":{"line":21,"column":24},"end":{"line":21,"column":79}},"6":{"start":{"line":22,"column":2},"end":{"line":22,"column":38}},"7":{"start":{"line":27,"column":24},"end":{"line":27,"column":46}},"8":{"start":{"line":28,"column":2},"end":{"line":28,"column":38}}},"fnMap":{"0":{"name":"(anonymous_0)","decl":{"start":{"line":5,"column":16},"end":{"line":5,"column":17}},"loc":{"start":{"line":5,"column":43},"end":{"line":17,"column":2}}},"1":{"name":"(anonymous_1)","decl":{"start":{"line":19,"column":19},"end":{"line":19,"column":20}},"loc":{"start":{"line":19,"column":49},"end":{"line":23,"column":2}}},"2":{"name":"(anonymous_2)","decl":{"start":{"line":25,"column":19},"end":{"line":25,"column":20}},"loc":{"start":{"line":25,"column":49},"end":{"line":29,"column":2}}}},"branchMap":{"0":{"loc":{"start":{"line":12,"column":2},"end":{"line":14,"column":3}},"type":"if","locations":[{"start":{"line":12,"column":2},"end":{"line":14,"column":3}},{"start":{},"end":{}}]}},"s":{"0":13,"1":24,"2":24,"3":1,"4":23,"5":25,"6":25,"7":23,"8":23},"f":{"0":24,"1":25,"2":23},"b":{"0":[1,23]}}
}
