TN:
SF:src/server.ts
FN:64,(anonymous_10)
FN:87,(anonymous_11)
FN:93,(anonymous_12)
FN:100,(anonymous_13)
FN:101,(anonymous_14)
FN:103,(anonymous_15)
FN:106,(anonymous_16)
FN:155,(anonymous_17)
FN:163,(anonymous_18)
FNF:9
FNH:3
FNDA:116,(anonymous_10)
FNDA:0,(anonymous_11)
FNDA:0,(anonymous_12)
FNDA:0,(anonymous_13)
FNDA:0,(anonymous_14)
FNDA:0,(anonymous_15)
FNDA:0,(anonymous_16)
FNDA:2,(anonymous_17)
FNDA:2,(anonymous_18)
DA:1,11
DA:2,11
DA:3,11
DA:4,11
DA:6,11
DA:7,11
DA:8,11
DA:9,11
DA:10,11
DA:11,11
DA:12,11
DA:13,11
DA:14,11
DA:15,11
DA:16,11
DA:17,11
DA:18,11
DA:19,11
DA:20,11
DA:22,11
DA:32,11
DA:34,11
DA:43,11
DA:46,11
DA:47,11
DA:48,11
DA:54,11
DA:57,11
DA:65,116
DA:71,11
DA:84,11
DA:86,11
DA:87,0
DA:88,0
DA:89,0
DA:90,0
DA:92,0
DA:93,0
DA:94,0
DA:95,0
DA:97,0
DA:98,0
DA:99,0
DA:100,0
DA:102,0
DA:104,0
DA:107,0
DA:114,0
DA:118,11
DA:122,11
DA:149,11
DA:152,11
DA:155,11
DA:156,2
DA:163,11
DA:164,2
DA:171,11
DA:175,11
DA:178,11
DA:179,11
DA:180,11
DA:181,11
DA:182,11
DA:183,11
DA:185,11
LF:65
LH:49
BRDA:65,0,0,116
BRDA:65,0,1,116
BRDA:65,0,2,114
BRDA:65,0,3,113
BRDA:86,1,0,0
BRDA:86,1,1,11
BRDA:88,2,0,0
BRDA:88,2,1,0
BRDA:94,3,0,0
BRDA:94,3,1,0
BRDA:98,4,0,0
BRDA:98,4,1,0
BRF:12
BRH:5
end_of_record
TN:
SF:src/config/env.ts
FNF:0
FNH:0
DA:1,11
DA:2,11
DA:5,11
DA:7,11
LF:4
LH:4
BRDA:8,0,0,11
BRDA:8,0,1,0
BRDA:9,1,0,11
BRDA:9,1,1,0
BRDA:10,2,0,11
BRDA:10,2,1,0
BRDA:13,3,0,11
BRDA:13,3,1,0
BRDA:16,4,0,11
BRDA:16,4,1,0
BRDA:19,5,0,11
BRDA:19,5,1,0
BRDA:22,6,0,11
BRDA:22,6,1,0
BRDA:25,7,0,11
BRDA:25,7,1,0
BRF:16
BRH:8
end_of_record
TN:
SF:src/config/redis.ts
FN:8,getRedisClient
FN:22,getRedisSubscriber
FN:30,(anonymous_3)
FNF:3
FNH:0
FNDA:0,getRedisClient
FNDA:0,getRedisSubscriber
FNDA:0,(anonymous_3)
DA:1,0
DA:3,0
DA:5,0
DA:6,0
DA:8,0
DA:9,0
DA:10,0
DA:19,0
DA:22,0
DA:23,0
DA:24,0
DA:26,0
DA:29,0
DA:30,0
LF:14
LH:0
BRDA:3,0,0,0
BRDA:3,0,1,0
BRDA:9,1,0,0
BRDA:9,1,1,0
BRDA:23,2,0,0
BRDA:23,2,1,0
BRF:6
BRH:0
end_of_record
TN:
SF:src/controllers/auth.controller.ts
FN:20,(anonymous_0)
FN:27,(anonymous_1)
FN:133,(anonymous_2)
FN:204,(anonymous_3)
FN:259,(anonymous_4)
FN:286,(anonymous_5)
FN:332,(anonymous_6)
FN:368,(anonymous_7)
FNF:8
FNH:4
FNDA:11,(anonymous_0)
FNDA:5,(anonymous_1)
FNDA:6,(anonymous_2)
FNDA:2,(anonymous_3)
FNDA:0,(anonymous_4)
FNDA:0,(anonymous_5)
FNDA:0,(anonymous_6)
FNDA:0,(anonymous_7)
DA:1,11
DA:4,11
DA:6,11
DA:17,11
DA:21,11
DA:28,5
DA:29,5
DA:32,5
DA:42,0
DA:47,0
DA:48,0
DA:52,5
DA:53,1
DA:58,1
DA:59,1
DA:63,4
DA:64,1
DA:69,1
DA:70,1
DA:74,3
DA:75,0
DA:80,0
DA:81,0
DA:85,3
DA:109,3
DA:111,2
DA:116,2
DA:118,1
DA:120,1
DA:126,1
DA:134,6
DA:135,6
DA:137,6
DA:138,0
DA:143,0
DA:144,0
DA:147,6
DA:151,6
DA:155,6
DA:156,2
DA:161,2
DA:162,2
DA:165,4
DA:172,4
DA:180,4
DA:187,4
DA:189,0
DA:191,0
DA:197,0
DA:205,2
DA:207,2
DA:209,2
DA:210,0
DA:215,0
DA:216,0
DA:219,2
DA:221,2
DA:222,1
DA:227,1
DA:228,1
DA:232,1
DA:238,1
DA:242,1
DA:244,0
DA:246,0
DA:252,0
DA:260,0
DA:262,0
DA:263,0
DA:266,0
DA:269,0
DA:271,0
DA:273,0
DA:279,0
DA:287,0
DA:288,0
DA:290,0
DA:291,0
DA:296,0
DA:297,0
DA:300,0
DA:302,0
DA:303,0
DA:308,0
DA:309,0
DA:312,0
DA:315,0
DA:317,0
DA:319,0
DA:325,0
DA:333,0
DA:334,0
DA:336,0
DA:337,0
DA:342,0
DA:343,0
DA:346,0
DA:348,0
DA:351,0
DA:353,0
DA:355,0
DA:361,0
DA:369,0
DA:370,0
DA:372,0
DA:373,0
DA:378,0
DA:379,0
DA:382,0
DA:384,0
DA:385,0
DA:390,0
DA:391,0
DA:394,0
DA:396,0
DA:397,0
DA:402,0
DA:403,0
DA:406,0
DA:409,0
DA:411,0
DA:413,0
DA:419,0
LF:123
LH:48
BRDA:32,0,0,0
BRDA:32,0,1,5
BRDA:33,1,0,5
BRDA:33,1,1,5
BRDA:33,1,2,5
BRDA:33,1,3,5
BRDA:33,1,4,5
BRDA:33,1,5,5
BRDA:33,1,6,5
BRDA:33,1,7,5
BRDA:52,2,0,1
BRDA:52,2,1,4
BRDA:63,3,0,1
BRDA:63,3,1,3
BRDA:74,4,0,0
BRDA:74,4,1,3
BRDA:96,5,0,0
BRDA:96,5,1,3
BRDA:96,6,0,3
BRDA:96,6,1,0
BRDA:105,7,0,3
BRDA:105,7,1,3
BRDA:122,8,0,1
BRDA:122,8,1,0
BRDA:137,9,0,0
BRDA:137,9,1,6
BRDA:137,10,0,6
BRDA:137,10,1,6
BRDA:155,11,0,2
BRDA:155,11,1,4
BRDA:155,12,0,6
BRDA:155,12,1,4
BRDA:193,13,0,0
BRDA:193,13,1,0
BRDA:207,14,0,2
BRDA:207,14,1,2
BRDA:209,15,0,0
BRDA:209,15,1,2
BRDA:221,16,0,1
BRDA:221,16,1,1
BRDA:290,17,0,0
BRDA:290,17,1,0
BRDA:290,18,0,0
BRDA:290,18,1,0
BRDA:302,19,0,0
BRDA:302,19,1,0
BRDA:336,20,0,0
BRDA:336,20,1,0
BRDA:372,21,0,0
BRDA:372,21,1,0
BRDA:372,22,0,0
BRDA:372,22,1,0
BRDA:384,23,0,0
BRDA:384,23,1,0
BRDA:396,24,0,0
BRDA:396,24,1,0
BRF:56
BRH:31
end_of_record
TN:
SF:src/controllers/chat.controller.ts
FN:14,(anonymous_0)
FN:21,(anonymous_1)
FN:47,(anonymous_2)
FN:84,(anonymous_3)
FN:139,(anonymous_4)
FNF:5
FNH:5
FNDA:11,(anonymous_0)
FNDA:1,(anonymous_1)
FNDA:2,(anonymous_2)
FNDA:4,(anonymous_3)
FNDA:2,(anonymous_4)
DA:4,11
DA:5,11
DA:11,11
DA:15,11
DA:22,1
DA:24,1
DA:25,0
DA:29,0
DA:32,1
DA:33,1
DA:34,1
DA:36,0
DA:37,0
DA:48,2
DA:49,2
DA:51,2
DA:52,0
DA:56,0
DA:59,2
DA:60,2
DA:62,2
DA:63,1
DA:68,1
DA:71,1
DA:73,0
DA:74,0
DA:85,4
DA:86,4
DA:88,4
DA:89,0
DA:94,0
DA:97,4
DA:99,4
DA:100,4
DA:102,4
DA:109,3
DA:111,1
DA:112,0
DA:117,0
DA:120,1
DA:121,1
DA:125,1
DA:128,0
DA:129,0
DA:140,2
DA:141,2
DA:143,2
DA:144,0
DA:148,0
DA:151,2
DA:152,2
DA:154,2
DA:155,1
DA:159,1
DA:162,1
DA:166,0
DA:167,0
LF:57
LH:39
BRDA:24,0,0,0
BRDA:24,0,1,1
BRDA:51,1,0,0
BRDA:51,1,1,2
BRDA:62,2,0,1
BRDA:62,2,1,1
BRDA:88,3,0,0
BRDA:88,3,1,4
BRDA:111,4,0,0
BRDA:111,4,1,1
BRDA:111,5,0,1
BRDA:111,5,1,1
BRDA:120,6,0,1
BRDA:120,6,1,0
BRDA:120,7,0,1
BRDA:120,7,1,1
BRDA:143,8,0,0
BRDA:143,8,1,2
BRDA:154,9,0,1
BRDA:154,9,1,1
BRF:20
BRH:14
end_of_record
TN:
SF:src/controllers/hashtag.controller.ts
FN:13,(anonymous_0)
FN:20,(anonymous_1)
FN:56,(anonymous_2)
FN:89,(anonymous_3)
FNF:4
FNH:4
FNDA:11,(anonymous_0)
FNDA:5,(anonymous_1)
FNDA:3,(anonymous_2)
FNDA:2,(anonymous_3)
DA:4,11
DA:5,11
DA:10,11
DA:14,11
DA:21,5
DA:24,5
DA:25,5
DA:27,5
DA:30,5
DA:32,4
DA:39,1
DA:42,5
DA:43,5
DA:45,0
DA:48,0
DA:49,0
DA:60,3
DA:61,3
DA:62,3
DA:63,3
DA:64,0
DA:67,3
DA:68,3
DA:69,2
DA:70,2
DA:74,0
DA:78,1
DA:79,1
DA:81,0
DA:82,0
DA:93,2
DA:94,2
DA:95,2
DA:96,2
DA:97,0
DA:100,2
DA:101,2
DA:102,2
DA:103,1
DA:105,1
DA:108,0
DA:109,0
LF:42
LH:32
BRDA:21,0,0,5
BRDA:21,0,1,1
BRDA:21,0,2,1
BRDA:30,1,0,4
BRDA:30,1,1,1
BRDA:42,2,0,5
BRDA:42,2,1,0
BRDA:63,3,0,0
BRDA:63,3,1,3
BRDA:69,4,0,2
BRDA:69,4,1,0
BRDA:78,5,0,1
BRDA:78,5,1,0
BRDA:78,6,0,1
BRDA:78,6,1,1
BRDA:96,7,0,0
BRDA:96,7,1,2
BRDA:102,8,0,1
BRDA:102,8,1,1
BRF:19
BRH:14
end_of_record
TN:
SF:src/controllers/notification.controller.ts
FN:8,(anonymous_0)
FN:10,(anonymous_1)
FN:31,(anonymous_2)
FN:48,(anonymous_3)
FN:60,(anonymous_4)
FN:79,(anonymous_5)
FNF:6
FNH:5
FNDA:11,(anonymous_0)
FNDA:1,(anonymous_1)
FNDA:0,(anonymous_2)
FNDA:1,(anonymous_3)
FNDA:1,(anonymous_4)
FNDA:1,(anonymous_5)
DA:1,11
DA:2,11
DA:4,11
DA:5,11
DA:7,11
DA:8,11
DA:10,11
DA:11,1
DA:12,1
DA:13,1
DA:14,1
DA:15,1
DA:16,1
DA:17,1
DA:24,1
DA:26,0
DA:27,0
DA:31,11
DA:32,0
DA:33,0
DA:34,0
DA:35,0
DA:36,0
DA:37,0
DA:38,0
DA:39,0
DA:41,0
DA:42,0
DA:48,11
DA:49,1
DA:50,1
DA:51,1
DA:52,1
DA:53,1
DA:55,0
DA:56,0
DA:60,11
DA:61,1
DA:62,1
DA:63,1
DA:64,1
DA:65,1
DA:66,1
DA:67,0
DA:70,1
DA:72,1
DA:74,0
DA:75,0
DA:79,11
DA:80,1
DA:81,1
DA:82,1
DA:83,1
DA:86,1
DA:88,1
DA:90,0
DA:91,0
LF:57
LH:38
BRDA:8,0,0,11
BRDA:12,1,0,0
BRDA:12,1,1,1
BRDA:15,2,0,1
BRDA:15,2,1,0
BRDA:16,3,0,1
BRDA:16,3,1,0
BRDA:33,4,0,0
BRDA:33,4,1,0
BRDA:36,5,0,0
BRDA:36,5,1,0
BRDA:37,6,0,0
BRDA:37,6,1,0
BRDA:50,7,0,0
BRDA:50,7,1,1
BRDA:62,8,0,0
BRDA:62,8,1,1
BRDA:66,9,0,0
BRDA:66,9,1,1
BRDA:81,10,0,0
BRDA:81,10,1,1
BRF:21
BRH:8
end_of_record
TN:
SF:src/controllers/photo.controller.ts
FN:13,(anonymous_0)
FN:20,(anonymous_1)
FN:54,(anonymous_2)
FN:98,(anonymous_3)
FN:138,(anonymous_4)
FN:178,(anonymous_5)
FNF:6
FNH:6
FNDA:11,(anonymous_0)
FNDA:1,(anonymous_1)
FNDA:20,(anonymous_2)
FNDA:2,(anonymous_3)
FNDA:2,(anonymous_4)
FNDA:2,(anonymous_5)
DA:4,11
DA:10,11
DA:14,11
DA:21,1
DA:22,1
DA:23,1
DA:24,0
DA:29,0
DA:30,0
DA:33,1
DA:34,1
DA:39,1
DA:41,0
DA:42,0
DA:47,0
DA:55,20
DA:56,20
DA:57,20
DA:58,0
DA:63,0
DA:64,0
DA:67,20
DA:68,1
DA:73,1
DA:74,1
DA:77,19
DA:78,17
DA:83,17
DA:85,2
DA:86,2
DA:91,2
DA:99,2
DA:100,2
DA:101,2
DA:103,2
DA:104,0
DA:109,0
DA:110,0
DA:113,2
DA:114,1
DA:115,0
DA:120,0
DA:121,0
DA:124,1
DA:126,1
DA:131,1
DA:139,2
DA:140,2
DA:141,2
DA:143,2
DA:144,0
DA:149,0
DA:150,0
DA:153,2
DA:154,1
DA:155,0
DA:160,0
DA:161,0
DA:164,1
DA:166,1
DA:171,1
DA:179,2
DA:180,2
DA:181,2
DA:183,2
DA:184,0
DA:189,0
DA:190,0
DA:193,2
DA:194,1
DA:195,0
DA:200,0
DA:201,0
DA:205,1
DA:206,1
DA:208,0
DA:213,0
DA:214,0
DA:217,1
DA:222,1
DA:224,1
DA:229,1
LF:82
LH:52
BRDA:23,0,0,0
BRDA:23,0,1,1
BRDA:57,1,0,0
BRDA:57,1,1,20
BRDA:67,2,0,1
BRDA:67,2,1,19
BRDA:103,3,0,0
BRDA:103,3,1,2
BRDA:114,4,0,0
BRDA:114,4,1,1
BRDA:143,5,0,0
BRDA:143,5,1,2
BRDA:154,6,0,0
BRDA:154,6,1,1
BRDA:183,7,0,0
BRDA:183,7,1,2
BRDA:194,8,0,0
BRDA:194,8,1,1
BRDA:206,9,0,0
BRDA:206,9,1,1
BRF:20
BRH:11
end_of_record
TN:
SF:src/controllers/user.controller.ts
FN:16,(anonymous_0)
FN:20,(anonymous_1)
FN:60,(anonymous_2)
FN:93,(anonymous_3)
FN:166,(anonymous_4)
FN:225,(anonymous_5)
FN:286,(anonymous_6)
FN:327,(anonymous_7)
FN:379,(anonymous_8)
FN:431,(anonymous_9)
FN:474,(anonymous_10)
FN:507,(anonymous_11)
FN:559,(anonymous_12)
FN:614,(anonymous_13)
FN:656,(anonymous_14)
FN:698,(anonymous_15)
FN:770,(anonymous_16)
FN:805,(anonymous_17)
FNF:18
FNH:8
FNDA:11,(anonymous_0)
FNDA:5,(anonymous_1)
FNDA:2,(anonymous_2)
FNDA:3,(anonymous_3)
FNDA:1,(anonymous_4)
FNDA:5,(anonymous_5)
FNDA:0,(anonymous_6)
FNDA:0,(anonymous_7)
FNDA:0,(anonymous_8)
FNDA:5,(anonymous_9)
FNDA:0,(anonymous_10)
FNDA:0,(anonymous_11)
FNDA:0,(anonymous_12)
FNDA:0,(anonymous_13)
FNDA:0,(anonymous_14)
FNDA:0,(anonymous_15)
FNDA:0,(anonymous_16)
FNDA:6,(anonymous_17)
DA:2,11
DA:4,11
DA:5,11
DA:7,11
DA:13,11
DA:17,11
DA:21,5
DA:23,5
DA:24,0
DA:29,0
DA:32,5
DA:33,5
DA:35,5
DA:36,0
DA:41,0
DA:43,5
DA:45,5
DA:47,0
DA:48,0
DA:53,0
DA:61,2
DA:62,2
DA:64,2
DA:65,2
DA:67,2
DA:68,1
DA:73,1
DA:74,1
DA:76,1
DA:78,1
DA:80,0
DA:81,0
DA:86,0
DA:94,3
DA:95,3
DA:96,3
DA:97,0
DA:102,0
DA:103,0
DA:107,3
DA:109,3
DA:110,0
DA:116,0
DA:117,0
DA:121,3
DA:122,1
DA:127,1
DA:128,1
DA:131,2
DA:132,2
DA:135,2
DA:140,2
DA:141,0
DA:146,0
DA:147,0
DA:151,2
DA:153,0
DA:154,0
DA:159,0
DA:167,1
DA:169,1
DA:170,0
DA:175,0
DA:176,0
DA:180,1
DA:182,1
DA:183,0
DA:189,0
DA:190,0
DA:193,1
DA:194,1
DA:199,1
DA:200,0
DA:205,0
DA:206,0
DA:210,1
DA:212,0
DA:213,0
DA:218,0
DA:226,5
DA:227,5
DA:229,5
DA:230,0
DA:235,0
DA:236,0
DA:239,5
DA:240,1
DA:245,1
DA:246,1
DA:249,4
DA:251,0
DA:252,0
DA:257,0
DA:258,0
DA:261,0
DA:262,0
DA:264,0
DA:271,0
DA:273,0
DA:274,0
DA:279,0
DA:287,0
DA:288,0
DA:290,0
DA:291,0
DA:296,0
DA:297,0
DA:300,0
DA:301,0
DA:303,0
DA:304,0
DA:306,0
DA:311,0
DA:314,0
DA:315,0
DA:320,0
DA:328,0
DA:329,0
DA:330,0
DA:331,0
DA:333,0
DA:334,0
DA:339,0
DA:340,0
DA:344,0
DA:345,0
DA:350,0
DA:351,0
DA:354,0
DA:355,0
DA:357,0
DA:364,0
DA:366,0
DA:367,0
DA:372,0
DA:380,0
DA:381,0
DA:382,0
DA:383,0
DA:385,0
DA:386,0
DA:391,0
DA:392,0
DA:396,0
DA:397,0
DA:402,0
DA:403,0
DA:406,0
DA:407,0
DA:409,0
DA:416,0
DA:418,0
DA:419,0
DA:424,0
DA:432,5
DA:433,5
DA:435,5
DA:436,0
DA:441,0
DA:442,0
DA:445,5
DA:446,1
DA:451,1
DA:452,1
DA:455,4
DA:456,4
DA:459,4
DA:461,0
DA:462,0
DA:467,0
DA:475,0
DA:476,0
DA:478,0
DA:479,0
DA:484,0
DA:485,0
DA:488,0
DA:489,0
DA:492,0
DA:494,0
DA:495,0
DA:500,0
DA:508,0
DA:509,0
DA:510,0
DA:511,0
DA:513,0
DA:514,0
DA:519,0
DA:520,0
DA:524,0
DA:525,0
DA:530,0
DA:531,0
DA:534,0
DA:535,0
DA:537,0
DA:544,0
DA:546,0
DA:547,0
DA:552,0
DA:560,0
DA:561,0
DA:562,0
DA:563,0
DA:565,0
DA:566,0
DA:571,0
DA:572,0
DA:576,0
DA:577,0
DA:582,0
DA:583,0
DA:586,0
DA:587,0
DA:589,0
DA:599,0
DA:601,0
DA:602,0
DA:607,0
DA:615,0
DA:616,0
DA:617,0
DA:619,0
DA:620,0
DA:625,0
DA:626,0
DA:629,0
DA:630,0
DA:632,0
DA:641,0
DA:643,0
DA:644,0
DA:649,0
DA:657,0
DA:658,0
DA:659,0
DA:661,0
DA:662,0
DA:667,0
DA:668,0
DA:671,0
DA:672,0
DA:674,0
DA:683,0
DA:685,0
DA:686,0
DA:691,0
DA:699,0
DA:701,0
DA:702,0
DA:707,0
DA:708,0
DA:711,0
DA:713,0
DA:714,0
DA:715,0
DA:716,0
DA:717,0
DA:718,0
DA:721,0
DA:724,0
DA:725,0
DA:730,0
DA:731,0
DA:734,0
DA:735,0
DA:740,0
DA:741,0
DA:744,0
DA:745,0
DA:750,0
DA:751,0
DA:756,0
DA:757,0
DA:758,0
DA:759,0
DA:760,0
DA:761,0
DA:767,0
DA:770,0
DA:775,0
DA:787,0
DA:790,0
DA:792,0
DA:793,0
DA:798,0
DA:806,6
DA:808,6
DA:809,0
DA:814,0
DA:815,0
DA:818,6
DA:820,6
DA:823,6
DA:828,6
DA:833,6
DA:840,6
DA:843,6
DA:844,0
DA:849,0
DA:850,0
DA:853,6
DA:854,0
DA:859,0
DA:860,0
DA:863,6
DA:864,0
DA:869,0
DA:870,0
DA:873,6
DA:874,0
DA:879,0
DA:880,0
DA:883,6
DA:884,0
DA:889,0
DA:890,0
DA:893,6
DA:903,6
DA:904,5
DA:912,5
DA:913,5
DA:917,1
DA:919,0
DA:920,0
DA:925,0
LF:327
LH:82
BRDA:23,0,0,0
BRDA:23,0,1,5
BRDA:35,1,0,0
BRDA:35,1,1,5
BRDA:67,2,0,1
BRDA:67,2,1,1
BRDA:96,3,0,0
BRDA:96,3,1,3
BRDA:109,4,0,0
BRDA:109,4,1,3
BRDA:121,5,0,1
BRDA:121,5,1,2
BRDA:140,6,0,0
BRDA:140,6,1,2
BRDA:169,7,0,0
BRDA:169,7,1,1
BRDA:182,8,0,0
BRDA:182,8,1,1
BRDA:199,9,0,0
BRDA:199,9,1,1
BRDA:229,10,0,0
BRDA:229,10,1,5
BRDA:239,11,0,1
BRDA:239,11,1,4
BRDA:251,12,0,0
BRDA:251,12,1,0
BRDA:265,13,0,0
BRDA:265,13,1,0
BRDA:268,14,0,0
BRDA:268,14,1,0
BRDA:276,15,0,0
BRDA:276,15,1,0
BRDA:290,16,0,0
BRDA:290,16,1,0
BRDA:303,17,0,0
BRDA:303,17,1,0
BRDA:330,18,0,0
BRDA:330,18,1,0
BRDA:331,19,0,0
BRDA:331,19,1,0
BRDA:333,20,0,0
BRDA:333,20,1,0
BRDA:344,21,0,0
BRDA:344,21,1,0
BRDA:382,22,0,0
BRDA:382,22,1,0
BRDA:383,23,0,0
BRDA:383,23,1,0
BRDA:385,24,0,0
BRDA:385,24,1,0
BRDA:396,25,0,0
BRDA:396,25,1,0
BRDA:435,26,0,0
BRDA:435,26,1,5
BRDA:445,27,0,1
BRDA:445,27,1,4
BRDA:478,28,0,0
BRDA:478,28,1,0
BRDA:510,29,0,0
BRDA:510,29,1,0
BRDA:511,30,0,0
BRDA:511,30,1,0
BRDA:513,31,0,0
BRDA:513,31,1,0
BRDA:524,32,0,0
BRDA:524,32,1,0
BRDA:561,33,0,0
BRDA:561,33,1,0
BRDA:562,34,0,0
BRDA:562,34,1,0
BRDA:563,35,0,0
BRDA:563,35,1,0
BRDA:565,36,0,0
BRDA:565,36,1,0
BRDA:576,37,0,0
BRDA:576,37,1,0
BRDA:616,38,0,0
BRDA:616,38,1,0
BRDA:617,39,0,0
BRDA:617,39,1,0
BRDA:619,40,0,0
BRDA:619,40,1,0
BRDA:658,41,0,0
BRDA:658,41,1,0
BRDA:659,42,0,0
BRDA:659,42,1,0
BRDA:661,43,0,0
BRDA:661,43,1,0
BRDA:701,44,0,0
BRDA:701,44,1,0
BRDA:714,45,0,0
BRDA:714,45,1,0
BRDA:715,46,0,0
BRDA:715,46,1,0
BRDA:724,47,0,0
BRDA:724,47,1,0
BRDA:724,48,0,0
BRDA:724,48,1,0
BRDA:724,48,2,0
BRDA:734,49,0,0
BRDA:734,49,1,0
BRDA:734,50,0,0
BRDA:734,50,1,0
BRDA:734,50,2,0
BRDA:744,51,0,0
BRDA:744,51,1,0
BRDA:744,52,0,0
BRDA:744,52,1,0
BRDA:744,52,2,0
BRDA:756,53,0,0
BRDA:756,53,1,0
BRDA:758,54,0,0
BRDA:758,54,1,0
BRDA:758,55,0,0
BRDA:758,55,1,0
BRDA:760,56,0,0
BRDA:760,56,1,0
BRDA:760,57,0,0
BRDA:760,57,1,0
BRDA:767,58,0,0
BRDA:767,58,1,0
BRDA:808,59,0,0
BRDA:808,59,1,6
BRDA:820,60,0,2
BRDA:820,60,1,4
BRDA:823,61,0,1
BRDA:823,61,1,5
BRDA:824,62,0,0
BRDA:824,62,1,1
BRDA:828,63,0,1
BRDA:828,63,1,5
BRDA:829,64,0,0
BRDA:829,64,1,1
BRDA:833,65,0,0
BRDA:833,65,1,6
BRDA:834,66,0,0
BRDA:834,66,1,0
BRDA:843,67,0,0
BRDA:843,67,1,6
BRDA:843,68,0,6
BRDA:843,68,1,6
BRDA:843,68,2,6
BRDA:853,69,0,0
BRDA:853,69,1,6
BRDA:853,70,0,6
BRDA:853,70,1,6
BRDA:853,70,2,6
BRDA:863,71,0,0
BRDA:863,71,1,6
BRDA:863,72,0,6
BRDA:863,72,1,6
BRDA:863,72,2,6
BRDA:873,73,0,0
BRDA:873,73,1,6
BRDA:873,74,0,6
BRDA:873,74,1,6
BRDA:873,74,2,6
BRDA:883,75,0,0
BRDA:883,75,1,6
BRDA:883,76,0,6
BRDA:883,76,1,6
BRDA:883,76,2,6
BRDA:903,77,0,5
BRDA:903,77,1,1
BRDA:903,78,0,6
BRDA:903,78,1,6
BRF:166
BRH:52
end_of_record
TN:
SF:src/generated/backend/validators.ts
FN:11,(anonymous_0)
FN:16,(anonymous_1)
FN:22,(anonymous_2)
FNF:3
FNH:0
FNDA:0,(anonymous_0)
FNDA:0,(anonymous_1)
FNDA:0,(anonymous_2)
DA:9,0
DA:12,0
DA:13,0
DA:18,0
DA:19,0
DA:24,0
DA:25,0
DA:29,0
LF:8
LH:0
BRF:0
BRH:0
end_of_record
TN:
SF:src/generated/typescript/api.ts
FNF:0
FNH:0
DA:7,0
LF:1
LH:0
BRF:0
BRH:0
end_of_record
TN:
SF:src/mappers/user.mapper.ts
FN:18,dbUserToApiUser
FN:34,(anonymous_1)
FN:74,apiUserToDbUser
FN:123,createPublicUserResponse
FN:137,createMinimalUserResponse
FN:150,(anonymous_5)
FN:152,(anonymous_6)
FN:166,validateUserData
FNF:8
FNH:3
FNDA:91,dbUserToApiUser
FNDA:22,(anonymous_1)
FNDA:3,apiUserToDbUser
FNDA:0,createPublicUserResponse
FNDA:0,createMinimalUserResponse
FNDA:0,(anonymous_5)
FNDA:0,(anonymous_6)
FNDA:0,validateUserData
DA:18,11
DA:21,91
DA:29,3
DA:30,3
DA:34,91
DA:47,91
DA:74,11
DA:75,3
DA:78,3
DA:79,0
DA:81,3
DA:82,1
DA:84,3
DA:85,1
DA:87,3
DA:88,2
DA:90,3
DA:91,2
DA:93,3
DA:94,1
DA:96,3
DA:97,1
DA:99,3
DA:101,2
DA:104,3
DA:105,2
DA:116,3
DA:123,11
DA:124,0
DA:126,0
DA:127,0
DA:130,0
DA:137,11
DA:138,0
DA:150,0
DA:152,0
DA:166,11
DA:170,0
DA:172,0
DA:173,0
DA:174,0
DA:175,0
DA:176,0
DA:180,0
DA:181,0
DA:184,0
DA:185,0
DA:188,0
LF:48
LH:29
BRDA:21,0,0,3
BRDA:21,0,1,88
BRDA:22,1,0,91
BRDA:22,1,1,3
BRDA:22,1,2,3
BRDA:22,1,3,3
BRDA:22,1,4,3
BRDA:34,2,0,91
BRDA:34,2,1,0
BRDA:37,3,0,22
BRDA:37,3,1,0
BRDA:41,4,0,22
BRDA:41,4,1,0
BRDA:43,5,0,22
BRDA:43,5,1,0
BRDA:78,6,0,0
BRDA:78,6,1,3
BRDA:79,7,0,0
BRDA:79,7,1,0
BRDA:81,8,0,1
BRDA:81,8,1,2
BRDA:82,9,0,1
BRDA:82,9,1,0
BRDA:84,10,0,1
BRDA:84,10,1,2
BRDA:85,11,0,1
BRDA:85,11,1,0
BRDA:87,12,0,2
BRDA:87,12,1,1
BRDA:90,13,0,2
BRDA:90,13,1,1
BRDA:93,14,0,1
BRDA:93,14,1,2
BRDA:96,15,0,1
BRDA:96,15,1,2
BRDA:99,16,0,2
BRDA:99,16,1,1
BRDA:102,17,0,0
BRDA:102,17,1,2
BRDA:104,18,0,2
BRDA:104,18,1,1
BRDA:106,19,0,2
BRDA:106,19,1,0
BRDA:106,20,0,2
BRDA:106,20,1,2
BRDA:106,20,2,2
BRDA:123,21,0,0
BRDA:126,22,0,0
BRDA:126,22,1,0
BRDA:143,23,0,0
BRDA:143,23,1,0
BRDA:172,24,0,0
BRDA:172,24,1,0
BRDA:175,25,0,0
BRDA:175,25,1,0
BRDA:180,26,0,0
BRDA:180,26,1,0
BRDA:180,27,0,0
BRDA:180,27,1,0
BRDA:184,28,0,0
BRDA:184,28,1,0
BRDA:184,29,0,0
BRDA:184,29,1,0
BRF:63
BRH:35
end_of_record
TN:
SF:src/middleware/jwt-refresh.middleware.ts
FN:5,(anonymous_0)
FNF:1
FNH:0
FNDA:0,(anonymous_0)
DA:1,0
DA:3,0
DA:5,0
DA:6,0
DA:7,0
DA:9,0
DA:10,0
DA:13,0
DA:15,0
DA:17,0
DA:19,0
DA:20,0
DA:24,0
DA:25,0
DA:31,0
DA:32,0
DA:33,0
DA:38,0
DA:39,0
DA:40,0
DA:46,0
DA:47,0
DA:48,0
DA:50,0
DA:51,0
DA:53,0
DA:54,0
LF:27
LH:0
BRDA:9,0,0,0
BRDA:9,0,1,0
BRDA:17,1,0,0
BRDA:17,1,1,0
BRDA:17,2,0,0
BRDA:17,2,1,0
BRDA:24,3,0,0
BRDA:24,3,1,0
BRDA:32,4,0,0
BRDA:32,4,1,0
BRDA:32,5,0,0
BRDA:32,5,1,0
BRDA:39,6,0,0
BRDA:39,6,1,0
BRF:14
BRH:0
end_of_record
TN:
SF:src/middleware/jwt.middleware.ts
FN:18,(anonymous_0)
FNF:1
FNH:1
FNDA:111,(anonymous_0)
DA:1,11
DA:2,11
DA:3,11
DA:5,11
DA:6,11
DA:8,11
DA:16,11
DA:18,11
DA:19,111
DA:20,13
DA:24,98
DA:25,98
DA:26,0
DA:29,98
DA:30,11
DA:33,87
DA:34,87
DA:35,87
DA:36,87
DA:39,87
DA:40,2
DA:43,85
DA:44,0
DA:48,85
DA:50,0
DA:51,0
DA:52,0
DA:56,0
DA:57,0
DA:58,0
DA:60,0
DA:61,0
DA:65,0
DA:66,0
DA:67,0
DA:71,0
DA:72,0
DA:73,0
DA:76,0
DA:77,0
DA:86,85
DA:87,85
DA:88,0
DA:92,85
DA:94,85
DA:95,0
DA:98,85
DA:99,85
DA:101,0
DA:102,0
LF:50
LH:28
BRDA:19,0,0,13
BRDA:19,0,1,98
BRDA:25,1,0,0
BRDA:25,1,1,98
BRDA:25,2,0,98
BRDA:25,2,1,11
BRDA:29,3,0,11
BRDA:29,3,1,87
BRDA:35,4,0,87
BRDA:35,4,1,2
BRDA:39,5,0,2
BRDA:39,5,1,85
BRDA:43,6,0,0
BRDA:43,6,1,85
BRDA:48,7,0,0
BRDA:48,7,1,85
BRDA:48,8,0,85
BRDA:48,8,1,85
BRDA:51,9,0,0
BRDA:51,9,1,0
BRDA:57,10,0,0
BRDA:57,10,1,0
BRDA:60,11,0,0
BRDA:60,11,1,0
BRDA:60,12,0,0
BRDA:60,12,1,0
BRDA:66,13,0,0
BRDA:66,13,1,0
BRDA:72,14,0,0
BRDA:72,14,1,0
BRDA:87,15,0,0
BRDA:87,15,1,85
BRDA:94,16,0,0
BRDA:94,16,1,85
BRF:34
BRH:17
end_of_record
TN:
SF:src/middleware/validation.middleware.ts
FN:8,validateUserPutRequest
FN:29,validateUserPatchRequest
FN:50,createValidationMiddleware
FN:57,(anonymous_3)
FNF:4
FNH:2
FNDA:4,validateUserPutRequest
FNDA:4,validateUserPatchRequest
FNDA:0,createValidationMiddleware
FNDA:0,(anonymous_3)
DA:1,11
DA:8,11
DA:9,4
DA:11,4
DA:12,3
DA:21,1
DA:22,1
DA:29,11
DA:30,4
DA:32,4
DA:33,1
DA:42,3
DA:43,3
DA:50,11
DA:57,0
DA:58,0
DA:60,0
DA:61,0
DA:69,0
DA:70,0
LF:20
LH:14
BRDA:11,0,0,3
BRDA:11,0,1,1
BRDA:32,1,0,1
BRDA:32,1,1,3
BRDA:60,2,0,0
BRDA:60,2,1,0
BRF:6
BRH:4
end_of_record
TN:
SF:src/models/photo.entity.ts
FNF:0
FNH:0
DA:19,0
LF:1
LH:0
BRF:0
BRH:0
end_of_record
TN:
SF:src/orm/base-repository.ts
FN:31,(anonymous_0)
FN:50,(anonymous_1)
FN:59,(anonymous_2)
FN:80,(anonymous_3)
FN:84,(anonymous_4)
FN:106,(anonymous_5)
FN:114,(anonymous_6)
FN:117,(anonymous_7)
FN:125,(anonymous_8)
FN:141,(anonymous_9)
FN:144,(anonymous_10)
FN:154,(anonymous_11)
FN:183,(anonymous_12)
FN:192,(anonymous_13)
FN:199,(anonymous_14)
FN:207,(anonymous_15)
FN:213,(anonymous_16)
FN:225,(anonymous_17)
FN:245,(anonymous_18)
FN:267,(anonymous_19)
FN:280,(anonymous_20)
FN:312,(anonymous_21)
FN:338,(anonymous_22)
FN:394,(anonymous_23)
FN:434,(anonymous_24)
FN:454,(anonymous_25)
FN:467,(anonymous_26)
FN:504,(anonymous_27)
FN:521,(anonymous_28)
FN:547,(anonymous_29)
FNF:30
FNH:15
FNDA:143,(anonymous_0)
FNDA:3,(anonymous_1)
FNDA:0,(anonymous_2)
FNDA:0,(anonymous_3)
FNDA:0,(anonymous_4)
FNDA:0,(anonymous_5)
FNDA:2,(anonymous_6)
FNDA:36,(anonymous_7)
FNDA:34,(anonymous_8)
FNDA:7,(anonymous_9)
FNDA:20,(anonymous_10)
FNDA:20,(anonymous_11)
FNDA:0,(anonymous_12)
FNDA:0,(anonymous_13)
FNDA:0,(anonymous_14)
FNDA:0,(anonymous_15)
FNDA:0,(anonymous_16)
FNDA:0,(anonymous_17)
FNDA:0,(anonymous_18)
FNDA:0,(anonymous_19)
FNDA:0,(anonymous_20)
FNDA:0,(anonymous_21)
FNDA:0,(anonymous_22)
FNDA:1,(anonymous_23)
FNDA:7,(anonymous_24)
FNDA:7,(anonymous_25)
FNDA:7,(anonymous_26)
FNDA:7,(anonymous_27)
FNDA:2,(anonymous_28)
FNDA:2,(anonymous_29)
DA:2,11
DA:22,11
DA:32,143
DA:33,143
DA:34,143
DA:35,143
DA:42,143
DA:43,143
DA:44,143
DA:51,3
DA:52,3
DA:53,3
DA:60,0
DA:61,0
DA:63,0
DA:64,0
DA:65,0
DA:68,0
DA:69,0
DA:70,0
DA:73,0
DA:74,0
DA:81,0
DA:82,0
DA:84,0
DA:85,0
DA:87,0
DA:89,0
DA:90,0
DA:91,0
DA:94,0
DA:95,0
DA:96,0
DA:99,0
DA:100,0
DA:107,0
DA:108,0
DA:116,2
DA:117,2
DA:118,36
DA:119,34
DA:123,2
DA:124,2
DA:125,34
DA:126,2
DA:128,2
DA:134,2
DA:135,2
DA:143,7
DA:144,7
DA:145,20
DA:146,20
DA:150,7
DA:151,7
DA:153,7
DA:155,20
DA:158,2
DA:159,2
DA:160,2
DA:162,2
DA:164,18
DA:167,7
DA:169,7
DA:176,7
DA:177,7
DA:184,0
DA:185,0
DA:186,0
DA:193,0
DA:200,0
DA:201,0
DA:208,0
DA:209,0
DA:211,0
DA:212,0
DA:213,0
DA:214,0
DA:215,0
DA:218,0
DA:219,0
DA:230,0
DA:237,0
DA:238,0
DA:255,0
DA:256,0
DA:262,0
DA:263,0
DA:264,0
DA:267,0
DA:268,0
DA:269,0
DA:270,0
DA:273,0
DA:274,0
DA:276,0
DA:280,0
DA:281,0
DA:282,0
DA:283,0
DA:287,0
DA:290,0
DA:291,0
DA:295,0
DA:296,0
DA:297,0
DA:300,0
DA:301,0
DA:302,0
DA:305,0
DA:306,0
DA:327,0
DA:328,0
DA:334,0
DA:335,0
DA:338,0
DA:339,0
DA:340,0
DA:342,0
DA:343,0
DA:345,0
DA:347,0
DA:349,0
DA:351,0
DA:353,0
DA:355,0
DA:357,0
DA:358,0
DA:360,0
DA:361,0
DA:363,0
DA:365,0
DA:369,0
DA:372,0
DA:373,0
DA:377,0
DA:378,0
DA:379,0
DA:382,0
DA:383,0
DA:384,0
DA:387,0
DA:388,0
DA:398,1
DA:401,1
DA:402,1
DA:403,1
DA:406,1
DA:407,1
DA:410,1
DA:411,1
DA:412,1
DA:413,1
DA:417,1
DA:418,1
DA:420,1
DA:423,1
DA:424,1
DA:425,1
DA:426,1
DA:428,1
DA:442,7
DA:443,7
DA:445,7
DA:446,7
DA:447,0
DA:450,7
DA:451,7
DA:454,7
DA:455,7
DA:456,7
DA:457,7
DA:460,7
DA:461,4
DA:463,3
DA:467,7
DA:468,7
DA:469,7
DA:470,4
DA:474,7
DA:477,7
DA:478,7
DA:479,7
DA:482,7
DA:485,7
DA:486,7
DA:487,7
DA:488,7
DA:492,7
DA:493,7
DA:495,7
DA:498,7
DA:499,7
DA:500,7
DA:501,7
DA:504,7
DA:505,7
DA:508,7
DA:528,2
DA:529,2
DA:531,2
DA:532,0
DA:534,2
DA:535,0
DA:538,2
DA:543,2
DA:544,2
DA:554,2
DA:555,2
DA:557,2
DA:558,0
DA:560,2
DA:561,0
DA:564,2
DA:568,2
DA:569,2
LF:215
LH:108
BRDA:34,0,0,143
BRDA:34,0,1,0
BRDA:35,1,0,143
BRDA:35,1,1,0
BRDA:42,2,0,143
BRDA:42,2,1,22
BRDA:44,3,0,143
BRDA:44,3,1,0
BRDA:53,4,0,3
BRDA:53,4,1,1
BRDA:63,5,0,0
BRDA:63,5,1,0
BRDA:68,6,0,0
BRDA:68,6,1,0
BRDA:82,7,0,0
BRDA:82,7,1,0
BRDA:89,8,0,0
BRDA:89,8,1,0
BRDA:94,9,0,0
BRDA:94,9,1,0
BRDA:108,10,0,0
BRDA:108,10,1,0
BRDA:118,11,0,34
BRDA:118,11,1,2
BRDA:145,12,0,20
BRDA:145,12,1,0
BRDA:151,13,0,0
BRDA:151,13,1,7
BRDA:155,14,0,2
BRDA:155,14,1,18
BRDA:159,15,0,2
BRDA:159,15,1,0
BRDA:159,16,0,2
BRDA:159,16,1,2
BRDA:177,17,0,7
BRDA:177,17,1,0
BRDA:186,18,0,0
BRDA:186,18,1,0
BRDA:211,19,0,0
BRDA:211,19,1,0
BRDA:211,20,0,0
BRDA:211,20,1,0
BRDA:228,21,0,0
BRDA:247,22,0,0
BRDA:256,23,0,0
BRDA:256,23,1,0
BRDA:259,24,0,0
BRDA:260,25,0,0
BRDA:261,26,0,0
BRDA:273,27,0,0
BRDA:273,27,1,0
BRDA:273,28,0,0
BRDA:273,28,1,0
BRDA:282,29,0,0
BRDA:282,29,1,0
BRDA:282,30,0,0
BRDA:282,30,1,0
BRDA:290,31,0,0
BRDA:290,31,1,0
BRDA:295,32,0,0
BRDA:295,32,1,0
BRDA:300,33,0,0
BRDA:300,33,1,0
BRDA:319,34,0,0
BRDA:328,35,0,0
BRDA:328,35,1,0
BRDA:331,36,0,0
BRDA:332,37,0,0
BRDA:333,38,0,0
BRDA:340,39,0,0
BRDA:345,40,0,0
BRDA:345,40,1,0
BRDA:345,40,2,0
BRDA:345,40,3,0
BRDA:345,40,4,0
BRDA:345,40,5,0
BRDA:345,40,6,0
BRDA:345,40,7,0
BRDA:345,40,8,0
BRDA:372,41,0,0
BRDA:372,41,1,0
BRDA:377,42,0,0
BRDA:377,42,1,0
BRDA:382,43,0,0
BRDA:382,43,1,0
BRDA:410,44,0,1
BRDA:410,44,1,0
BRDA:410,45,0,1
BRDA:410,45,1,1
BRDA:411,46,0,1
BRDA:411,46,1,1
BRDA:412,47,0,1
BRDA:412,47,1,0
BRDA:424,48,0,1
BRDA:424,48,1,0
BRDA:425,49,0,0
BRDA:425,49,1,1
BRDA:426,50,0,1
BRDA:426,50,1,0
BRDA:438,51,0,3
BRDA:443,52,0,3
BRDA:446,53,0,0
BRDA:446,53,1,7
BRDA:460,54,0,4
BRDA:460,54,1,3
BRDA:460,55,0,7
BRDA:460,55,1,4
BRDA:469,56,0,4
BRDA:469,56,1,3
BRDA:469,57,0,7
BRDA:469,57,1,4
BRDA:485,58,0,7
BRDA:485,58,1,0
BRDA:485,59,0,7
BRDA:485,59,1,5
BRDA:486,60,0,7
BRDA:486,60,1,5
BRDA:487,61,0,7
BRDA:487,61,1,0
BRDA:499,62,0,7
BRDA:499,62,1,0
BRDA:500,63,0,2
BRDA:500,63,1,5
BRDA:501,64,0,7
BRDA:501,64,1,0
BRDA:531,65,0,0
BRDA:531,65,1,2
BRDA:534,66,0,0
BRDA:534,66,1,2
BRDA:557,67,0,0
BRDA:557,67,1,2
BRDA:560,68,0,0
BRDA:560,68,1,2
BRDA:569,69,0,2
BRDA:569,69,1,2
BRF:135
BRH:53
end_of_record
TN:
SF:src/queues/notification.queue.ts
FN:18,(anonymous_0)
FN:33,enqueueNotification
FNF:2
FNH:2
FNDA:1,(anonymous_0)
FNDA:1,enqueueNotification
DA:1,11
DA:2,11
DA:4,11
DA:6,11
DA:15,11
DA:18,11
DA:19,1
DA:20,1
DA:24,11
DA:31,11
DA:33,11
DA:34,1
LF:12
LH:12
BRDA:4,0,0,11
BRDA:4,0,1,0
BRF:2
BRH:1
end_of_record
TN:
SF:src/repositories/block.repository.ts
FN:34,(anonymous_0)
FN:48,(anonymous_1)
FN:70,(anonymous_2)
FN:83,(anonymous_3)
FN:96,(anonymous_4)
FN:104,(anonymous_5)
FN:134,(anonymous_6)
FN:153,(anonymous_7)
FN:174,(anonymous_8)
FN:189,(anonymous_9)
FN:202,(anonymous_10)
FN:215,(anonymous_11)
FN:222,(anonymous_12)
FN:228,(anonymous_13)
FN:235,(anonymous_14)
FN:241,(anonymous_15)
FN:273,(anonymous_16)
FNF:17
FNH:2
FNDA:11,(anonymous_0)
FNDA:4,(anonymous_1)
FNDA:0,(anonymous_2)
FNDA:0,(anonymous_3)
FNDA:0,(anonymous_4)
FNDA:0,(anonymous_5)
FNDA:0,(anonymous_6)
FNDA:0,(anonymous_7)
FNDA:0,(anonymous_8)
FNDA:0,(anonymous_9)
FNDA:0,(anonymous_10)
FNDA:0,(anonymous_11)
FNDA:0,(anonymous_12)
FNDA:0,(anonymous_13)
FNDA:0,(anonymous_14)
FNDA:0,(anonymous_15)
FNDA:0,(anonymous_16)
DA:1,11
DA:33,11
DA:35,11
DA:49,4
DA:56,4
DA:59,4
DA:61,0
DA:64,4
DA:71,0
DA:76,0
DA:77,0
DA:84,0
DA:89,0
DA:90,0
DA:97,0
DA:98,0
DA:112,0
DA:118,0
DA:119,0
DA:121,0
DA:122,0
DA:124,0
DA:139,0
DA:151,0
DA:153,0
DA:175,0
DA:182,0
DA:183,0
DA:190,0
DA:195,0
DA:196,0
DA:203,0
DA:208,0
DA:209,0
DA:216,0
DA:221,0
DA:222,0
DA:229,0
DA:234,0
DA:235,0
DA:246,0
DA:256,0
DA:257,0
DA:259,0
DA:260,0
DA:261,0
DA:263,0
DA:274,0
DA:280,0
DA:281,0
LF:50
LH:7
BRDA:59,0,0,0
BRDA:59,0,1,4
BRDA:77,1,0,0
BRDA:77,1,1,0
BRDA:90,2,0,0
BRDA:90,2,1,0
BRDA:127,3,0,0
BRDA:127,3,1,0
BRDA:136,4,0,0
BRDA:137,5,0,0
BRDA:174,6,0,0
BRDA:174,7,0,0
BRDA:259,8,0,0
BRDA:259,8,1,0
BRDA:260,9,0,0
BRDA:260,9,1,0
BRDA:281,10,0,0
BRDA:281,10,1,0
BRF:18
BRH:1
end_of_record
TN:
SF:src/repositories/chatMessage.repository.ts
FN:9,(anonymous_0)
FN:19,(anonymous_1)
FN:31,(anonymous_2)
FNF:3
FNH:2
FNDA:11,(anonymous_0)
FNDA:3,(anonymous_1)
FNDA:0,(anonymous_2)
DA:2,11
DA:8,11
DA:10,11
DA:24,3
DA:32,0
DA:38,0
DA:40,0
LF:7
LH:4
BRDA:40,0,0,0
BRDA:40,0,1,0
BRF:2
BRH:0
end_of_record
TN:
SF:src/repositories/chatRoom.repository.ts
FN:8,(anonymous_0)
FN:18,(anonymous_1)
FN:98,(anonymous_2)
FN:104,(anonymous_3)
FN:112,(anonymous_4)
FN:118,(anonymous_5)
FN:126,(anonymous_6)
FN:134,(anonymous_7)
FNF:8
FNH:5
FNDA:11,(anonymous_0)
FNDA:9,(anonymous_1)
FNDA:8,(anonymous_2)
FNDA:0,(anonymous_3)
FNDA:1,(anonymous_4)
FNDA:0,(anonymous_5)
FNDA:0,(anonymous_6)
FNDA:1,(anonymous_7)
DA:2,11
DA:7,11
DA:9,11
DA:19,9
DA:99,8
DA:100,8
DA:101,8
DA:105,0
DA:109,0
DA:113,1
DA:114,1
DA:115,1
DA:119,0
DA:122,0
DA:123,0
DA:127,0
DA:128,0
DA:129,0
DA:131,0
DA:135,1
DA:136,1
LF:21
LH:12
BRDA:101,0,0,8
BRDA:101,0,1,2
BRDA:109,1,0,0
BRDA:109,1,1,0
BRDA:123,2,0,0
BRDA:123,2,1,0
BRDA:136,3,0,1
BRDA:136,3,1,0
BRF:8
BRH:3
end_of_record
TN:
SF:src/repositories/hashtag.repository.ts
FN:9,(anonymous_0)
FN:23,(anonymous_1)
FN:30,(anonymous_2)
FN:43,(anonymous_3)
FN:60,(anonymous_4)
FNF:5
FNH:4
FNDA:11,(anonymous_0)
FNDA:0,(anonymous_1)
FNDA:4,(anonymous_2)
FNDA:3,(anonymous_3)
FNDA:2,(anonymous_4)
DA:2,11
DA:8,11
DA:10,11
DA:24,0
DA:35,4
DA:45,3
DA:46,3
DA:47,1
DA:51,2
DA:54,2
DA:61,2
LF:11
LH:10
BRDA:46,0,0,1
BRDA:46,0,1,2
BRF:2
BRH:2
end_of_record
TN:
SF:src/repositories/like.repository.ts
FN:25,(anonymous_0)
FN:39,(anonymous_1)
FN:62,(anonymous_2)
FN:75,(anonymous_3)
FN:88,(anonymous_4)
FN:102,(anonymous_5)
FN:121,(anonymous_6)
FN:140,(anonymous_7)
FN:163,(anonymous_8)
FN:179,(anonymous_9)
FN:194,(anonymous_10)
FNF:11
FNH:2
FNDA:22,(anonymous_0)
FNDA:0,(anonymous_1)
FNDA:0,(anonymous_2)
FNDA:8,(anonymous_3)
FNDA:0,(anonymous_4)
FNDA:0,(anonymous_5)
FNDA:0,(anonymous_6)
FNDA:0,(anonymous_7)
FNDA:0,(anonymous_8)
FNDA:0,(anonymous_9)
FNDA:0,(anonymous_10)
DA:1,11
DA:24,11
DA:26,22
DA:40,0
DA:50,0
DA:56,0
DA:63,0
DA:68,0
DA:69,0
DA:76,8
DA:81,8
DA:82,8
DA:89,0
DA:95,0
DA:96,0
DA:103,0
DA:114,0
DA:115,0
DA:122,0
DA:133,0
DA:134,0
DA:141,0
DA:150,0
DA:151,0
DA:153,0
DA:164,0
DA:173,0
DA:180,0
DA:187,0
DA:188,0
DA:195,0
DA:201,0
DA:202,0
DA:204,0
LF:34
LH:6
BRDA:69,0,0,0
BRDA:69,0,1,0
BRDA:82,1,0,8
BRDA:82,1,1,8
BRDA:102,2,0,0
BRDA:102,3,0,0
BRDA:121,4,0,0
BRDA:121,5,0,0
BRDA:154,6,0,0
BRDA:154,6,1,0
BRDA:155,7,0,0
BRDA:155,7,1,0
BRDA:156,8,0,0
BRDA:156,8,1,0
BRDA:179,9,0,0
BRDA:194,10,0,0
BRF:16
BRH:2
end_of_record
TN:
SF:src/repositories/match.repository.ts
FN:34,(anonymous_0)
FN:48,(anonymous_1)
FN:73,(anonymous_2)
FN:88,(anonymous_3)
FN:112,(anonymous_4)
FN:133,(anonymous_5)
FN:148,(anonymous_6)
FN:156,(anonymous_7)
FN:169,(anonymous_8)
FN:193,(anonymous_9)
FN:214,(anonymous_10)
FNF:11
FNH:2
FNDA:33,(anonymous_0)
FNDA:0,(anonymous_1)
FNDA:4,(anonymous_2)
FNDA:0,(anonymous_3)
FNDA:0,(anonymous_4)
FNDA:0,(anonymous_5)
FNDA:0,(anonymous_6)
FNDA:0,(anonymous_7)
FNDA:0,(anonymous_8)
FNDA:0,(anonymous_9)
FNDA:0,(anonymous_10)
DA:1,11
DA:33,11
DA:35,33
DA:50,0
DA:52,0
DA:59,0
DA:62,0
DA:64,0
DA:67,0
DA:74,4
DA:76,4
DA:81,4
DA:82,4
DA:89,0
DA:110,0
DA:112,0
DA:134,0
DA:136,0
DA:141,0
DA:142,0
DA:149,0
DA:150,0
DA:157,0
DA:162,0
DA:163,0
DA:170,0
DA:191,0
DA:193,0
DA:215,0
DA:224,0
LF:30
LH:7
BRDA:62,0,0,0
BRDA:62,0,1,0
BRDA:82,1,0,4
BRDA:82,1,1,4
BRDA:88,2,0,0
BRDA:88,3,0,0
BRDA:142,4,0,0
BRDA:142,4,1,0
BRDA:169,5,0,0
BRF:9
BRH:2
end_of_record
TN:
SF:src/repositories/notification.repository.ts
FN:19,(anonymous_0)
FN:23,(anonymous_1)
FN:53,(anonymous_2)
FN:71,(anonymous_3)
FN:79,(anonymous_4)
FN:89,(anonymous_5)
FN:98,(anonymous_6)
FN:113,(anonymous_7)
FN:121,(anonymous_8)
FNF:9
FNH:6
FNDA:12,(anonymous_0)
FNDA:1,(anonymous_1)
FNDA:0,(anonymous_2)
FNDA:1,(anonymous_3)
FNDA:1,(anonymous_4)
FNDA:1,(anonymous_5)
FNDA:1,(anonymous_6)
FNDA:0,(anonymous_7)
FNDA:0,(anonymous_8)
DA:2,11
DA:16,11
DA:20,12
DA:30,1
DA:31,1
DA:32,1
DA:33,1
DA:35,1
DA:40,1
DA:42,1
DA:47,1
DA:54,0
DA:55,0
DA:60,0
DA:61,0
DA:65,0
DA:72,1
DA:76,1
DA:80,1
DA:86,1
DA:90,1
DA:95,1
DA:104,1
DA:110,0
DA:114,0
DA:122,0
LF:26
LH:18
BRDA:19,0,0,11
BRDA:27,1,0,1
BRDA:28,2,0,0
BRDA:32,3,0,1
BRDA:32,3,1,0
BRDA:33,4,0,0
BRDA:33,4,1,1
BRDA:95,5,0,1
BRDA:95,5,1,0
BRF:9
BRH:5
end_of_record
TN:
SF:src/repositories/photo.repository.ts
FN:14,(anonymous_1)
FN:25,(anonymous_2)
FN:44,(anonymous_3)
FN:54,(anonymous_4)
FN:83,(anonymous_5)
FN:89,(anonymous_6)
FN:147,(anonymous_7)
FN:170,(anonymous_8)
FN:199,(anonymous_9)
FN:209,(anonymous_10)
FNF:10
FNH:8
FNDA:11,(anonymous_1)
FNDA:1,(anonymous_2)
FNDA:1,(anonymous_3)
FNDA:5,(anonymous_4)
FNDA:18,(anonymous_5)
FNDA:17,(anonymous_6)
FNDA:2,(anonymous_7)
FNDA:2,(anonymous_8)
FNDA:0,(anonymous_9)
FNDA:0,(anonymous_10)
DA:1,11
DA:2,11
DA:3,11
DA:6,11
DA:9,11
DA:13,11
DA:15,11
DA:26,1
DA:43,1
DA:44,1
DA:45,1
DA:46,1
DA:55,5
DA:71,5
DA:72,3
DA:74,3
DA:75,3
DA:76,3
DA:84,18
DA:85,18
DA:86,18
DA:91,17
DA:92,17
DA:93,17
DA:94,17
DA:97,17
DA:98,17
DA:101,17
DA:105,17
DA:106,17
DA:107,17
DA:110,17
DA:128,17
DA:138,17
DA:139,17
DA:140,17
DA:149,2
DA:150,1
DA:153,1
DA:154,1
DA:156,1
DA:158,1
DA:159,1
DA:160,1
DA:165,1
DA:168,0
DA:172,2
DA:174,2
DA:175,2
DA:178,2
DA:184,2
DA:189,1
DA:190,1
DA:192,1
DA:193,1
DA:195,2
DA:204,0
DA:205,0
DA:206,0
DA:209,0
DA:210,0
DA:211,0
DA:212,0
DA:213,0
DA:214,0
DA:215,0
DA:219,0
DA:220,0
DA:223,0
DA:240,0
DA:241,0
DA:243,0
DA:245,0
DA:246,0
DA:247,0
LF:75
LH:55
BRDA:45,0,0,0
BRDA:45,0,1,1
BRDA:72,1,0,0
BRDA:72,1,1,3
BRDA:75,2,0,0
BRDA:75,2,1,3
BRDA:139,3,0,0
BRDA:139,3,1,17
BRDA:150,4,0,0
BRDA:150,4,1,1
BRDA:156,5,0,1
BRDA:156,5,1,0
BRDA:156,6,0,1
BRDA:156,6,1,1
BRDA:190,7,0,1
BRDA:190,7,1,1
BRDA:210,8,0,0
BRDA:210,8,1,0
BRDA:212,9,0,0
BRDA:212,9,1,0
BRDA:219,10,0,0
BRDA:219,10,1,0
BRDA:243,11,0,0
BRDA:243,11,1,0
BRDA:246,12,0,0
BRDA:246,12,1,0
BRF:26
BRH:10
end_of_record
TN:
SF:src/repositories/user.repository.ts
FN:8,(anonymous_0)
FN:22,(anonymous_1)
FN:66,(anonymous_2)
FN:73,(anonymous_3)
FN:116,(anonymous_4)
FN:159,(anonymous_5)
FN:172,(anonymous_6)
FN:199,(anonymous_7)
FN:206,(anonymous_8)
FN:216,(anonymous_9)
FN:227,(anonymous_10)
FN:253,(anonymous_11)
FNF:12
FNH:7
FNDA:33,(anonymous_0)
FNDA:93,(anonymous_1)
FNDA:93,(anonymous_2)
FNDA:0,(anonymous_3)
FNDA:2,(anonymous_4)
FNDA:9,(anonymous_5)
FNDA:2,(anonymous_6)
FNDA:0,(anonymous_7)
FNDA:0,(anonymous_8)
FNDA:4,(anonymous_9)
FNDA:0,(anonymous_10)
FNDA:0,(anonymous_11)
DA:3,11
DA:4,11
DA:7,11
DA:9,33
DA:23,93
DA:58,93
DA:60,93
DA:67,93
DA:74,0
DA:109,0
DA:110,0
DA:117,2
DA:152,2
DA:153,2
DA:160,9
DA:165,9
DA:166,9
DA:173,2
DA:183,2
DA:188,0
DA:189,0
DA:191,2
DA:193,2
DA:200,0
DA:207,0
DA:217,4
DA:221,4
DA:232,0
DA:246,0
DA:247,0
DA:267,0
DA:268,0
DA:269,0
DA:272,0
DA:290,0
DA:333,0
DA:334,0
DA:335,0
DA:338,0
DA:339,0
DA:345,0
DA:347,0
DA:348,0
DA:349,0
DA:350,0
DA:351,0
DA:354,0
DA:355,0
DA:356,0
DA:357,0
DA:358,0
DA:359,0
DA:360,0
DA:363,0
DA:364,0
DA:365,0
DA:366,0
DA:367,0
DA:368,0
DA:369,0
DA:372,0
DA:373,0
DA:374,0
DA:375,0
DA:376,0
DA:377,0
DA:378,0
DA:381,0
DA:382,0
DA:383,0
DA:384,0
DA:385,0
DA:386,0
DA:387,0
DA:390,0
DA:391,0
DA:396,0
DA:397,0
DA:398,0
DA:399,0
DA:400,0
DA:403,0
DA:404,0
DA:405,0
DA:410,0
DA:411,0
DA:412,0
DA:413,0
DA:414,0
DA:418,0
DA:419,0
DA:422,0
DA:425,0
DA:427,0
DA:430,0
DA:443,0
LF:96
LH:20
BRDA:60,0,0,93
BRDA:60,0,1,1
BRDA:110,1,0,0
BRDA:110,1,1,0
BRDA:153,2,0,2
BRDA:153,2,1,2
BRDA:166,3,0,9
BRDA:166,3,1,3
BRDA:180,4,0,2
BRDA:180,4,1,0
BRDA:183,5,0,0
BRDA:183,5,1,2
BRDA:184,6,0,2
BRDA:184,6,1,0
BRDA:184,6,2,0
BRDA:230,7,0,0
BRDA:267,8,0,0
BRDA:267,8,1,0
BRDA:268,9,0,0
BRDA:268,9,1,0
BRDA:338,10,0,0
BRDA:338,10,1,0
BRDA:354,11,0,0
BRDA:354,11,1,0
BRDA:363,12,0,0
BRDA:363,12,1,0
BRDA:372,13,0,0
BRDA:372,13,1,0
BRDA:381,14,0,0
BRDA:381,14,1,0
BRDA:390,15,0,0
BRDA:390,15,1,0
BRDA:390,16,0,0
BRDA:390,16,1,0
BRDA:403,17,0,0
BRDA:403,17,1,0
BRDA:404,18,0,0
BRDA:404,18,1,0
BRDA:431,19,0,0
BRDA:431,19,1,0
BRDA:432,20,0,0
BRDA:432,20,1,0
BRDA:433,21,0,0
BRDA:433,21,1,0
BRDA:434,22,0,0
BRDA:434,22,1,0
BRDA:435,23,0,0
BRDA:435,23,1,0
BRDA:436,24,0,0
BRDA:436,24,1,0
BRDA:438,25,0,0
BRDA:438,25,1,0
BRDA:440,26,0,0
BRDA:440,26,1,0
BRF:54
BRH:9
end_of_record
TN:
SF:src/routes/auth.routes.ts
FN:6,(anonymous_0)
FNF:1
FNH:1
FNDA:11,(anonymous_0)
DA:1,11
DA:2,11
DA:4,11
DA:6,11
DA:7,11
DA:10,11
DA:11,11
DA:14,11
DA:15,11
DA:16,11
DA:17,11
DA:18,11
DA:19,11
DA:20,11
DA:22,11
DA:25,11
LF:16
LH:16
BRF:0
BRH:0
end_of_record
TN:
SF:src/routes/chat.routes.ts
FN:9,(anonymous_0)
FNF:1
FNH:1
FNDA:11,(anonymous_0)
DA:1,11
DA:2,11
DA:3,11
DA:4,11
DA:6,11
DA:7,11
DA:9,11
DA:10,11
DA:13,11
DA:14,11
DA:15,11
DA:16,11
DA:19,11
DA:20,11
DA:21,11
DA:24,11
DA:26,11
DA:29,11
LF:18
LH:18
BRF:0
BRH:0
end_of_record
TN:
SF:src/routes/hashtag.routes.ts
FN:6,(anonymous_0)
FNF:1
FNH:1
FNDA:11,(anonymous_0)
DA:1,11
DA:2,11
DA:4,11
DA:6,11
DA:7,11
DA:8,11
DA:9,11
DA:12,11
DA:13,11
DA:14,11
DA:15,11
DA:16,11
DA:19,11
LF:13
LH:13
BRF:0
BRH:0
end_of_record
TN:
SF:src/routes/notification.routes.ts
FN:4,(anonymous_0)
FNF:1
FNH:1
FNDA:11,(anonymous_0)
DA:1,11
DA:2,11
DA:4,11
DA:5,11
DA:6,11
DA:8,11
DA:9,11
DA:10,11
DA:11,11
DA:12,11
DA:14,11
DA:17,11
LF:12
LH:12
BRF:0
BRH:0
end_of_record
TN:
SF:src/routes/photo.routes.ts
FN:9,(anonymous_1)
FN:18,(anonymous_2)
FNF:2
FNH:2
FNDA:21,(anonymous_1)
FNDA:11,(anonymous_2)
DA:1,11
DA:2,11
DA:3,11
DA:4,11
DA:6,11
DA:10,21
DA:11,19
DA:13,2
DA:18,11
DA:19,11
DA:20,11
DA:21,11
DA:24,11
DA:25,11
DA:26,11
DA:27,11
DA:28,11
DA:30,11
DA:33,11
LF:19
LH:19
BRDA:10,0,0,19
BRDA:10,0,1,2
BRF:2
BRH:2
end_of_record
TN:
SF:src/routes/user.routes.ts
FN:10,(anonymous_0)
FNF:1
FNH:1
FNDA:11,(anonymous_0)
DA:1,11
DA:2,11
DA:6,11
DA:8,11
DA:10,11
DA:11,11
DA:13,11
DA:14,11
DA:17,11
DA:18,11
DA:23,11
DA:25,11
DA:26,11
DA:28,11
DA:31,11
DA:32,11
DA:33,11
DA:36,11
DA:37,11
DA:38,11
DA:41,11
DA:42,11
DA:43,11
DA:46,11
DA:48,11
DA:51,11
LF:26
LH:26
BRF:0
BRH:0
end_of_record
TN:
SF:src/services/auth.services.ts
FN:11,(anonymous_0)
FN:18,(anonymous_1)
FN:63,(anonymous_2)
FN:108,(anonymous_3)
FN:132,(anonymous_4)
FN:155,(anonymous_5)
FN:189,(anonymous_6)
FN:214,(anonymous_7)
FNF:8
FNH:4
FNDA:11,(anonymous_0)
FNDA:3,(anonymous_1)
FNDA:6,(anonymous_2)
FNDA:0,(anonymous_3)
FNDA:0,(anonymous_4)
FNDA:0,(anonymous_5)
FNDA:2,(anonymous_6)
FNDA:0,(anonymous_7)
DA:2,11
DA:3,11
DA:4,11
DA:5,11
DA:6,11
DA:8,11
DA:12,11
DA:20,3
DA:21,3
DA:22,1
DA:25,2
DA:26,2
DA:27,0
DA:31,2
DA:32,2
DA:33,0
DA:37,2
DA:48,2
DA:50,2
DA:56,2
DA:57,2
DA:68,6
DA:69,6
DA:70,1
DA:74,5
DA:75,0
DA:79,5
DA:80,5
DA:81,1
DA:85,4
DA:88,4
DA:96,4
DA:98,4
DA:110,0
DA:114,0
DA:115,0
DA:119,0
DA:122,0
DA:126,0
DA:133,0
DA:134,0
DA:136,0
DA:140,0
DA:141,0
DA:144,0
DA:149,0
DA:157,0
DA:161,0
DA:162,0
DA:166,0
DA:167,0
DA:171,0
DA:172,0
DA:173,0
DA:177,0
DA:183,0
DA:191,2
DA:192,2
DA:193,1
DA:197,1
DA:198,1
DA:199,0
DA:203,1
DA:204,1
DA:205,0
DA:208,1
DA:215,0
LF:67
LH:38
BRDA:21,0,0,1
BRDA:21,0,1,2
BRDA:26,1,0,0
BRDA:26,1,1,2
BRDA:32,2,0,0
BRDA:32,2,1,2
BRDA:40,3,0,2
BRDA:40,3,1,0
BRDA:43,4,0,2
BRDA:43,4,1,0
BRDA:52,5,0,2
BRDA:52,5,1,0
BRDA:69,6,0,1
BRDA:69,6,1,5
BRDA:74,7,0,0
BRDA:74,7,1,5
BRDA:80,8,0,1
BRDA:80,8,1,4
BRDA:114,9,0,0
BRDA:114,9,1,0
BRDA:134,10,0,0
BRDA:134,10,1,0
BRDA:161,11,0,0
BRDA:161,11,1,0
BRDA:161,12,0,0
BRDA:161,12,1,0
BRDA:166,13,0,0
BRDA:166,13,1,0
BRDA:172,14,0,0
BRDA:172,14,1,0
BRDA:192,15,0,1
BRDA:192,15,1,1
BRDA:192,16,0,2
BRDA:192,16,1,1
BRDA:198,17,0,0
BRDA:198,17,1,1
BRDA:198,18,0,1
BRDA:198,18,1,1
BRDA:204,19,0,0
BRDA:204,19,1,1
BRF:40
BRH:20
end_of_record
TN:
SF:src/services/block.service.ts
FN:16,(anonymous_0)
FN:25,(anonymous_1)
FN:89,(anonymous_2)
FN:96,(anonymous_3)
FN:134,(anonymous_4)
FN:141,(anonymous_5)
FN:155,(anonymous_6)
FN:163,(anonymous_7)
FN:187,(anonymous_8)
FN:205,(anonymous_9)
FN:244,(anonymous_10)
FN:273,(anonymous_11)
FN:292,(anonymous_12)
FNF:13
FNH:2
FNDA:11,(anonymous_0)
FNDA:4,(anonymous_1)
FNDA:0,(anonymous_2)
FNDA:0,(anonymous_3)
FNDA:0,(anonymous_4)
FNDA:0,(anonymous_5)
FNDA:0,(anonymous_6)
FNDA:0,(anonymous_7)
FNDA:0,(anonymous_8)
FNDA:0,(anonymous_9)
FNDA:0,(anonymous_10)
FNDA:0,(anonymous_11)
FNDA:0,(anonymous_12)
DA:6,11
DA:7,11
DA:8,11
DA:9,11
DA:11,11
DA:17,11
DA:18,11
DA:19,11
DA:34,4
DA:35,0
DA:39,4
DA:44,4
DA:47,4
DA:48,4
DA:49,4
DA:50,0
DA:51,0
DA:54,0
DA:55,0
DA:59,4
DA:60,4
DA:61,4
DA:63,4
DA:64,0
DA:65,0
DA:68,4
DA:69,0
DA:70,0
DA:74,4
DA:75,0
DA:76,0
DA:79,4
DA:90,0
DA:110,0
DA:111,0
DA:114,0
DA:116,0
DA:117,0
DA:119,0
DA:135,0
DA:149,0
DA:156,0
DA:157,0
DA:170,0
DA:172,0
DA:173,0
DA:181,0
DA:191,0
DA:196,0
DA:213,0
DA:214,0
DA:221,0
DA:222,0
DA:223,0
DA:230,0
DA:231,0
DA:232,0
DA:238,0
DA:251,0
DA:252,0
DA:254,0
DA:255,0
DA:256,0
DA:257,0
DA:258,0
DA:260,0
DA:263,0
DA:267,0
DA:290,0
DA:292,0
DA:297,0
DA:299,0
LF:72
LH:21
BRDA:34,0,0,0
BRDA:34,0,1,4
BRDA:49,1,0,0
BRDA:49,1,1,4
BRDA:63,2,0,0
BRDA:63,2,1,4
BRDA:68,3,0,0
BRDA:68,3,1,4
BRDA:74,4,0,0
BRDA:74,4,1,4
BRDA:98,5,0,0
BRDA:99,6,0,0
BRDA:117,7,0,0
BRDA:117,7,1,0
BRDA:172,8,0,0
BRDA:172,8,1,0
BRDA:175,9,0,0
BRDA:175,9,1,0
BRDA:213,10,0,0
BRDA:213,10,1,0
BRDA:222,11,0,0
BRDA:222,11,1,0
BRDA:231,12,0,0
BRDA:231,12,1,0
BRDA:257,13,0,0
BRDA:257,13,1,0
BRDA:275,14,0,0
BRDA:276,15,0,0
BRF:28
BRH:5
end_of_record
TN:
SF:src/services/chat.services.ts
FN:15,(anonymous_0)
FN:26,(anonymous_1)
FN:33,(anonymous_2)
FN:55,(anonymous_3)
FN:69,(anonymous_4)
FN:88,(anonymous_5)
FN:113,(anonymous_6)
FN:127,(anonymous_7)
FNF:8
FNH:5
FNDA:11,(anonymous_0)
FNDA:1,(anonymous_1)
FNDA:8,(anonymous_2)
FNDA:0,(anonymous_3)
FNDA:4,(anonymous_4)
FNDA:0,(anonymous_5)
FNDA:2,(anonymous_6)
FNDA:0,(anonymous_7)
DA:5,11
DA:11,11
DA:19,11
DA:20,11
DA:27,1
DA:34,8
DA:35,8
DA:36,6
DA:43,6
DA:45,6
DA:48,6
DA:49,5
DA:57,0
DA:59,0
DA:60,0
DA:63,0
DA:76,4
DA:78,3
DA:79,0
DA:82,3
DA:94,0
DA:96,0
DA:97,0
DA:101,0
DA:107,0
DA:115,2
DA:117,2
DA:118,1
DA:121,1
DA:132,0
DA:134,0
DA:136,0
DA:137,0
DA:140,0
DA:142,0
DA:144,0
DA:145,0
LF:37
LH:19
BRDA:35,0,0,2
BRDA:35,0,1,6
BRDA:43,1,0,6
BRDA:43,1,1,0
BRDA:43,1,2,0
BRDA:43,1,3,0
BRDA:45,2,0,6
BRDA:45,2,1,6
BRDA:45,2,2,6
BRDA:45,2,3,4
BRDA:48,3,0,1
BRDA:48,3,1,5
BRDA:48,4,0,6
BRDA:48,4,1,6
BRDA:59,5,0,0
BRDA:59,5,1,0
BRDA:78,6,0,0
BRDA:78,6,1,3
BRDA:96,7,0,0
BRDA:96,7,1,0
BRDA:117,8,0,1
BRDA:117,8,1,1
BRDA:136,9,0,0
BRDA:136,9,1,0
BRF:24
BRH:14
end_of_record
TN:
SF:src/services/hashtag.service.ts
FN:11,(anonymous_0)
FN:18,(anonymous_1)
FN:25,(anonymous_2)
FN:35,(anonymous_3)
FN:46,(anonymous_4)
FN:53,(anonymous_5)
FNF:6
FNH:5
FNDA:11,(anonymous_0)
FNDA:0,(anonymous_1)
FNDA:1,(anonymous_2)
FNDA:4,(anonymous_3)
FNDA:3,(anonymous_4)
FNDA:2,(anonymous_5)
DA:2,11
DA:3,11
DA:8,11
DA:12,11
DA:19,0
DA:29,1
DA:40,4
DA:47,3
DA:54,2
LF:9
LH:8
BRF:0
BRH:0
end_of_record
TN:
SF:src/services/like.service.ts
FN:10,(anonymous_0)
FN:18,(anonymous_1)
FN:75,(anonymous_2)
FN:92,(anonymous_3)
FN:131,(anonymous_4)
FN:174,(anonymous_5)
FN:181,(anonymous_6)
FN:209,(anonymous_7)
FN:216,(anonymous_8)
FN:245,(anonymous_9)
FN:256,(anonymous_10)
FN:294,(anonymous_11)
FN:337,(anonymous_12)
FNF:13
FNH:1
FNDA:11,(anonymous_0)
FNDA:0,(anonymous_1)
FNDA:0,(anonymous_2)
FNDA:0,(anonymous_3)
FNDA:0,(anonymous_4)
FNDA:0,(anonymous_5)
FNDA:0,(anonymous_6)
FNDA:0,(anonymous_7)
FNDA:0,(anonymous_8)
FNDA:0,(anonymous_9)
FNDA:0,(anonymous_10)
FNDA:0,(anonymous_11)
FNDA:0,(anonymous_12)
DA:2,11
DA:3,11
DA:4,11
DA:6,11
DA:11,11
DA:12,11
DA:28,0
DA:29,0
DA:33,0
DA:34,0
DA:35,0
DA:39,0
DA:45,0
DA:48,0
DA:51,0
DA:54,0
DA:55,0
DA:57,0
DA:59,0
DA:60,0
DA:61,0
DA:65,0
DA:76,0
DA:78,0
DA:80,0
DA:86,0
DA:106,0
DA:107,0
DA:110,0
DA:111,0
DA:113,0
DA:114,0
DA:116,0
DA:145,0
DA:146,0
DA:149,0
DA:153,0
DA:154,0
DA:156,0
DA:157,0
DA:159,0
DA:175,0
DA:190,0
DA:191,0
DA:194,0
DA:195,0
DA:197,0
DA:199,0
DA:210,0
DA:242,0
DA:244,0
DA:245,0
DA:250,0
DA:251,0
DA:255,0
DA:256,0
DA:261,0
DA:262,0
DA:267,0
DA:268,0
DA:269,0
DA:270,0
DA:274,0
DA:277,0
DA:279,0
DA:306,0
DA:308,0
DA:323,0
DA:332,0
DA:337,0
DA:343,0
DA:345,0
LF:72
LH:6
BRDA:28,0,0,0
BRDA:28,0,1,0
BRDA:34,1,0,0
BRDA:34,1,1,0
BRDA:54,2,0,0
BRDA:54,2,1,0
BRDA:57,3,0,0
BRDA:57,3,1,0
BRDA:78,4,0,0
BRDA:78,4,1,0
BRDA:94,5,0,0
BRDA:95,6,0,0
BRDA:114,7,0,0
BRDA:114,7,1,0
BRDA:133,8,0,0
BRDA:134,9,0,0
BRDA:157,10,0,0
BRDA:157,10,1,0
BRDA:197,11,0,0
BRDA:197,11,1,0
BRDA:209,12,0,0
BRDA:219,13,0,0
BRDA:220,14,0,0
BRDA:242,15,0,0
BRDA:242,15,1,0
BRDA:242,15,2,0
BRDA:242,15,3,0
BRDA:296,16,0,0
BRDA:297,17,0,0
BRF:29
BRH:0
end_of_record
TN:
SF:src/services/match.service.ts
FN:8,(anonymous_0)
FN:15,(anonymous_1)
FN:53,(anonymous_2)
FN:60,(anonymous_3)
FNF:4
FNH:1
FNDA:11,(anonymous_0)
FNDA:0,(anonymous_1)
FNDA:0,(anonymous_2)
FNDA:0,(anonymous_3)
DA:2,11
DA:3,11
DA:5,11
DA:9,11
DA:29,0
DA:30,0
DA:33,0
DA:35,0
DA:36,0
DA:38,0
DA:54,0
DA:68,0
DA:69,0
DA:70,0
DA:77,0
DA:79,0
DA:81,0
DA:87,0
DA:94,11
LF:19
LH:5
BRDA:17,0,0,0
BRDA:18,1,0,0
BRDA:36,2,0,0
BRDA:36,2,1,0
BRDA:69,3,0,0
BRDA:69,3,1,0
BRDA:79,4,0,0
BRDA:79,4,1,0
BRDA:89,5,0,0
BRDA:89,5,1,0
BRF:10
BRH:0
end_of_record
TN:
SF:src/services/notification.service.ts
FN:7,(anonymous_0)
FN:11,(anonymous_1)
FN:16,(anonymous_2)
FN:21,(anonymous_3)
FN:26,(anonymous_4)
FN:31,(anonymous_5)
FNF:6
FNH:5
FNDA:11,(anonymous_0)
FNDA:1,(anonymous_1)
FNDA:0,(anonymous_2)
FNDA:1,(anonymous_3)
FNDA:1,(anonymous_4)
FNDA:1,(anonymous_5)
DA:1,11
DA:2,11
DA:4,11
DA:8,11
DA:12,1
DA:13,1
DA:17,0
DA:18,0
DA:22,1
DA:23,1
DA:27,1
DA:28,1
DA:32,1
DA:33,1
LF:14
LH:12
BRDA:7,0,0,11
BRDA:28,1,0,1
BRDA:28,1,1,0
BRF:3
BRH:2
end_of_record
TN:
SF:src/services/photo.service.ts
FN:11,(anonymous_0)
FN:15,(anonymous_1)
FN:19,(anonymous_2)
FN:34,(anonymous_3)
FN:38,(anonymous_4)
FN:42,(anonymous_5)
FN:46,(anonymous_6)
FNF:7
FNH:7
FNDA:11,(anonymous_0)
FNDA:1,(anonymous_1)
FNDA:19,(anonymous_2)
FNDA:3,(anonymous_3)
FNDA:2,(anonymous_4)
FNDA:2,(anonymous_5)
FNDA:19,(anonymous_6)
DA:2,11
DA:4,11
DA:8,11
DA:12,11
DA:16,1
DA:21,19
DA:22,1
DA:26,18
DA:27,18
DA:28,1
DA:31,17
DA:35,3
DA:39,2
DA:43,2
DA:47,19
DA:48,19
DA:50,19
LF:17
LH:17
BRDA:21,0,0,1
BRDA:21,0,1,18
BRDA:27,1,0,1
BRDA:27,1,1,17
BRDA:50,2,0,19
BRDA:50,2,1,19
BRF:6
BRH:6
end_of_record
TN:
SF:src/services/user.services.ts
FN:17,(anonymous_0)
FN:27,(anonymous_1)
FN:62,(anonymous_2)
FN:73,(anonymous_3)
FN:84,(anonymous_4)
FN:105,(anonymous_5)
FN:112,(anonymous_6)
FN:119,(anonymous_7)
FN:126,(anonymous_8)
FN:133,(anonymous_9)
FN:153,(anonymous_10)
FN:160,(anonymous_11)
FN:167,(anonymous_12)
FN:174,(anonymous_13)
FN:181,(anonymous_14)
FN:193,(anonymous_15)
FN:200,(anonymous_16)
FN:220,(anonymous_17)
FN:255,(anonymous_18)
FNF:19
FNH:6
FNDA:11,(anonymous_0)
FNDA:3,(anonymous_1)
FNDA:7,(anonymous_2)
FNDA:3,(anonymous_3)
FNDA:0,(anonymous_4)
FNDA:0,(anonymous_5)
FNDA:0,(anonymous_6)
FNDA:0,(anonymous_7)
FNDA:0,(anonymous_8)
FNDA:4,(anonymous_9)
FNDA:0,(anonymous_10)
FNDA:0,(anonymous_11)
FNDA:0,(anonymous_12)
FNDA:0,(anonymous_13)
FNDA:0,(anonymous_14)
FNDA:0,(anonymous_15)
FNDA:0,(anonymous_16)
FNDA:6,(anonymous_17)
FNDA:0,(anonymous_18)
DA:3,11
DA:4,11
DA:5,11
DA:6,11
DA:7,11
DA:8,11
DA:9,11
DA:11,11
DA:18,11
DA:19,11
DA:20,11
DA:21,11
DA:30,3
DA:63,7
DA:64,7
DA:65,1
DA:67,7
DA:77,3
DA:78,3
DA:93,0
DA:95,0
DA:106,0
DA:113,0
DA:120,0
DA:127,0
DA:141,4
DA:143,4
DA:154,0
DA:161,0
DA:168,0
DA:175,0
DA:187,0
DA:194,0
DA:214,0
DA:238,6
DA:241,6
DA:244,6
DA:250,6
DA:255,6
DA:267,6
DA:270,6
LF:41
LH:28
BRDA:62,0,0,5
BRDA:64,1,0,1
BRDA:64,1,1,6
BRDA:64,2,0,7
BRDA:64,2,1,2
BRDA:78,3,0,3
BRDA:78,3,1,0
BRDA:112,4,0,0
BRDA:112,5,0,0
BRDA:126,6,0,0
BRDA:126,7,0,0
BRDA:174,8,0,0
BRDA:174,9,0,0
BRDA:184,10,0,0
BRDA:185,11,0,0
BRDA:193,12,0,0
BRDA:193,13,0,0
BRDA:222,14,0,0
BRDA:232,15,0,0
BRDA:233,16,0,0
BRDA:234,17,0,0
BRDA:235,18,0,0
BRDA:236,19,0,0
BRDA:237,20,0,0
BRDA:257,21,0,0
BRDA:257,21,1,0
BRF:26
BRH:6
end_of_record
TN:
SF:src/sockets/chat.sockets.ts
FN:44,registerChatNamespace
FN:47,(anonymous_1)
FN:86,(anonymous_2)
FN:98,(anonymous_3)
FN:115,(anonymous_4)
FN:123,(anonymous_5)
FN:135,(anonymous_6)
FN:168,(anonymous_7)
FN:176,(anonymous_8)
FN:253,(anonymous_9)
FNF:10
FNH:0
FNDA:0,registerChatNamespace
FNDA:0,(anonymous_1)
FNDA:0,(anonymous_2)
FNDA:0,(anonymous_3)
FNDA:0,(anonymous_4)
FNDA:0,(anonymous_5)
FNDA:0,(anonymous_6)
FNDA:0,(anonymous_7)
FNDA:0,(anonymous_8)
FNDA:0,(anonymous_9)
DA:2,0
DA:3,0
DA:4,0
DA:5,0
DA:6,0
DA:8,0
DA:9,0
DA:11,0
DA:12,0
DA:13,0
DA:44,0
DA:45,0
DA:47,0
DA:48,0
DA:50,0
DA:52,0
DA:53,0
DA:54,0
DA:55,0
DA:56,0
DA:57,0
DA:58,0
DA:60,0
DA:61,0
DA:63,0
DA:64,0
DA:65,0
DA:68,0
DA:69,0
DA:72,0
DA:73,0
DA:74,0
DA:75,0
DA:76,0
DA:77,0
DA:78,0
DA:80,0
DA:81,0
DA:86,0
DA:87,0
DA:88,0
DA:89,0
DA:98,0
DA:99,0
DA:101,0
DA:103,0
DA:107,0
DA:108,0
DA:115,0
DA:116,0
DA:117,0
DA:118,0
DA:119,0
DA:120,0
DA:123,0
DA:124,0
DA:125,0
DA:126,0
DA:128,0
DA:129,0
DA:130,0
DA:131,0
DA:135,0
DA:136,0
DA:137,0
DA:138,0
DA:139,0
DA:141,0
DA:142,0
DA:143,0
DA:147,0
DA:148,0
DA:149,0
DA:150,0
DA:151,0
DA:152,0
DA:156,0
DA:157,0
DA:158,0
DA:159,0
DA:162,0
DA:168,0
DA:169,0
DA:170,0
DA:171,0
DA:172,0
DA:176,0
DA:177,0
DA:178,0
DA:179,0
DA:180,0
DA:183,0
DA:184,0
DA:185,0
DA:186,0
DA:190,0
DA:191,0
DA:192,0
DA:196,0
DA:200,0
DA:201,0
DA:202,0
DA:206,0
DA:210,0
DA:211,0
DA:215,0
DA:218,0
DA:219,0
DA:220,0
DA:224,0
DA:229,0
DA:242,0
DA:243,0
DA:246,0
DA:247,0
DA:249,0
DA:253,0
DA:254,0
DA:255,0
DA:256,0
DA:257,0
LF:121
LH:0
BRDA:52,0,0,0
BRDA:52,0,1,0
BRDA:52,1,0,0
BRDA:52,1,1,0
BRDA:54,2,0,0
BRDA:54,2,1,0
BRDA:56,3,0,0
BRDA:56,3,1,0
BRDA:58,4,0,0
BRDA:58,4,1,0
BRDA:60,5,0,0
BRDA:60,5,1,0
BRDA:64,6,0,0
BRDA:64,6,1,0
BRDA:64,7,0,0
BRDA:64,7,1,0
BRDA:64,7,2,0
BRDA:68,8,0,0
BRDA:68,8,1,0
BRDA:68,9,0,0
BRDA:68,9,1,0
BRDA:73,10,0,0
BRDA:73,10,1,0
BRDA:75,11,0,0
BRDA:75,11,1,0
BRDA:87,12,0,0
BRDA:87,12,1,0
BRDA:99,13,0,0
BRDA:99,13,1,0
BRDA:101,14,0,0
BRDA:101,14,1,0
BRDA:109,15,0,0
BRDA:109,15,1,0
BRDA:109,16,0,0
BRDA:109,16,1,0
BRDA:116,17,0,0
BRDA:116,17,1,0
BRDA:117,18,0,0
BRDA:117,18,1,0
BRDA:118,19,0,0
BRDA:118,19,1,0
BRDA:124,20,0,0
BRDA:124,20,1,0
BRDA:136,21,0,0
BRDA:136,21,1,0
BRDA:137,22,0,0
BRDA:137,22,1,0
BRDA:141,23,0,0
BRDA:141,23,1,0
BRDA:148,24,0,0
BRDA:148,24,1,0
BRDA:150,25,0,0
BRDA:150,25,1,0
BRDA:169,26,0,0
BRDA:169,26,1,0
BRDA:178,27,0,0
BRDA:178,27,1,0
BRDA:184,28,0,0
BRDA:184,28,1,0
BRDA:191,29,0,0
BRDA:191,29,1,0
BRDA:200,30,0,0
BRDA:200,30,1,0
BRDA:201,31,0,0
BRDA:201,31,1,0
BRDA:201,32,0,0
BRDA:201,32,1,0
BRDA:210,33,0,0
BRDA:210,33,1,0
BRDA:210,34,0,0
BRDA:210,34,1,0
BRDA:218,35,0,0
BRDA:218,35,1,0
BRDA:218,36,0,0
BRDA:218,36,1,0
BRDA:219,37,0,0
BRDA:219,37,1,0
BRDA:234,38,0,0
BRDA:234,38,1,0
BRDA:235,39,0,0
BRDA:235,39,1,0
BRDA:236,40,0,0
BRDA:236,40,1,0
BRDA:237,41,0,0
BRDA:237,41,1,0
BRDA:238,42,0,0
BRDA:238,42,1,0
BRDA:239,43,0,0
BRDA:239,43,1,0
BRDA:254,44,0,0
BRDA:254,44,1,0
BRDA:255,45,0,0
BRDA:255,45,1,0
BRDA:256,46,0,0
BRDA:256,46,1,0
BRF:95
BRH:0
end_of_record
TN:
SF:src/sockets/connection.socket.ts
FN:21,registerConnectionHandlers
FN:28,(anonymous_1)
FN:75,(anonymous_2)
FN:93,(anonymous_3)
FN:126,(anonymous_4)
FN:145,(anonymous_5)
FN:158,(anonymous_6)
FNF:7
FNH:0
FNDA:0,registerConnectionHandlers
FNDA:0,(anonymous_1)
FNDA:0,(anonymous_2)
FNDA:0,(anonymous_3)
FNDA:0,(anonymous_4)
FNDA:0,(anonymous_5)
FNDA:0,(anonymous_6)
DA:2,0
DA:3,0
DA:4,0
DA:6,0
DA:7,0
DA:8,0
DA:9,0
DA:10,0
DA:19,0
DA:21,0
DA:22,0
DA:25,0
DA:28,0
DA:29,0
DA:32,0
DA:36,0
DA:37,0
DA:41,0
DA:43,0
DA:44,0
DA:48,0
DA:49,0
DA:53,0
DA:54,0
DA:58,0
DA:59,0
DA:61,0
DA:62,0
DA:65,0
DA:67,0
DA:69,0
DA:70,0
DA:75,0
DA:76,0
DA:79,0
DA:82,0
DA:85,0
DA:93,0
DA:94,0
DA:95,0
DA:126,0
DA:127,0
DA:129,0
DA:136,0
DA:145,0
DA:146,0
DA:148,0
DA:158,0
DA:159,0
DA:162,0
LF:50
LH:0
BRDA:32,0,0,0
BRDA:32,0,1,0
BRDA:32,0,2,0
BRDA:36,1,0,0
BRDA:36,1,1,0
BRDA:43,2,0,0
BRDA:43,2,1,0
BRDA:48,3,0,0
BRDA:48,3,1,0
BRDA:53,4,0,0
BRDA:53,4,1,0
BRDA:53,5,0,0
BRDA:53,5,1,0
BRDA:61,6,0,0
BRDA:61,6,1,0
BRF:15
BRH:0
end_of_record
TN:
SF:src/sockets/init.socket.ts
FN:6,initSocket
FN:31,getIO
FNF:2
FNH:1
FNDA:0,initSocket
FNDA:2,getIO
DA:2,11
DA:4,11
DA:6,11
DA:7,0
DA:28,0
DA:31,11
DA:32,2
DA:33,2
DA:35,0
LF:9
LH:6
BRDA:17,0,0,0
BRDA:17,0,1,0
BRDA:32,1,0,2
BRDA:32,1,1,0
BRF:4
BRH:1
end_of_record
TN:
SF:src/sockets/notifications.socket.ts
FN:11,emitNotificationToUser
FN:36,emitNotificationRead
FN:53,emitAllNotificationsRead
FN:71,setupNotificationHandlers
FN:77,(anonymous_4)
FN:96,(anonymous_5)
FNF:6
FNH:2
FNDA:0,emitNotificationToUser
FNDA:1,emitNotificationRead
FNDA:1,emitAllNotificationsRead
FNDA:0,setupNotificationHandlers
FNDA:0,(anonymous_4)
FNDA:0,(anonymous_5)
DA:2,11
DA:3,11
DA:4,11
DA:6,11
DA:11,11
DA:12,0
DA:13,0
DA:15,0
DA:21,0
DA:23,0
DA:29,0
DA:36,11
DA:37,1
DA:38,1
DA:40,1
DA:44,1
DA:46,1
DA:53,11
DA:54,1
DA:55,1
DA:57,1
DA:59,1
DA:61,1
DA:71,11
DA:72,0
DA:74,0
DA:77,0
DA:78,0
DA:79,0
DA:84,0
DA:86,0
DA:91,0
DA:96,0
DA:97,0
DA:98,0
DA:104,0
DA:106,0
DA:110,0
LF:38
LH:18
BRF:0
BRH:0
end_of_record
TN:
SF:src/utils/email.ts
FN:16,(anonymous_1)
FN:41,(anonymous_2)
FN:48,(anonymous_3)
FN:77,(anonymous_4)
FNF:4
FNH:3
FNDA:11,(anonymous_1)
FNDA:2,(anonymous_2)
FNDA:2,(anonymous_3)
FNDA:0,(anonymous_4)
DA:1,11
DA:2,11
DA:3,11
DA:4,11
DA:8,11
DA:13,11
DA:16,11
DA:18,11
DA:19,11
DA:24,11
DA:26,0
DA:34,0
DA:42,2
DA:49,2
DA:50,2
DA:52,2
DA:61,2
DA:62,2
DA:63,2
DA:64,0
DA:66,0
DA:68,0
DA:69,0
DA:78,0
DA:79,0
DA:81,0
DA:90,0
DA:91,0
DA:92,0
DA:94,0
DA:96,0
DA:97,0
DA:98,0
DA:105,11
LF:34
LH:18
BRDA:16,0,0,11
BRDA:18,1,0,11
BRDA:18,1,1,0
BRDA:62,2,0,2
BRDA:62,2,1,0
BRDA:62,3,0,2
BRDA:62,3,1,0
BRDA:62,3,2,2
BRDA:68,4,0,0
BRDA:68,4,1,0
BRDA:91,5,0,0
BRDA:91,5,1,0
BRDA:91,6,0,0
BRDA:91,6,1,0
BRDA:91,6,2,0
BRDA:97,7,0,0
BRDA:97,7,1,0
BRF:17
BRH:5
end_of_record
TN:
SF:src/utils/hash.ts
FN:6,(anonymous_1)
FN:10,(anonymous_2)
FNF:2
FNH:2
FNDA:4,(anonymous_1)
FNDA:7,(anonymous_2)
DA:1,12
DA:2,12
DA:4,12
DA:6,12
DA:7,4
DA:10,12
DA:11,7
LF:7
LH:7
BRDA:4,0,0,12
BRDA:4,0,1,0
BRDA:4,1,0,12
BRDA:4,1,1,0
BRF:4
BRH:2
end_of_record
TN:
SF:src/utils/jwt.ts
FN:24,signJwt
FN:31,signRefreshToken
FN:39,verifyJwt
FN:48,decodeJwt
FN:56,generateAuthToken
FN:75,generateRefreshToken
FN:94,generateTokenPair
FN:110,refreshAccessToken
FNF:8
FNH:8
FNDA:114,signJwt
FNDA:110,signRefreshToken
FNDA:93,verifyJwt
FNDA:89,decodeJwt
FNDA:112,generateAuthToken
FNDA:110,generateRefreshToken
FNDA:110,generateTokenPair
FNDA:1,refreshAccessToken
DA:1,13
DA:2,13
DA:4,13
DA:6,13
DA:7,0
DA:24,13
DA:28,114
DA:31,13
DA:35,110
DA:36,110
DA:39,13
DA:40,93
DA:41,93
DA:42,91
DA:44,2
DA:48,13
DA:49,89
DA:50,89
DA:52,0
DA:56,13
DA:66,112
DA:72,112
DA:75,13
DA:85,110
DA:91,110
DA:94,13
DA:104,110
DA:110,13
DA:111,1
DA:112,1
DA:113,0
DA:118,1
DA:120,1
LF:33
LH:30
BRDA:6,0,0,0
BRDA:6,0,1,13
BRDA:26,1,0,114
BRDA:33,2,0,110
BRDA:112,3,0,0
BRDA:112,3,1,1
BRDA:112,4,0,1
BRDA:112,4,1,1
BRF:8
BRH:6
end_of_record
TN:
SF:src/utils/notification-emitter.ts
FN:12,createAndEmitNotification
FN:100,(anonymous_1)
FN:124,(anonymous_2)
FN:147,(anonymous_3)
FN:165,(anonymous_4)
FNF:5
FNH:1
FNDA:0,createAndEmitNotification
FNDA:0,(anonymous_1)
FNDA:1,(anonymous_2)
FNDA:0,(anonymous_3)
FNDA:0,(anonymous_4)
DA:1,11
DA:2,11
DA:3,11
DA:4,11
DA:5,11
DA:12,11
DA:19,0
DA:20,0
DA:23,0
DA:24,0
DA:27,0
DA:28,0
DA:31,0
DA:32,0
DA:34,0
DA:41,0
DA:49,0
DA:62,0
DA:63,0
DA:69,0
DA:71,0
DA:72,0
DA:74,0
DA:80,0
DA:86,0
DA:88,0
DA:89,0
DA:96,11
DA:101,0
DA:108,0
DA:125,1
DA:131,1
DA:148,0
DA:149,0
DA:166,0
DA:172,0
LF:36
LH:9
BRDA:19,0,0,0
BRDA:19,0,1,0
BRDA:19,1,0,0
BRDA:19,1,1,0
BRDA:23,2,0,0
BRDA:23,2,1,0
BRDA:23,3,0,0
BRDA:23,3,1,0
BRDA:27,4,0,0
BRDA:27,4,1,0
BRDA:27,5,0,0
BRDA:27,5,1,0
BRDA:45,6,0,0
BRDA:45,6,1,0
BRF:14
BRH:0
end_of_record
TN:
SF:src/utils/notification-worker.ts
FN:11,createAndEmitNotification
FNF:1
FNH:1
FNDA:1,createAndEmitNotification
DA:1,11
DA:2,11
DA:3,11
DA:4,11
DA:11,11
DA:17,1
DA:18,0
DA:20,1
DA:21,0
DA:23,1
DA:24,0
DA:27,1
DA:28,1
DA:34,1
DA:41,0
DA:53,0
DA:54,0
DA:56,0
DA:57,0
DA:58,0
DA:60,0
DA:64,0
LF:22
LH:11
BRDA:17,0,0,0
BRDA:17,0,1,1
BRDA:17,1,0,1
BRDA:17,1,1,1
BRDA:20,2,0,0
BRDA:20,2,1,1
BRDA:20,3,0,1
BRDA:20,3,1,1
BRDA:23,4,0,0
BRDA:23,4,1,1
BRDA:23,5,0,1
BRDA:23,5,1,1
BRDA:38,6,0,1
BRDA:38,6,1,0
BRF:14
BRH:10
end_of_record
TN:
SF:src/utils/pagination.ts
FN:14,extractPaginationQuery
FN:26,buildBaseUrl
FN:33,createPaginatedResponse
FN:54,(anonymous_3)
FN:60,(anonymous_4)
FN:87,calculatePagination
FNF:6
FNH:6
FNDA:16,extractPaginationQuery
FNDA:9,buildBaseUrl
FNDA:15,createPaginatedResponse
FNDA:48,(anonymous_3)
FNDA:159,(anonymous_4)
FNDA:8,calculatePagination
DA:14,11
DA:15,16
DA:26,11
DA:27,9
DA:33,11
DA:41,15
DA:44,15
DA:54,15
DA:55,48
DA:56,48
DA:57,48
DA:60,48
DA:61,159
DA:62,133
DA:66,48
DA:69,15
DA:77,15
DA:87,11
DA:92,8
DA:93,8
DA:94,8
DA:96,8
LF:22
LH:22
BRDA:16,0,0,7
BRDA:16,0,1,9
BRDA:17,1,0,7
BRDA:17,1,1,9
BRDA:19,2,0,16
BRDA:19,2,1,14
BRDA:39,3,0,1
BRDA:61,4,0,133
BRDA:61,4,1,26
BRDA:61,5,0,159
BRDA:61,5,1,159
BRDA:72,6,0,2
BRDA:72,6,1,13
BRDA:73,7,0,1
BRDA:73,7,1,14
BRDA:92,8,0,8
BRDA:92,8,1,0
BRDA:93,9,0,8
BRDA:93,9,1,0
BRF:19
BRH:17
end_of_record
TN:
SF:src/utils/seeder.ts
FN:167,(anonymous_1)
FN:172,(anonymous_2)
FN:200,(anonymous_3)
FN:224,(anonymous_4)
FN:246,(anonymous_5)
FN:292,(anonymous_6)
FN:295,(anonymous_7)
FN:326,(anonymous_8)
FN:364,(anonymous_9)
FN:403,(anonymous_10)
FN:426,(anonymous_11)
FN:454,(anonymous_12)
FN:503,(anonymous_13)
FN:531,(anonymous_14)
FN:560,seedUsers
FNF:15
FNH:0
FNDA:0,(anonymous_1)
FNDA:0,(anonymous_2)
FNDA:0,(anonymous_3)
FNDA:0,(anonymous_4)
FNDA:0,(anonymous_5)
FNDA:0,(anonymous_6)
FNDA:0,(anonymous_7)
FNDA:0,(anonymous_8)
FNDA:0,(anonymous_9)
FNDA:0,(anonymous_10)
FNDA:0,(anonymous_11)
FNDA:0,(anonymous_12)
FNDA:0,(anonymous_13)
FNDA:0,(anonymous_14)
FNDA:0,seedUsers
DA:1,0
DA:2,0
DA:3,0
DA:33,0
DA:86,0
DA:110,0
DA:164,0
DA:165,0
DA:168,0
DA:169,0
DA:175,0
DA:176,0
DA:179,0
DA:182,0
DA:185,0
DA:187,0
DA:188,0
DA:190,0
DA:195,0
DA:196,0
DA:201,0
DA:203,0
DA:204,0
DA:205,0
DA:211,0
DA:215,0
DA:217,0
DA:221,0
DA:225,0
DA:226,0
DA:227,0
DA:230,0
DA:231,0
DA:232,0
DA:236,0
DA:237,0
DA:239,0
DA:242,0
DA:243,0
DA:247,0
DA:248,0
DA:249,0
DA:251,0
DA:253,0
DA:255,0
DA:262,0
DA:280,0
DA:282,0
DA:291,0
DA:292,0
DA:296,0
DA:298,0
DA:299,0
DA:300,0
DA:302,0
DA:303,0
DA:304,0
DA:309,0
DA:310,0
DA:311,0
DA:312,0
DA:316,0
DA:317,0
DA:322,0
DA:327,0
DA:329,0
DA:330,0
DA:331,0
DA:333,0
DA:334,0
DA:339,0
DA:350,0
DA:353,0
DA:354,0
DA:360,0
DA:365,0
DA:366,0
DA:371,0
DA:374,0
DA:375,0
DA:377,0
DA:404,0
DA:406,0
DA:407,0
DA:408,0
DA:409,0
DA:412,0
DA:415,0
DA:418,0
DA:421,0
DA:423,0
DA:427,0
DA:429,0
DA:430,0
DA:431,0
DA:433,0
DA:434,0
DA:435,0
DA:437,0
DA:438,0
DA:439,0
DA:440,0
DA:444,0
DA:445,0
DA:450,0
DA:455,0
DA:457,0
DA:458,0
DA:459,0
DA:460,0
DA:461,0
DA:462,0
DA:464,0
DA:465,0
DA:466,0
DA:468,0
DA:470,0
DA:471,0
DA:472,0
DA:473,0
DA:476,0
DA:477,0
DA:478,0
DA:483,0
DA:484,0
DA:489,0
DA:493,0
DA:494,0
DA:499,0
DA:504,0
DA:506,0
DA:507,0
DA:508,0
DA:510,0
DA:511,0
DA:512,0
DA:514,0
DA:515,0
DA:516,0
DA:517,0
DA:521,0
DA:522,0
DA:527,0
DA:532,0
DA:534,0
DA:535,0
DA:536,0
DA:538,0
DA:539,0
DA:540,0
DA:542,0
DA:543,0
DA:544,0
DA:545,0
DA:549,0
DA:550,0
DA:554,0
DA:560,0
DA:563,0
DA:564,0
LF:160
LH:0
BRDA:173,0,0,0
BRDA:311,1,0,0
BRDA:311,1,1,0
BRDA:316,2,0,0
BRDA:316,2,1,0
BRDA:353,3,0,0
BRDA:353,3,1,0
BRDA:437,4,0,0
BRDA:437,4,1,0
BRDA:444,5,0,0
BRDA:444,5,1,0
BRDA:468,6,0,0
BRDA:468,6,1,0
BRDA:483,7,0,0
BRDA:483,7,1,0
BRDA:493,8,0,0
BRDA:493,8,1,0
BRDA:514,9,0,0
BRDA:514,9,1,0
BRDA:521,10,0,0
BRDA:521,10,1,0
BRDA:542,11,0,0
BRDA:542,11,1,0
BRDA:549,12,0,0
BRDA:549,12,1,0
BRDA:561,13,0,0
BRF:26
BRH:0
end_of_record
TN:
SF:src/utils/user-validation.ts
FN:62,validateModifiableFields
FN:98,validateRequiredFields
FN:128,validateFieldValues
FN:213,validatePutRequest
FN:249,validatePatchRequest
FNF:5
FNH:5
FNDA:12,validateModifiableFields
FNDA:5,validateRequiredFields
FNDA:10,validateFieldValues
FNDA:5,validatePutRequest
FNDA:7,validatePatchRequest
DA:5,11
DA:21,11
DA:29,11
DA:39,11
DA:62,11
DA:67,12
DA:68,12
DA:70,12
DA:71,51
DA:72,51
DA:73,51
DA:75,51
DA:76,0
DA:77,0
DA:78,0
DA:80,0
DA:82,51
DA:83,0
DA:84,0
DA:88,12
DA:98,11
DA:103,5
DA:104,5
DA:106,5
DA:107,30
DA:113,7
DA:114,7
DA:118,5
DA:128,11
DA:132,10
DA:135,10
DA:136,1
DA:140,10
DA:144,1
DA:148,10
DA:149,2
DA:150,2
DA:151,2
DA:152,2
DA:154,2
DA:155,0
DA:156,2
DA:157,0
DA:162,10
DA:163,0
DA:167,10
DA:168,5
DA:175,1
DA:177,4
DA:178,4
DA:179,0
DA:181,4
DA:182,0
DA:188,10
DA:189,0
DA:192,10
DA:193,0
DA:196,10
DA:197,0
DA:200,10
DA:201,0
DA:204,10
DA:213,11
DA:218,5
DA:219,5
DA:221,5
DA:222,2
DA:230,3
DA:231,3
DA:232,36
DA:233,31
DA:237,3
DA:239,3
DA:249,11
DA:254,7
DA:256,7
DA:257,0
DA:265,7
DA:266,7
DA:267,84
DA:268,10
DA:272,7
DA:274,7
LF:83
LH:67
BRDA:75,0,0,0
BRDA:75,0,1,51
BRDA:75,1,0,51
BRDA:75,1,1,51
BRDA:77,2,0,0
BRDA:77,2,1,0
BRDA:82,3,0,0
BRDA:82,3,1,51
BRDA:107,4,0,7
BRDA:107,4,1,23
BRDA:108,5,0,30
BRDA:108,5,1,25
BRDA:108,5,2,25
BRDA:108,5,3,25
BRDA:135,6,0,1
BRDA:135,6,1,9
BRDA:135,7,0,10
BRDA:135,7,1,4
BRDA:140,8,0,1
BRDA:140,8,1,9
BRDA:141,9,0,10
BRDA:141,9,1,6
BRDA:148,10,0,2
BRDA:148,10,1,8
BRDA:154,11,0,0
BRDA:154,11,1,2
BRDA:156,12,0,0
BRDA:156,12,1,2
BRDA:156,13,0,2
BRDA:156,13,1,2
BRDA:156,13,2,0
BRDA:162,14,0,0
BRDA:162,14,1,10
BRDA:162,15,0,10
BRDA:162,15,1,2
BRDA:162,15,2,2
BRDA:167,16,0,5
BRDA:167,16,1,5
BRDA:168,17,0,1
BRDA:168,17,1,4
BRDA:169,18,0,5
BRDA:169,18,1,5
BRDA:169,18,2,4
BRDA:169,18,3,4
BRDA:169,18,4,4
BRDA:178,19,0,0
BRDA:178,19,1,4
BRDA:178,20,0,4
BRDA:178,20,1,4
BRDA:181,21,0,0
BRDA:181,21,1,4
BRDA:181,22,0,4
BRDA:181,22,1,4
BRDA:188,23,0,0
BRDA:188,23,1,10
BRDA:188,24,0,10
BRDA:188,24,1,0
BRDA:188,24,2,0
BRDA:192,25,0,0
BRDA:192,25,1,10
BRDA:192,26,0,10
BRDA:192,26,1,5
BRDA:192,26,2,5
BRDA:196,27,0,0
BRDA:196,27,1,10
BRDA:196,28,0,10
BRDA:196,28,1,3
BRDA:196,28,2,3
BRDA:200,29,0,0
BRDA:200,29,1,10
BRDA:200,30,0,10
BRDA:200,30,1,5
BRDA:221,31,0,2
BRDA:221,31,1,3
BRDA:221,32,0,5
BRDA:221,32,1,5
BRDA:232,33,0,31
BRDA:232,33,1,5
BRDA:242,34,0,2
BRDA:242,34,1,1
BRDA:256,35,0,0
BRDA:256,35,1,7
BRDA:267,36,0,10
BRDA:267,36,1,74
BRDA:277,37,0,6
BRDA:277,37,1,1
BRF:86
BRH:69
end_of_record
TN:
SF:src/utils/validation.ts
FN:5,(anonymous_0)
FN:19,(anonymous_1)
FN:25,(anonymous_2)
FNF:3
FNH:3
FNDA:24,(anonymous_0)
FNDA:25,(anonymous_1)
FNDA:23,(anonymous_2)
DA:4,13
DA:9,24
DA:12,24
DA:13,1
DA:16,23
DA:21,25
DA:22,25
DA:27,23
DA:28,23
LF:9
LH:9
BRDA:12,0,0,1
BRDA:12,0,1,23
BRF:2
BRH:2
end_of_record
